Development Component Build (2017-11-06 17:11:50 GMT+01:00 (CET))
  Component name: p_sfdc/bl/caf/ear
  Component vendor: nobelbiocare.com
  SC compartment: SC_SFDC
  Configuration: LocalDevelopment
  Location: localDevelopment
  Source code location: pedro.jimenez@MADNB2016
  DC root folder: D:\Users\pedro.jimenez\Desktop\Nobel\nwds-extsoa-7.3-EHP1-SP17-PAT0000-win32\eclipse\workspace.jdi\LocalDevelopment\SC_SFDC\nobelbiocare.com\p_sfdc\bl\caf\ear\_comp\
  DC type: J2EE
  DC subtype: Enterprise Application
  Host: MADNB2016

DC Model check:
   DC is available locally
   validating dependency to build plugin "sap.com/tc/bi/bp/enterpriseApplication"
   validating dependency to  public part "client" of DC "nobelbiocare.com/p_sfdc/bl/caf/ejbmodule"
   validating dependency to  public part "ejbjar" of DC "nobelbiocare.com/p_sfdc/bl/caf/ejbmodule"
   validating dependency to  public part "gen_client" of DC "nobelbiocare.com/p_sfdc/bl/caf/ejbmodule"
   validating dependency to  public part "persistence" of DC "nobelbiocare.com/p_sfdc/bl/caf/ejbmodule"
   validating dependency to  public part "assembly" of DC "nobelbiocare.com/p_sfdc/bl/caf/metadata"
   validating dependency to used DC "nobelbiocare.com/p_sfdc/infra/sgc"
   validating dependency to  public part "mc" of DC "nobelbiocare.com/p_sfdc/infra/sgc"
   validating dependency to  public part "def" of DC "sap.com/bie/sca/contributionxml/gen"
   validating dependency to used DC "sap.com/caf/core/ear"
   validating dependency to  public part "persistence" of DC "sap.com/caf/core/ear"
   validating dependency to used DC "sap.com/caf/runtime/ear"
   validating dependency to used DC "sap.com/engine.jee5.facade"
   validating dependency to used DC "sap.com/tc/bl/exception/lib"
   validating dependency to used DC "sap.com/tc/bl/jra/api"
   validating dependency to used DC "sap.com/tc/bl/logging/api"
   validating dependency to used DC "sap.com/tc/je/usermanagement/api"
   validating dependency to used DC "sap.com/tc/je/webservices/api"
   validating entity reference from public part "client" to public part "client" of DC "nobelbiocare.com/p_sfdc/bl/caf/ejbmodule"
   validating entity reference from public part "gen_client" to public part "gen_client" of DC "nobelbiocare.com/p_sfdc/bl/caf/ejbmodule"
   validating entity reference from public part "persistence" to public part "persistence" of DC "nobelbiocare.com/p_sfdc/bl/caf/ejbmodule"
   DC model check OK

Start build plugin:
   using build plugin: sap.com/tc/bi/bp/enterpriseApplication
   starting build plugin from : D:\Users\pedro.jimenez\Desktop\Nobel\nwds-extsoa-7.3-EHP1-SP17-PAT0000-win32\eclipse\workspace.jdi\LocalDevelopment\SAP_BUILDT\sap.com\tc\bi\bp\enterpriseApplication\_comp\gen\default\public\enterpriseApplication\



Build Plugin 'EnterpriseApplicationPlugin', Version 7.30 SP 17 (NW731CORE_17_REL, built on 2015-09-16 20:50:02 +0200, CL209430)
   development component:  p_sfdc/bl/caf/ear (nobelbiocare.com)
      software component:  SC_SFDC (nobelbiocare.com)
       support component:  Default
                location:  localDevelopment
                    type:  J2EE, subtype Enterprise Application
           build variant:  default
         source location:  pedro.jimenez@MADNB2016
         output location:  D:\Users\pedro.jimenez\Desktop\Nobel\nwds-extsoa-7.3-EHP1-SP17-PAT0000-win32\eclipse\workspace.jdi\LocalDevelopment\t2\C3717CE9537D06E7280C33307FA00486\default
       generation folder:  D:\Users\pedro.jimenez\Desktop\Nobel\nwds-extsoa-7.3-EHP1-SP17-PAT0000-win32\eclipse\workspace.jdi\LocalDevelopment\t\C3717CE9537D06E7280C33307FA00486
       plugin start time:  2017-11-06 17:11:50 GMT+01:00 (CET)
                 Java VM:  Java HotSpot(TM) Client VM, 20.45-b01 (1.6, Sun Microsystems Inc.)


General options:
  convert *.xlf to *.properties: yes
  include sources for debugging: yes
 


Checking path lengths for sources
Path length checks finished in 0 seconds
 
Preparing data context..
Data context preparation finished in 0.012 seconds
 
Creating Ant build file..
  Creating output file: D:\Users\pedro.jimenez\Desktop\Nobel\nwds-extsoa-7.3-EHP1-SP17-PAT0000-win32\eclipse\workspace.jdi\LocalDevelopment\t2\C3717CE9537D06E7280C33307FA00486\default\logs\build.xml
  Using Java class:     com.sap.tc.buildplugin.BuildEnterpriseApplication
Target "createPublicParts" has a dependency on "compile" but no such target exists. Dependency will be ignored.
Target "createDeployArchive" has a dependency on "compile" but no such target exists. Dependency will be ignored.
Build file creation finished in 0.056 seconds
 
Starting Ant..
  Using build file:     D:\Users\pedro.jimenez\Desktop\Nobel\nwds-extsoa-7.3-EHP1-SP17-PAT0000-win32\eclipse\workspace.jdi\LocalDevelopment\t2\C3717CE9537D06E7280C33307FA00486\default\logs\build.xml
  Using build target:   build
  Using Ant version:    1.7.1
 
sca_contrib_target:
      [echo] Starting sca-contribution.xml generator...
[gen_contribution_xml] 			[SCA-CONTRIB-GEN] Sca contribution XML output location: D:\Users\pedro.jimenez\Desktop\Nobel\nwds-extsoa-7.3-EHP1-SP17-PAT0000-win32\eclipse\workspace.jdi\LocalDevelopment\t\C3717CE9537D06E7280C33307FA00486\META-INF\sca-contribution.xml
     [timer] Starting sca-contribution.xml generator finished in 0.079 seconds
 
 
createPublicParts:
  [pppacker] Packing public part 'client'
  [pppacker] Packing entity reference p_sfdc/bl/caf/ejbmodule (nobelbiocare.com), client: 
  [pppacker] Packed 1 entity reference for public part 'client'
     [timer] Packing of public part 'client' finished in 0.045 seconds
 
  [pppacker] Packing public part 'gen_client'
  [pppacker] Packing entity reference p_sfdc/bl/caf/ejbmodule (nobelbiocare.com), gen_client: 
  [pppacker] Packed 1 entity reference for public part 'gen_client'
     [timer] Packing of public part 'gen_client' finished in 0.112 seconds
 
  [pppacker] Packing public part 'persistence'
  [pppacker] Packing entity reference p_sfdc/bl/caf/ejbmodule (nobelbiocare.com), persistence: 
  [pppacker] Packed 1 entity reference for public part 'persistence'
     [timer] Packing of public part 'persistence' finished in 0.028 seconds
 
 
createDeployArchive:
       [cdu] Preparing archive for deploy unit "default"
       [cdu]   deployment type: "J2EE"
 
       [cdu] Creating Ant build file: D:\Users\pedro.jimenez\Desktop\Nobel\nwds-extsoa-7.3-EHP1-SP17-PAT0000-win32\eclipse\workspace.jdi\LocalDevelopment\t2\C3717CE9537D06E7280C33307FA00486\default\logs\buildDeployArchive.xml
 
       [cdu] Creating descriptor META-INF/sda-dd.xml ...
 
       [cdu] Skipping creation of application.xml for JEE5 archive.
 
       [cdu] Validating descriptor D:\Users\pedro.jimenez\Desktop\Nobel\nwds-extsoa-7.3-EHP1-SP17-PAT0000-win32\eclipse\workspace.jdi\LocalDevelopment\SC_SFDC\nobelbiocare.com\p_sfdc\bl\caf\ear\_comp\META-INF\application-j2ee-engine.xml
       [cdu] Setting provider name to "nobelbiocare.com".
       [cdu] No component dependency exists for reference to "tc~esi~esp~wsrm~app" (sap.com).
       [cdu] Adding reference for runtime dependency on component "p_sfdc/infra/sgc" (vendor "nobelbiocare.com", type "application")
       [cdu] Adding reference for runtime dependency on component "caf/core/ear" (vendor "sap.com", type "application")
       [cdu] Adding reference for runtime dependency on component "caf/runtime/ear" (vendor "sap.com", type "application")
       [cdu] Adding reference for runtime dependency on component "engine.jee5.facade" (vendor "sap.com", type "library")
       [cdu] Adding reference for runtime dependency on component "tc/bl/exception/lib" (vendor "sap.com", type "library")
       [cdu] Adding reference for runtime dependency on component "tc/bl/jra/api" (vendor "sap.com", type "application")
       [cdu] Adding reference for runtime dependency on component "tc/bl/logging/api" (vendor "sap.com", type "library")
       [cdu] Adding reference for runtime dependency on component "tc/je/usermanagement/api" (vendor "sap.com", type "library")
       [cdu] Adding reference for runtime dependency on component "tc/je/webservices/api" (vendor "sap.com", type "service")
 
       [cdu] Collecting modules ...
       [cdu] Adding module 'nobelbiocare.com~p_sfdc~bl~caf~ejbmodule~ejbjar.jar' from DC 'p_sfdc/bl/caf/ejbmodule' (vendor 'nobelbiocare.com'), public part 'ejbjar'
       [cdu] Adding module 'sap.com~caf~core~ear~persistence.jar' from DC 'caf/core/ear' (vendor 'sap.com'), public part 'persistence'
       [cdu] Adding module 'nobelbiocare.com~p_sfdc~bl~caf~metadata~assembly.jar' from DC 'p_sfdc/bl/caf/metadata' (vendor 'nobelbiocare.com'), public part 'assembly'
       [cdu] Assembled component "caf/core/ear" (sap.com) has deploy-time dependency on "caf/runtime/base/lib" (sap.com), but the current component neither assembles nor references that component.
       [cdu] Assembled component "caf/core/ear" (sap.com) has runtime dependency on "caf/runtime/base/lib" (sap.com), but the current component neither assembles nor references that component.
       [cdu] Assembled component "p_sfdc/bl/caf/metadata" (nobelbiocare.com) has deploy-time dependency on "caf/core/metadata" (sap.com), but the current component neither assembles nor references that component.
       [cdu] Assembled component "p_sfdc/bl/caf/metadata" (nobelbiocare.com) has runtime dependency on "caf/core/metadata" (sap.com), but the current component neither assembles nor references that component.
       [cdu] Missing deploy-time dependency for hard runtime reference to "tc~esi~esp~wsrm~app" (vendor "sap.com").
       [cdu] Ant build file creation finished in 0.049 seconds
 
packDeployArchive:
      [copy] Copying 3 files to D:\Users\pedro.jimenez\Desktop\Nobel\nwds-extsoa-7.3-EHP1-SP17-PAT0000-win32\eclipse\workspace.jdi\LocalDevelopment\t\C3717CE9537D06E7280C33307FA00486\sda\META-INF
 [srcpacker] Creating source archive
 [srcpacker] Adding source archive from sap.com~caf/core/ear
     [timer] Source archive creation finished in 0.02 seconds
 
    [jarsap] Info: JarSAP version 20090803.1000
    [jarsap] Info: JarSAPProcessing version 20090907.1000 / JarSL version 20100616.1800
    [jarsap] Building: D:\Users\pedro.jimenez\Desktop\Nobel\nwds-extsoa-7.3-EHP1-SP17-PAT0000-win32\eclipse\workspace.jdi\LocalDevelopment\t2\C3717CE9537D06E7280C33307FA00486\default\deploy\nobelbiocare.com~p_sfdc~bl~caf~ear.ear with compression
     [timer] JarSAP finished in 0.022 seconds
 
 
build:
 
Ant runtime 0.477 seconds
 
Ant build finished OK
 
Build plugin finished at 2017-11-06 17:11:51 GMT+01:00 (CET)
Total build plugin runtime: 0.747 seconds
 
Build finished with WARNING

==== Post-Processing ====   started at 2017-11-06 17:11:51.488 CET
Comparison of previous and actual build results took: 0.023 seconds

Copy the build results 
  from: D:\Users\pedro.jimenez\Desktop\Nobel\nwds-extsoa-7.3-EHP1-SP17-PAT0000-win32\eclipse\workspace.jdi\LocalDevelopment\t2\C3717CE9537D06E7280C33307FA00486\default\
  to:   D:\Users\pedro.jimenez\Desktop\Nobel\nwds-extsoa-7.3-EHP1-SP17-PAT0000-win32\eclipse\workspace.jdi\LocalDevelopment\SC_SFDC\nobelbiocare.com\p_sfdc\bl\caf\ear\_comp\gen\default\

The build results of the following public parts were not copied, since they have not changed:
  client
  persistence
  gen_client