Development Component Build (2017-11-16 16:27:37 GMT+01:00 (CET))
  Component name: p_teac/pr/pm/speakers
  Component vendor: nobelbiocare.com
  SC compartment: SC_TEAC
  Configuration: LocalDevelopment
  Location: localDevelopment
  Source code location: 3508452@MAD-LROMERODA
  DC root folder: C:\NWDS74_SP17(for 12)\eclipse\workspace__TEST.jdi\LocalDevelopment\SC_TEAC\nobelbiocare.com\p_teac\pr\pm\speakers\_comp\
  DC type: Process Composer
  Host: MAD-LROMERODA

DC Model check:
   DC is available locally
   validating dependency to build plugin "sap.com/tc/bpem/bi/bp/buildtool"
   validating dependency to used DC "sap.com/bie/sca/scdl/contributors/glx"
   validating dependency to  public part "def" of DC "sap.com/bie/sca/scdl/contributors/glx"
   validating dependency to used DC "sap.com/bie/sca/scdl/contributors/mc"
   validating dependency to  public part "def" of DC "sap.com/bie/sca/scdl/contributors/mc"
   validating dependency to  public part "def" of DC "sap.com/bie/sca/scdl/contributors/xi"
   validating dependency to used DC "sap.com/bie/sca/scdl/gen"
   validating dependency to  public part "def" of DC "sap.com/bie/sca/scdl/gen"
   validating dependency to used DC "sap.com/bie/sca/scdl/gen/mc"
   validating dependency to  public part "def" of DC "sap.com/bie/sca/scdl/gen/mc"
   validating dependency to used DC "sap.com/bie/sca/scdl/gen/xlf2prop"
   validating dependency to  public part "def" of DC "sap.com/bie/sca/scdl/gen/xlf2prop"
   validating dependency to  public part "MM_Inf" of DC "sap.com/ide/es/config/mc/model/bi"
   validating dependency to used DC "sap.com/tc/bpem/content/predefs/default"
   validating dependency to  public part "def_cmp" of DC "sap.com/tc/bpem/content/predefs/default"
   validating dependency to used DC "sap.com/tc/bpem/content/predefs/types"
   validating dependency to  public part "def_cmp" of DC "sap.com/tc/bpem/content/predefs/types"
   validating dependency to  public part "MM_Inf" of DC "sap.com/tc/moin/bi/model/textverticalization"
   validating dependency to  public part "def" of DC "sap.com/tc/moin/bi/moinext"
   validating dependency to  public part "libinf" of DC "sap.com/tc/moin/bi/moinlibs"
   DC model check OK

Start build plugin:
   using build plugin: sap.com/tc/bpem/bi/bp/buildtool
   starting build plugin from : C:\NWDS74_SP17(for 12)\eclipse\workspace__TEST.jdi\LocalDevelopment\BPEM-BUILDT\sap.com\tc\bpem\bi\bp\buildtool\_comp\gen\default\public\def\



Build Plugin 'sap.com/tc/bpem/bi/bp/buildtool', Version 7.30 SP 17 (NW731CORE_17_REL, built on 2015-09-16 20:53:16 +0200, CL209430)
   development component:  p_teac/pr/pm/speakers (nobelbiocare.com)
      software component:  SC_TEAC (nobelbiocare.com)
       support component:  Default
                location:  localDevelopment
                    type:  Process Composer
           build variant:  default
         source location:  3508452@MAD-LROMERODA
         output location:  C:\NWDS74_SP17(for 12)\eclipse\workspace__TEST.jdi\LocalDevelopment\t2\AED0F83D0A07F1D1AD7E5BA9089332FE\default
       generation folder:  C:\NWDS74_SP17(for 12)\eclipse\workspace__TEST.jdi\LocalDevelopment\t\AED0F83D0A07F1D1AD7E5BA9089332FE
       plugin start time:  2017-11-16 16:27:37 GMT+01:00 (CET)
                 Java VM:  Java HotSpot(TM) Client VM, 20.13-b02 (1.6, Sun Microsystems Inc.)


General options:
  convert *.xlf to *.properties: yes
  include sources for debugging: yes
 


Checking path lengths for sources
This component contains long pathnames, this may lead to build errors or unexpected results. (For example: C:\NWDS74_SP17(for 12)\eclipse\workspace__TEST.jdi\LocalDevelopment\SC_TEAC\nobelbiocare.com\p_teac\pr\pm\speakers\_comp\mc\com\sap\netweaver\developerstudio\cc\LocalDevelopment~p_teac~pr~pm~speakers~nobelbiocare\com\Business or Technical User.authprofile )
Path length checks finished in 0.002 seconds
 
Preparing data context..
Data context preparation finished in 0.016 seconds
 
Creating Ant build file..
  Creating output file: C:\NWDS74_SP17(for 12)\eclipse\workspace__TEST.jdi\LocalDevelopment\t2\AED0F83D0A07F1D1AD7E5BA9089332FE\default\logs\build.xml
  Using Java class:     com.sap.tc.glx.BuildFileCreator
Mapped output path "default" of generator "sap.com~bpem_chain/moininit" is not defined.
MoinInit generator started.
MOIN archive DC referenced: sap.com/tc/bpem/content/predefs/default
MOIN archive found: C:\NWDS74_SP17(for 12)\eclipse\workspace__TEST.jdi\LocalDevelopment\BPEM-CONTENT\sap.com\tc\bpem\content\predefs\default\_comp\gen\default\public\def_cmp\lib\moin\sap.com~tc~bpem~content~predefs~default~def_cmp.zip
MOIN archive DC referenced: sap.com/tc/bpem/content/predefs/types
MOIN archive found: C:\NWDS74_SP17(for 12)\eclipse\workspace__TEST.jdi\LocalDevelopment\SERVICE-COMP\sap.com\tc\bpem\content\predefs\types\_comp\gen\default\public\def_cmp\lib\moin\sap.com~tc~bpem~content~predefs~types~def_cmp.zip
Metamodels found.
MoinInit generator started.
MOIN archive DC referenced: sap.com/tc/bpem/content/predefs/default
MOIN archive found: C:\NWDS74_SP17(for 12)\eclipse\workspace__TEST.jdi\LocalDevelopment\BPEM-CONTENT\sap.com\tc\bpem\content\predefs\default\_comp\gen\default\public\def_cmp\lib\moin\sap.com~tc~bpem~content~predefs~default~def_cmp.zip
MOIN archive DC referenced: sap.com/tc/bpem/content/predefs/types
MOIN archive found: C:\NWDS74_SP17(for 12)\eclipse\workspace__TEST.jdi\LocalDevelopment\SERVICE-COMP\sap.com\tc\bpem\content\predefs\types\_comp\gen\default\public\def_cmp\lib\moin\sap.com~tc~bpem~content~predefs~types~def_cmp.zip
Metamodels found.
Output folder found.
Target "Xlf2PropBase" has a dependency on "compile" but no such target exists. Dependency will be ignored.
Target "ScdlBase" has a dependency on "compile" but no such target exists. Dependency will be ignored.
Build file creation finished in 0.107 seconds
 
Starting Ant..
  Using build file:     C:\NWDS74_SP17(for 12)\eclipse\workspace__TEST.jdi\LocalDevelopment\t2\AED0F83D0A07F1D1AD7E5BA9089332FE\default\logs\build.xml
  Using build target:   build
  Using Ant version:    1.7.1
 
ScdlBase:
  [MOINInit] Meta models found.
  [MOINInit] Referenced meta-model: C:\NWDS74_SP17(for 12)\eclipse\workspace__TEST.jdi\LocalDevelopment\ESCONF_BUILDT\sap.com\ide\es\config\mc\model\bi\_comp\gen\default\public\MM_Inf\lib\moin\sap.com~ide~es~config~mc~model_xmi.zip
  [MOINInit] Referenced meta-model: C:\NWDS74_SP17(for 12)\eclipse\workspace__TEST.jdi\LocalDevelopment\ESMP_BUILDT\sap.com\tc\bpem\bi\model\flow\_comp\gen\default\public\MM_Inf\lib\moin\glx~ide_xmi.jar
  [MOINInit] Referenced meta-model: C:\NWDS74_SP17(for 12)\eclipse\workspace__TEST.jdi\LocalDevelopment\BPEM-BUILDT\sap.com\tc\bpem\bi\model\triggernet\_comp\gen\default\public\MM_Inf\lib\moin\glx~tnet_xmi.jar
  [MOINInit] Referenced meta-model: C:\NWDS74_SP17(for 12)\eclipse\workspace__TEST.jdi\LocalDevelopment\ESMP_BUILDT\sap.com\tc\esmp\bi\model\wsdl20\_comp\gen\default\public\MM_Inf\lib\moin\sap.com~tc~esmp~model~wsdl20_xmi.zip
  [MOINInit] Referenced meta-model: C:\NWDS74_SP17(for 12)\eclipse\workspace__TEST.jdi\LocalDevelopment\ESMP_BUILDT\sap.com\tc\esmp\bi\model\xsd1\_comp\gen\default\public\MM_Inf\lib\moin\sap.com~tc~esmp~model~xsd1_xmi.zip
  [MOINInit] Referenced meta-model: C:\NWDS74_SP17(for 12)\eclipse\workspace__TEST.jdi\LocalDevelopment\MOIN_BUILDT\sap.com\tc\mie\bi\model\gfw\_comp\gen\default\public\MM_Inf\lib\moin\sap.com~com~sap~mi~gfw~mm~def_assmbl.zip
  [MOINInit] Referenced meta-model: C:\NWDS74_SP17(for 12)\eclipse\workspace__TEST.jdi\LocalDevelopment\MOIN_BUILDT\sap.com\tc\moin\bi\model\textverticalization\_comp\gen\default\public\MM_Inf\lib\moin\sap.com~tc~moin~model~textverticalization_xmi.zip
  [MOINInit] Referenced meta-model: C:\NWDS74_SP17(for 12)\eclipse\workspace__TEST.jdi\LocalDevelopment\MOIN_BUILDT\sap.com\tc\moin\bi\model\util\_comp\gen\default\public\MM_Inf\lib\moin\sap.com~tc~moin~model~util_xmi.zip
  [MOINInit] DataArea name: DefaultDataArea
  [MOINInit] Moin initialized in 929 milliseconds.
      [echo] Registering folder: gensrc/extcfg for path: C:\NWDS74_SP17(for 12)\eclipse\workspace__TEST.jdi\LocalDevelopment\t\AED0F83D0A07F1D1AD7E5BA9089332FE\gensrc\extcfg/
      [echo] Starting Extension Configuration generator...
  [gen_scdl] 		[SCDL_GEN] Initializing Scdl Generation...
  [gen_scdl] 		[SCDL_GEN] Initialization successfully completed.
  [gen_scdl] 		[SCDL_GEN] Starting retrieval of information from contributors...
  [gen_scdl] 		[SCDL_GEN] Information retrieval from contributors successfully completed!
  [gen_scdl] 		[SCDL_GEN] Starting composite export to SCDL...
  [gen_scdl] 			[SCDL-EXPORT] Scdl file output location: C:\NWDS74_SP17(for 12)\eclipse\workspace__TEST.jdi\LocalDevelopment\t\AED0F83D0A07F1D1AD7E5BA9089332FE/scdl_output\META-INF\p_teac~pr~pm~speakers.composite
  [gen_scdl] 			[SCDL-EXPORT] sca contribution XML output location: C:\NWDS74_SP17(for 12)\eclipse\workspace__TEST.jdi\LocalDevelopment\t\AED0F83D0A07F1D1AD7E5BA9089332FE/scdl_output\META-INF\sca-contribution.xml
  [gen_scdl] 		[SCDL_GEN] Conversion successfully completed!
     [timer] Extension Configuration generator finished in 0.329 seconds
 
[MOINShutdown] About to shutdown MOIN...
[MOINShutdown] MOIN shut down in 60 milliseconds.
 
Xlf2PropBase:
      [echo] Start XLF conversion
  [xlf2prop] Found 8 XLF files to convert in folder "mc"
     [timer] XLF conversion finished in 0.088 seconds
 
      [copy] Copying 8 files to C:\NWDS74_SP17(for 12)\eclipse\workspace__TEST.jdi\LocalDevelopment\t\AED0F83D0A07F1D1AD7E5BA9089332FE\xlf_out
 
Bpem:
  [MOINInit] Meta models found.
  [MOINInit] Referenced meta-model: C:\NWDS74_SP17(for 12)\eclipse\workspace__TEST.jdi\LocalDevelopment\ESCONF_BUILDT\sap.com\ide\es\config\mc\model\bi\_comp\gen\default\public\MM_Inf\lib\moin\sap.com~ide~es~config~mc~model_xmi.zip
  [MOINInit] Referenced meta-model: C:\NWDS74_SP17(for 12)\eclipse\workspace__TEST.jdi\LocalDevelopment\ESMP_BUILDT\sap.com\tc\bpem\bi\model\flow\_comp\gen\default\public\MM_Inf\lib\moin\glx~ide_xmi.jar
  [MOINInit] Referenced meta-model: C:\NWDS74_SP17(for 12)\eclipse\workspace__TEST.jdi\LocalDevelopment\BPEM-BUILDT\sap.com\tc\bpem\bi\model\triggernet\_comp\gen\default\public\MM_Inf\lib\moin\glx~tnet_xmi.jar
  [MOINInit] Referenced meta-model: C:\NWDS74_SP17(for 12)\eclipse\workspace__TEST.jdi\LocalDevelopment\ESMP_BUILDT\sap.com\tc\esmp\bi\model\wsdl20\_comp\gen\default\public\MM_Inf\lib\moin\sap.com~tc~esmp~model~wsdl20_xmi.zip
  [MOINInit] Referenced meta-model: C:\NWDS74_SP17(for 12)\eclipse\workspace__TEST.jdi\LocalDevelopment\ESMP_BUILDT\sap.com\tc\esmp\bi\model\xsd1\_comp\gen\default\public\MM_Inf\lib\moin\sap.com~tc~esmp~model~xsd1_xmi.zip
  [MOINInit] Referenced meta-model: C:\NWDS74_SP17(for 12)\eclipse\workspace__TEST.jdi\LocalDevelopment\MOIN_BUILDT\sap.com\tc\mie\bi\model\gfw\_comp\gen\default\public\MM_Inf\lib\moin\sap.com~com~sap~mi~gfw~mm~def_assmbl.zip
  [MOINInit] Referenced meta-model: C:\NWDS74_SP17(for 12)\eclipse\workspace__TEST.jdi\LocalDevelopment\MOIN_BUILDT\sap.com\tc\moin\bi\model\textverticalization\_comp\gen\default\public\MM_Inf\lib\moin\sap.com~tc~moin~model~textverticalization_xmi.zip
  [MOINInit] Referenced meta-model: C:\NWDS74_SP17(for 12)\eclipse\workspace__TEST.jdi\LocalDevelopment\MOIN_BUILDT\sap.com\tc\moin\bi\model\util\_comp\gen\default\public\MM_Inf\lib\moin\sap.com~tc~moin~model~util_xmi.zip
  [MOINInit] DataArea name: DefaultDataArea
  [MOINInit] Moin initialized in 1023 milliseconds.
  [BpemTask] BC-BMT-BPM-SRV com.sap.tc.glx.BpemTask execute() - Metamodel version validation...
  [BpemTask] BC-BMT-BPM-SRV com.sap.tc.glx.BpemTask execute() - Sanity check is enabled, com.glx.sanity.check system property isn't false.
  [BpemTask] WSDL Location:src/wsdl/MI263_BPM_SpeakerImport_ia.wsdl
  [BpemTask] PF.DefaultDataArea:DCs/nobelbiocare.com/p_teac/pr/pm/speakers
  [BpemTask] WSDL Location:src/wsdl/MI263_BPM_SpeakerImport_os.wsdl
  [BpemTask] PF.DefaultDataArea:DCs/nobelbiocare.com/p_teac/pr/pm/speakers
  [BpemTask] WSDL Location:src/wsdl/rootwsdl_SimpleTimerServices.wsdl
  [BpemTask] PF.DefaultDataArea:DCs/sap.com/tc/bpem/content/predefs/default
  [BpemTask] WSDL Location:src/wsdl/MI264_BPM_GetAttachaments_os.wsdl
  [BpemTask] PF.DefaultDataArea:DCs/nobelbiocare.com/p_teac/pr/pm/speakers
  [BpemTask] WSDL Location:src/wsdl/MI265_BPM_SpeakerImport_Result_oa.wsdl
  [BpemTask] PF.DefaultDataArea:DCs/nobelbiocare.com/p_teac/pr/pm/speakers
  [BpemTask] BC-BMT-BPM-SRV com.sap.tc.glx.SourceVersioner compile(host, artifact) - Generating version IDs for sources...
  [BpemTask] BC-BMT-BPM-SRV com.sap.tc.glx.BpemTask execute() - Initiating rule compilation.
  [BpemTask] BC-BMT-BPM-SRV com.sap.tc.glx.BpemTask execute() - Initiating event definition constraint check.
  [BpemTask] BC-BMT-BPM-SRV com.sap.tc.glx.BpemTask execute() - Constraint check for event definitions is done.
  [BpemTask] BC-BMT-BPM-SRV com.sap.tc.glx.BpemTask execute() - Initiating event definition compilation.
  [BpemTask] BC-BMT-BPM-SRV com.sap.tc.glx.BpemTask execute() - Event def: com.sap.glx.ide.model.galaxy.workflow.ErrorEventDefinition (Java Type)
  [BpemTask] Galaxy.Workflow.ErrorEventDefinition (MOF Type)
  [BpemTask] PF.DefaultDataArea:DCs/nobelbiocare.com/p_teac/pr/pm/speakers/_comp/src/bpmn/p_bpm_001_speakersreplication_cvm_cq5.bpmn#E0630A07D37B40EA6E0011E69F130205857FEB80 (MRI)
  [BpemTask] BC-BMT-BPM-SRV com.sap.tc.glx.BpemTask execute() - Event def: com.sap.glx.ide.model.galaxy.workflow.ErrorEventDefinition (Java Type)
  [BpemTask] Galaxy.Workflow.ErrorEventDefinition (MOF Type)
  [BpemTask] PF.DefaultDataArea:DCs/nobelbiocare.com/p_teac/pr/pm/speakers/_comp/src/bpmn/p_bpm_001_speakersreplication_cvm_cq5.bpmn#E0C4897FC488DAED7A9311E68D6D0205857FEB80 (MRI)
  [BpemTask] BC-BMT-BPM-SRV com.sap.tc.glx.BpemTask execute() - Event def: com.sap.glx.ide.model.galaxy.workflow.MessageEventDefinition (Java Type)
  [BpemTask] Galaxy.Workflow.MessageEventDefinition (MOF Type)
  [BpemTask] PF.DefaultDataArea:DCs/nobelbiocare.com/p_teac/pr/pm/speakers/_comp/src/triggers/mt_mi263_speakerimport.eventdef#E09230FFAA8F8EDD6DF811E6B5670205857FEB80 (MRI)
  [BpemTask] BC-BMT-BPM-SRV com.sap.tc.glx.BpemTask processCompilerObj(obj , compDir) - Compiling [com.sap.tc.esmp.mm.xsd1.XsdElementDeclaration (Java Type)
  [BpemTask] XSD1.XsdElementDeclaration (MOF Type)
  [BpemTask] PF.DefaultDataArea:DCs/nobelbiocare.com/p_teac/pr/pm/speakers/_comp/rep/wsdl/fault.partner.soap.sforce.com.types#E00611E4E4687BEC6DF711E6BC2D0205857FEB80 (MRI)], CompilerType: TYPECOMPILER
  [BpemTask] BC-BMT-BPM-SRV com.sap.tc.glx.BpemTask processCompilerObj(obj , compDir) - Compiling com.sap.glx.ide.model.galaxy.workflow.ErrorEventDefinition (Java Type)
  [BpemTask] Galaxy.Workflow.ErrorEventDefinition (MOF Type)
  [BpemTask] PF.DefaultDataArea:DCs/nobelbiocare.com/p_teac/pr/pm/speakers/_comp/src/bpmn/p_bpm_001_speakersreplication_cvm_cq5.bpmn#E0630A07D37B40EA6E0011E69F130205857FEB80 (MRI), CompilerType: EXCEPTIONCOMPILER
  [BpemTask] BC-BMT-BPM-SRV com.sap.tc.glx.BpemTask processCompilerObj(obj , compDir) - Compiling [com.sap.tc.esmp.mm.xsd1.XsdElementDeclaration (Java Type)
  [BpemTask] XSD1.XsdElementDeclaration (MOF Type)
  [BpemTask] PF.DefaultDataArea:DCs/nobelbiocare.com/p_teac/pr/pm/speakers/_comp/rep/wsdl/server.speakers.nobelbiocare.cq.namics.com.types#E00611E4D0D2E1226DF711E6C5FC0205857FEB80 (MRI)], CompilerType: TYPECOMPILER
  [BpemTask] BC-BMT-BPM-SRV com.sap.tc.glx.BpemTask processCompilerObj(obj , compDir) - Compiling com.sap.glx.ide.model.galaxy.workflow.ErrorEventDefinition (Java Type)
  [BpemTask] Galaxy.Workflow.ErrorEventDefinition (MOF Type)
  [BpemTask] PF.DefaultDataArea:DCs/nobelbiocare.com/p_teac/pr/pm/speakers/_comp/src/bpmn/p_bpm_001_speakersreplication_cvm_cq5.bpmn#E0C4897FC488DAED7A9311E68D6D0205857FEB80 (MRI), CompilerType: EXCEPTIONCOMPILER
  [BpemTask] BC-BMT-BPM-SRV com.sap.tc.glx.BpemTask processCompilerObj(obj , compDir) - Compiling [com.sap.tc.esmp.mm.xsd1.XsdElementDeclaration (Java Type)
  [BpemTask] XSD1.XsdElementDeclaration (MOF Type)
  [BpemTask] PF.DefaultDataArea:DCs/nobelbiocare.com/p_teac/pr/pm/speakers/_comp/rep/wsdl/nobelbiocare.com.bpm.speakers.types#E00611E4D0CE2F976DFF11E698760205857FEB80 (MRI)], CompilerType: TYPECOMPILER
  [BpemTask] BC-BMT-BPM-SRV com.sap.tc.glx.BpemTask processCompilerObj(obj , compDir) - Compiling com.sap.glx.ide.model.galaxy.workflow.MessageEventDefinition (Java Type)
  [BpemTask] Galaxy.Workflow.MessageEventDefinition (MOF Type)
  [BpemTask] PF.DefaultDataArea:DCs/nobelbiocare.com/p_teac/pr/pm/speakers/_comp/src/triggers/mt_mi263_speakerimport.eventdef#E09230FFAA8F8EDD6DF811E6B5670205857FEB80 (MRI), CompilerType: INTERFACECOMPILER
  [BpemTask] BC-BMT-BPM-SRV com.sap.tc.glx.BpemTask execute() - Initiating task constraint check.
  [BpemTask] BC-BMT-BPM-SRV com.sap.tc.glx.BpemTask execute() - Constraint check for Tasks is done.
  [BpemTask] BC-BMT-BPM-SRV com.sap.tc.glx.BpemTask execute() - Initiating task compilation.
  [BpemTask] BC-BMT-BPM-SRV com.sap.tc.glx.BpemTask execute() - Initiating data mapping validation.
  [BpemTask] BC-BMT-BPM-SRV com.sap.tc.glx.BpemTask execute() - Data mapping validation is done.
  [BpemTask] BC-BMT-BPM-SRV com.sap.tc.glx.BpemTask execute() - Initiating process constraint check.
  [BpemTask] BC-BMT-BPM-SRV com.sap.tc.glx.BpemTask execute() - Constraint check for processes is done
  [BpemTask] BC-BMT-BPM-SRV com.sap.tc.glx.BpemTask execute() - Initiating process compilation.
  [BpemTask] BC-BMT-BPM-SRV com.sap.tc.glx.BpemTask processCompilerObj(obj , compDir) - Compiling com.sap.glx.ide.model.galaxy.workflow.Collaboration (Java Type)
  [BpemTask] Galaxy.Workflow.Collaboration (MOF Type)
  [BpemTask] PF.DefaultDataArea:DCs/nobelbiocare.com/p_teac/pr/pm/speakers/_comp/src/bpmn/p_bpm_001_speakersreplication_cvm_cq5.bpmn#E03D999BA9DB6E806DF511E6AC1C0205857FEB80 (MRI), CompilerType: XLFFACTORY
  [BpemTask] Packaging XLF file 'C:\NWDS74_SP17(for 12)\eclipse\workspace__TEST.jdi\LocalDevelopment\SC_TEAC\nobelbiocare.com\p_teac\pr\pm\speakers\_comp\src\bpmn\p_bpm_001_speakersreplication_cvm_cq5.bpmn.xlf'.
  [BpemTask] BC-BMT-BPM-SRV com.sap.tc.glx.BpemTask processCompilerObj(obj , compDir) - Compiling com.sap.glx.ide.model.galaxy.workflow.Collaboration (Java Type)
  [BpemTask] Galaxy.Workflow.Collaboration (MOF Type)
  [BpemTask] PF.DefaultDataArea:DCs/nobelbiocare.com/p_teac/pr/pm/speakers/_comp/src/bpmn/p_bpm_001_speakersreplication_cvm_cq5.bpmn#E03D999BA9DB6E806DF511E6AC1C0205857FEB80 (MRI), CompilerType: DIAGRAMTOXMLCONVERTER
  [BpemTask] PV file generation: parsing...
  [BpemTask] PV file generation done.
  [BpemTask] BC-BMT-BPM-SRV com.sap.tc.glx.BpemTask processCompilerObj(obj , compDir) - Compiling [com.sap.tc.esmp.mm.xsd1.XsdElementDeclaration (Java Type)
  [BpemTask] XSD1.XsdElementDeclaration (MOF Type)
  [BpemTask] PF.DefaultDataArea:DCs/nobelbiocare.com/p_teac/pr/pm/speakers/_comp/src/bpmn/p_bpm_001_speakersreplication_cvm_cq5.bpmn#E0630A07A557E4E96DF911E69EEE0205857FEB80 (MRI)], CompilerType: TYPECOMPILER
  [BpemTask] BC-BMT-BPM-SRV com.sap.tc.glx.BpemTask processCompilerObj(obj , compDir) - Compiling [com.sap.tc.esmp.mm.xsd1.XsdElementDeclaration (Java Type)
  [BpemTask] XSD1.XsdElementDeclaration (MOF Type)
  [BpemTask] PF.DefaultDataArea:DCs/nobelbiocare.com/p_teac/pr/pm/speakers/_comp/rep/wsdl/nobelbiocare.com.bpm.speakers.types#E00611E4FC613EA56DF711E6C4FF0205857FEB80 (MRI)], CompilerType: TYPECOMPILER
  [BpemTask] BC-BMT-BPM-SRV com.sap.tc.glx.BpemTask processCompilerObj(obj , compDir) - Compiling [com.sap.tc.esmp.mm.xsd1.XsdElementDeclaration (Java Type)
  [BpemTask] XSD1.XsdElementDeclaration (MOF Type)
  [BpemTask] PF.DefaultDataArea:DCs/nobelbiocare.com/p_teac/pr/pm/speakers/_comp/src/bpmn/p_bpm_001_speakersreplication_cvm_cq5.bpmn#E0DCF6CD95C04A156F5B11E689540205857FEB80 (MRI)], CompilerType: TYPECOMPILER
  [BpemTask] BC-BMT-BPM-SRV com.sap.tc.glx.BpemTask processCompilerObj(obj , compDir) - Compiling [com.sap.tc.esmp.mm.xsd1.XsdElementDeclaration (Java Type)
  [BpemTask] XSD1.XsdElementDeclaration (MOF Type)
  [BpemTask] PF.DefaultDataArea:DCs/nobelbiocare.com/p_teac/pr/pm/speakers/_comp/src/bpmn/p_bpm_001_speakersreplication_cvm_cq5.bpmn#E0C4897FB0392AB47A9311E686360205857FEB80 (MRI)], CompilerType: TYPECOMPILER
  [BpemTask] BC-BMT-BPM-SRV com.sap.tc.glx.BpemTask processCompilerObj(obj , compDir) - Compiling [com.sap.tc.esmp.mm.xsd1.XsdElementDeclaration (Java Type)
  [BpemTask] XSD1.XsdElementDeclaration (MOF Type)
  [BpemTask] PF.DefaultDataArea:DCs/nobelbiocare.com/p_teac/pr/pm/speakers/_comp/rep/wsdl/server.speakers.nobelbiocare.cq.namics.com.types#E00611E4D0D2E1226DF711E6C5FC0205857FEB80 (MRI)], CompilerType: TYPECOMPILER
  [BpemTask] BC-BMT-BPM-SRV com.sap.tc.glx.BpemTask processCompilerObj(obj , compDir) - Compiling [com.sap.tc.esmp.mm.xsd1.XsdElementDeclaration (Java Type)
  [BpemTask] XSD1.XsdElementDeclaration (MOF Type)
  [BpemTask] PF.DefaultDataArea:DCs/sap.com/tc/bpem/content/predefs/default/_comp/src/functions/sap.com/bpem/glx/built-in/principal/getprincipals.function#481F3B33968275A41AC311DDC9ED0018717335EB (MRI), com.sap.tc.esmp.mm.xsd1.XsdElementDeclaration (Java Type)
  [BpemTask] XSD1.XsdElementDeclaration (MOF Type)
  [BpemTask] PF.DefaultDataArea:DCs/sap.com/tc/bpem/content/predefs/default/_comp/src/functions/sap.com/bpem/glx/built-in/principal/getprincipals.function#481F3B33968004A11AC311DDAA030018717335EB (MRI)], CompilerType: TYPECOMPILER
  [BpemTask] BC-BMT-BPM-SRV com.sap.tc.glx.BpemTask processCompilerObj(obj , compDir) - Compiling [com.sap.tc.esmp.mm.xsd1.XsdElementDeclaration (Java Type)
  [BpemTask] XSD1.XsdElementDeclaration (MOF Type)
  [BpemTask] PF.DefaultDataArea:DCs/nobelbiocare.com/p_teac/pr/pm/speakers/_comp/src/bpmn/p_bpm_001_speakersreplication_cvm_cq5.bpmn#E03D999BAA4C6FA66DF511E6B81A0205857FEB80 (MRI)], CompilerType: TYPECOMPILER
  [BpemTask] BC-BMT-BPM-SRV com.sap.tc.glx.BpemTask processCompilerObj(obj , compDir) - Compiling [com.sap.tc.esmp.mm.xsd1.XsdElementDeclaration (Java Type)
  [BpemTask] XSD1.XsdElementDeclaration (MOF Type)
  [BpemTask] PF.DefaultDataArea:DCs/nobelbiocare.com/p_teac/pr/pm/speakers/_comp/src/bpmn/p_bpm_001_speakersreplication_cvm_cq5.bpmn#E03D999BAA8E789C6DF511E68DEC0205857FEB80 (MRI)], CompilerType: TYPECOMPILER
  [BpemTask] BC-BMT-BPM-SRV com.sap.tc.glx.BpemTask processCompilerObj(obj , compDir) - Compiling [com.sap.tc.esmp.mm.xsd1.XsdElementDeclaration (Java Type)
  [BpemTask] XSD1.XsdElementDeclaration (MOF Type)
  [BpemTask] PF.DefaultDataArea:DCs/nobelbiocare.com/p_teac/pr/pm/speakers/_comp/src/bpmn/p_bpm_001_speakersreplication_cvm_cq5.bpmn#E03D999BAAAAD9576DF511E6CBC00205857FEB80 (MRI)], CompilerType: TYPECOMPILER
  [BpemTask] BC-BMT-BPM-SRV com.sap.tc.glx.BpemTask processCompilerObj(obj , compDir) - Compiling [com.sap.tc.esmp.mm.xsd1.XsdElementDeclaration (Java Type)
  [BpemTask] XSD1.XsdElementDeclaration (MOF Type)
  [BpemTask] PF.DefaultDataArea:DCs/nobelbiocare.com/p_teac/pr/pm/speakers/_comp/src/bpmn/p_bpm_001_speakersreplication_cvm_cq5.bpmn#E0C4897FB03993507A9311E68B860205857FEB80 (MRI)], CompilerType: TYPECOMPILER
  [BpemTask] BC-BMT-BPM-SRV com.sap.tc.glx.BpemTask processCompilerObj(obj , compDir) - Compiling [com.sap.tc.esmp.mm.xsd1.XsdElementDeclaration (Java Type)
  [BpemTask] XSD1.XsdElementDeclaration (MOF Type)
  [BpemTask] PF.DefaultDataArea:DCs/sap.com/tc/bpem/content/predefs/types/_comp/rep/functions/sap.com/bpem/glx/built-in/text/concat.function#481F3B3295C3B9881AC311DDAEFA0018717335EB (MRI), com.sap.tc.esmp.mm.xsd1.XsdElementDeclaration (Java Type)
  [BpemTask] XSD1.XsdElementDeclaration (MOF Type)
  [BpemTask] PF.DefaultDataArea:DCs/sap.com/tc/bpem/content/predefs/types/_comp/rep/functions/sap.com/bpem/glx/built-in/text/concat.function#481F3B3295C148851AC311DDB0480018717335EB (MRI)], CompilerType: TYPECOMPILER
  [BpemTask] BC-BMT-BPM-SRV com.sap.tc.glx.BpemTask processCompilerObj(obj , compDir) - Compiling [com.sap.tc.esmp.mm.xsd1.XsdElementDeclaration (Java Type)
  [BpemTask] XSD1.XsdElementDeclaration (MOF Type)
  [BpemTask] PF.DefaultDataArea:DCs/nobelbiocare.com/p_teac/pr/pm/speakers/_comp/src/bpmn/p_bpm_001_speakersreplication_cvm_cq5.bpmn#E03D999BAA4AF81C6DF511E6B8520205857FEB80 (MRI)], CompilerType: TYPECOMPILER
  [BpemTask] BC-BMT-BPM-SRV com.sap.tc.glx.BpemTask processCompilerObj(obj , compDir) - Compiling [com.sap.tc.esmp.mm.xsd1.XsdElementDeclaration (Java Type)
  [BpemTask] XSD1.XsdElementDeclaration (MOF Type)
  [BpemTask] PF.DefaultDataArea:DCs/nobelbiocare.com/p_teac/pr/pm/speakers/_comp/rep/wsdl/partner.soap.sforce.com.types#E00611E4E469050E6DF711E6A1DE0205857FEB80 (MRI), com.sap.tc.esmp.mm.xsd1.XsdElementDeclaration (Java Type)
  [BpemTask] XSD1.XsdElementDeclaration (MOF Type)
  [BpemTask] PF.DefaultDataArea:DCs/nobelbiocare.com/p_teac/pr/pm/speakers/_comp/rep/wsdl/nobelbiocare.com.bpm.speakers.types#E00611E4EC7374506DFF11E690550205857FEB80 (MRI), com.sap.tc.esmp.mm.xsd1.XsdElementDeclaration (Java Type)
  [BpemTask] XSD1.XsdElementDeclaration (MOF Type)
  [BpemTask] PF.DefaultDataArea:DCs/nobelbiocare.com/p_teac/pr/pm/speakers/_comp/rep/wsdl/fault.partner.soap.sforce.com.types#E00611E4E4687BEC6DF711E6BC2D0205857FEB80 (MRI)], CompilerType: TYPECOMPILER
  [BpemTask] BC-BMT-BPM-SRV com.sap.tc.glx.BpemTask processCompilerObj(obj , compDir) - Compiling [com.sap.tc.esmp.mm.xsd1.XsdElementDeclaration (Java Type)
  [BpemTask] XSD1.XsdElementDeclaration (MOF Type)
  [BpemTask] PF.DefaultDataArea:DCs/nobelbiocare.com/p_teac/pr/pm/speakers/_comp/src/bpmn/p_bpm_001_speakersreplication_cvm_cq5.bpmn#E0630A07B40E03556DF811E6C1110205857FEB80 (MRI)], CompilerType: TYPECOMPILER
  [BpemTask] BC-BMT-BPM-SRV com.sap.tc.glx.BpemTask processCompilerObj(obj , compDir) - Compiling [com.sap.tc.esmp.mm.xsd1.XsdElementDeclaration (Java Type)
  [BpemTask] XSD1.XsdElementDeclaration (MOF Type)
  [BpemTask] PF.DefaultDataArea:DCs/nobelbiocare.com/p_teac/pr/pm/speakers/_comp/rep/wsdl/fault.partner.soap.sforce.com.types#E00611E4E4687BEC6DF711E6BC2D0205857FEB80 (MRI)], CompilerType: TYPECOMPILER
  [BpemTask] BC-BMT-BPM-SRV com.sap.tc.glx.BpemTask processCompilerObj(obj , compDir) - Compiling [com.sap.tc.esmp.mm.xsd1.XsdElementDeclaration (Java Type)
  [BpemTask] XSD1.XsdElementDeclaration (MOF Type)
  [BpemTask] PF.DefaultDataArea:DCs/nobelbiocare.com/p_teac/pr/pm/speakers/_comp/src/bpmn/p_bpm_001_speakersreplication_cvm_cq5.bpmn#E03D999BAA4D54916DF511E6AB8B0205857FEB80 (MRI)], CompilerType: TYPECOMPILER
  [BpemTask] BC-BMT-BPM-SRV com.sap.tc.glx.BpemTask processCompilerObj(obj , compDir) - Compiling [com.sap.tc.esmp.mm.xsd1.XsdElementDeclaration (Java Type)
  [BpemTask] XSD1.XsdElementDeclaration (MOF Type)
  [BpemTask] PF.DefaultDataArea:DCs/nobelbiocare.com/p_teac/pr/pm/speakers/_comp/src/bpmn/p_bpm_001_speakersreplication_cvm_cq5.bpmn#E0C4897F5289F56F7A9411E68D530205857FEB80 (MRI)], CompilerType: TYPECOMPILER
  [BpemTask] BC-BMT-BPM-SRV com.sap.tc.glx.BpemTask processCompilerObj(obj , compDir) - Compiling [com.sap.tc.esmp.mm.xsd1.XsdElementDeclaration (Java Type)
  [BpemTask] XSD1.XsdElementDeclaration (MOF Type)
  [BpemTask] PF.DefaultDataArea:DCs/nobelbiocare.com/p_teac/pr/pm/speakers/_comp/rep/wsdl/server.speakers.nobelbiocare.cq.namics.com.types#E00611E4D0D28E296DF711E68DDA0205857FEB80 (MRI), com.sap.tc.esmp.mm.xsd1.XsdElementDeclaration (Java Type)
  [BpemTask] XSD1.XsdElementDeclaration (MOF Type)
  [BpemTask] PF.DefaultDataArea:DCs/nobelbiocare.com/p_teac/pr/pm/speakers/_comp/rep/wsdl/server.speakers.nobelbiocare.cq.namics.com.types#E00611E4D0D2EEEA6DF711E6B5410205857FEB80 (MRI), com.sap.tc.esmp.mm.xsd1.XsdElementDeclaration (Java Type)
  [BpemTask] XSD1.XsdElementDeclaration (MOF Type)
  [BpemTask] PF.DefaultDataArea:DCs/nobelbiocare.com/p_teac/pr/pm/speakers/_comp/rep/wsdl/server.speakers.nobelbiocare.cq.namics.com.types#E00611E4D0D2E1226DF711E6C5FC0205857FEB80 (MRI)], CompilerType: TYPECOMPILER
  [BpemTask] BC-BMT-BPM-SRV com.sap.tc.glx.BpemTask processCompilerObj(obj , compDir) - Compiling [com.sap.tc.esmp.mm.xsd1.XsdElementDeclaration (Java Type)
  [BpemTask] XSD1.XsdElementDeclaration (MOF Type)
  [BpemTask] PF.DefaultDataArea:DCs/nobelbiocare.com/p_teac/pr/pm/speakers/_comp/src/bpmn/p_bpm_001_speakersreplication_cvm_cq5.bpmn#E03D999BAAC62F1E6DF511E6BD3D0205857FEB80 (MRI)], CompilerType: TYPECOMPILER
  [BpemTask] BC-BMT-BPM-SRV com.sap.tc.glx.BpemTask processCompilerObj(obj , compDir) - Compiling [com.sap.tc.esmp.mm.xsd1.XsdElementDeclaration (Java Type)
  [BpemTask] XSD1.XsdElementDeclaration (MOF Type)
  [BpemTask] PF.DefaultDataArea:DCs/nobelbiocare.com/p_teac/pr/pm/speakers/_comp/src/bpmn/p_bpm_001_speakersreplication_cvm_cq5.bpmn#E0DCF6CD95C210986F5B11E6ADF70205857FEB80 (MRI)], CompilerType: TYPECOMPILER
  [BpemTask] BC-BMT-BPM-SRV com.sap.tc.glx.BpemTask processCompilerObj(obj , compDir) - Compiling [com.sap.tc.esmp.mm.xsd1.XsdElementDeclaration (Java Type)
  [BpemTask] XSD1.XsdElementDeclaration (MOF Type)
  [BpemTask] PF.DefaultDataArea:DCs/nobelbiocare.com/p_teac/pr/pm/speakers/_comp/src/bpmn/p_bpm_001_speakersreplication_cvm_cq5.bpmn#E03D999BAA71D7386DF511E6A03B0205857FEB80 (MRI)], CompilerType: TYPECOMPILER
  [BpemTask] BC-BMT-BPM-SRV com.sap.tc.glx.BpemTask processCompilerObj(obj , compDir) - Compiling com.sap.glx.ide.model.galaxy.workflow.Collaboration (Java Type)
  [BpemTask] Galaxy.Workflow.Collaboration (MOF Type)
  [BpemTask] PF.DefaultDataArea:DCs/nobelbiocare.com/p_teac/pr/pm/speakers/_comp/src/bpmn/p_bpm_001_speakersreplication_cvm_cq5.bpmn#E03D999BA9DB6E806DF511E6AC1C0205857FEB80 (MRI), CompilerType: BPMN2CSVCOMPILER
  [BpemTask] Compiling process 'TEAC Replications Speakers File' ...
  [BpemTask] Node 'SWITCH_TEAC_Replications_Speakers_File_token_state_wo_suspend_1' of the generated triggernet has no outgoing connector.
  [BpemTask] Transforming Trigger Network into CSV...
  [BpemTask] Node 'SWITCH_TEAC_Replications_Speakers_File_token_state_wo_suspend_1' of the generated triggernet has no outgoing connector.
  [BpemTask] WS Provisioning post processing started for %d artifacts found.
  [BpemTask] 1
  [BpemTask] Modelled endpoint for post processing found (service '%s', operation '%s', interface '{%s}%s'.
  [BpemTask] nobelbiocare.com/p_teac/pr/pm/speakers/MT_MI263_SpeakerImport
  [BpemTask] MI263_BPM_SpeakerImport_ia
  [BpemTask] http://nobelbiocare.com/BPM/Speakers
  [BpemTask] MI263_BPM_SpeakerImport_ia
  [BpemTask] Writing WSDL location '%s' to file '%s'.
  [BpemTask] src/wsdl/MI263_BPM_SpeakerImport_ia.wsdl
  [BpemTask] META-INF/wsdl/nobelbiocarecom2Fpteac2Fpr2Fpm2Fspeakers2FMTMI263SpeakerImport/src/wsdl/MI263_BPM_SpeakerImport_ia.wsdl
  [BpemTask] Creating metadata for service url '%s'.
  [BpemTask] /bpm/nobelbiocarecom/pteac/pr/pm/speakers/MTMI263SpeakerImport
  [BpemTask] BC-BMT-BPM-SRV com.sap.glx.paradigmInterface.util.GenerateSDA generateArchive(outArchive, srcDir) - C:\NWDS74_SP17(for 12)\eclipse\workspace__TEST.jdi\LocalDevelopment\t2\AED0F83D0A07F1D1AD7E5BA9089332FE\default\deploy\ctx\nobelbiocare.com~p_teac~pr~pm~speakers.wsar archive is generated
  [BpemTask] BC-BMT-BPM-SRV com.sap.glx.paradigmInterface.util.GenerateSDA copyMcArchive(File publicFolder) -Including Mass Configuration archive into sda
  [BpemTask] BC-BMT-BPM-SRV com.sap.glx.paradigmInterface.util.GenerateSDA copyScdlFiles(File scdlFolder) - Including SCDL files into sda
  [BpemTask] BC-BMT-BPM-SRV com.sap.glx.paradigmInterface.util.GenerateSDA getSubdirFiles(String parent, File subdir)  - copyFile: C:\NWDS74_SP17(for 12)\eclipse\workspace__TEST.jdi\LocalDevelopment\t2\AED0F83D0A07F1D1AD7E5BA9089332FE\default\deploy\ctx/p_teac~pr~pm~speakers.composite
  [BpemTask] BC-BMT-BPM-SRV com.sap.glx.paradigmInterface.util.GenerateSDA getSubdirFiles(String parent, File subdir)  - copyFile: C:\NWDS74_SP17(for 12)\eclipse\workspace__TEST.jdi\LocalDevelopment\t2\AED0F83D0A07F1D1AD7E5BA9089332FE\default\deploy\ctx/sca-contribution.xml
  [BpemTask] BC-BMT-BPM-SRV com.sap.glx.paradigmInterface.util.GenerateSDA copyScdlGlobalizationFiles(File scdlXlfFolder) - Including SCDL globalization files into sda
  [BpemTask] BC-BMT-BPM-SRV com.sap.glx.paradigmInterface.util.GenerateSDA copyScdlGlobalizationFiles(File scdlXlfFolder) - copyFile: C:\NWDS74_SP17(for 12)\eclipse\workspace__TEST.jdi\LocalDevelopment\t2\AED0F83D0A07F1D1AD7E5BA9089332FE\default\deploy\ctx/2381b875-09be-4625-a345-d4fdbee1ffc3.consgroup.properties
  [BpemTask] BC-BMT-BPM-SRV com.sap.glx.paradigmInterface.util.GenerateSDA copyScdlGlobalizationFiles(File scdlXlfFolder) - copyFile: C:\NWDS74_SP17(for 12)\eclipse\workspace__TEST.jdi\LocalDevelopment\t2\AED0F83D0A07F1D1AD7E5BA9089332FE\default\deploy\ctx/31de37ad-3c51-4ebb-9545-63d9061e6c89.consgroup.properties
  [BpemTask] BC-BMT-BPM-SRV com.sap.glx.paradigmInterface.util.GenerateSDA copyScdlGlobalizationFiles(File scdlXlfFolder) - copyFile: C:\NWDS74_SP17(for 12)\eclipse\workspace__TEST.jdi\LocalDevelopment\t2\AED0F83D0A07F1D1AD7E5BA9089332FE\default\deploy\ctx/7ae40e28-6883-4495-bc6b-e98e2e024b90.consgroup.properties
  [BpemTask] BC-BMT-BPM-SRV com.sap.glx.paradigmInterface.util.GenerateSDA copyScdlGlobalizationFiles(File scdlXlfFolder) - copyFile: C:\NWDS74_SP17(for 12)\eclipse\workspace__TEST.jdi\LocalDevelopment\t2\AED0F83D0A07F1D1AD7E5BA9089332FE\default\deploy\ctx/Business or Technical User.authprofile.properties
  [BpemTask] BC-BMT-BPM-SRV com.sap.glx.paradigmInterface.util.GenerateSDA copyScdlGlobalizationFiles(File scdlXlfFolder) - copyFile: C:\NWDS74_SP17(for 12)\eclipse\workspace__TEST.jdi\LocalDevelopment\t2\AED0F83D0A07F1D1AD7E5BA9089332FE\default\deploy\ctx/Business User.authprofile.properties
  [BpemTask] BC-BMT-BPM-SRV com.sap.glx.paradigmInterface.util.GenerateSDA copyScdlGlobalizationFiles(File scdlXlfFolder) - copyFile: C:\NWDS74_SP17(for 12)\eclipse\workspace__TEST.jdi\LocalDevelopment\t2\AED0F83D0A07F1D1AD7E5BA9089332FE\default\deploy\ctx/d4348bba-1578-4ac9-bb27-0289f3976b0e.consgroup.properties
  [BpemTask] BC-BMT-BPM-SRV com.sap.glx.paradigmInterface.util.GenerateSDA copyScdlGlobalizationFiles(File scdlXlfFolder) - copyFile: C:\NWDS74_SP17(for 12)\eclipse\workspace__TEST.jdi\LocalDevelopment\t2\AED0F83D0A07F1D1AD7E5BA9089332FE\default\deploy\ctx/No Authentication.authprofile.properties
  [BpemTask] BC-BMT-BPM-SRV com.sap.glx.paradigmInterface.util.GenerateSDA copyScdlGlobalizationFiles(File scdlXlfFolder) - copyFile: C:\NWDS74_SP17(for 12)\eclipse\workspace__TEST.jdi\LocalDevelopment\t2\AED0F83D0A07F1D1AD7E5BA9089332FE\default\deploy\ctx/Technical User.authprofile.properties
  [BpemTask] BC-BMT-BPM-SRV com.sap.glx.paradigmInterface.util.GenerateSDA execute(name, vendor, location, version, srcDir) -Generating SDA...
  [BpemTask] BC-BMT-BPM-SRV com.sap.glx.paradigmInterface.util.GenerateSDA generateArchive(outArchive, srcDir) - C:\NWDS74_SP17(for 12)\eclipse\workspace__TEST.jdi\LocalDevelopment\t2\AED0F83D0A07F1D1AD7E5BA9089332FE\default\deploy\ctx\nobelbiocare.com~p_teac~pr~pm~speakers.bpem archive is generated
  [BpemTask] atts: Default
[MOINShutdown] About to shutdown MOIN...
[MOINShutdown] MOIN shut down in 63 milliseconds.
    [delete] Deleting directory C:\NWDS74_SP17(for 12)\eclipse\workspace__TEST.jdi\LocalDevelopment\t2\AED0F83D0A07F1D1AD7E5BA9089332FE\default\deploy\ctx
    [delete] Deleting: C:\NWDS74_SP17(for 12)\eclipse\workspace__TEST.jdi\LocalDevelopment\t2\AED0F83D0A07F1D1AD7E5BA9089332FE\default\deploy\sda-dd.xml
 
createPublicParts:
  [pppacker] Packing public part 'def_cmp'
  [pppacker] DC being built: p_teac/pr/pm/speakers
  [pppacker] Searching for entity: mc.
  [pppacker] Checking path: mc
  [pppacker] Checking path: rep
  [pppacker] Checking path: src
  [pppacker] Packed  17 files for entity mc (Model Folder Tree)
  [pppacker] DC being built: p_teac/pr/pm/speakers
  [pppacker] Searching for entity: rep.
  [pppacker] Checking path: mc
  [pppacker] Checking path: rep
  [pppacker] Checking path: src
  [pppacker] Packed   5 files for entity rep (Model Folder Tree)
  [pppacker] DC being built: p_teac/pr/pm/speakers
  [pppacker] Searching for entity: src.
  [pppacker] Checking path: mc
  [pppacker] Checking path: rep
  [pppacker] Checking path: src
  [pppacker] Packed   9 files for entity src (Model Folder Tree)
  [pppacker] Packed 3 entities for public part 'def_cmp'
     [timer] Packing of public part 'def_cmp' finished in 0.141 seconds
 
 
build:
 
Ant runtime 6.019 seconds
 
Ant build finished OK
MOIN forced shutdown initiated.
 
Build plugin finished at 2017-11-16 16:27:44 GMT+01:00 (CET)
Total build plugin runtime: 6.574 seconds
 
Build finished with WARNING

==== Post-Processing ====   started at 2017-11-16 16:27:44.314 CET
Comparison of previous and actual build results took: 0.018 seconds

Copy the build results 
  from: C:\NWDS74_SP17(for 12)\eclipse\workspace__TEST.jdi\LocalDevelopment\t2\AED0F83D0A07F1D1AD7E5BA9089332FE\default\
  to:   C:\NWDS74_SP17(for 12)\eclipse\workspace__TEST.jdi\LocalDevelopment\SC_TEAC\nobelbiocare.com\p_teac\pr\pm\speakers\_comp\gen\default\
