Development Component Build (2017-01-13 12:06:21 GMT+01:00 (CET))
  Component name: po_salesforce_02/bl/scomp
  Component vendor: nobelbiocare.com
  SC compartment: SALESFORCE_BPM_SC
  Configuration: LocalDevelopment
  Location: localDevelopment
  Source code location: pedro.jimenez@MADNB2016
  DC root folder: D:\Users\pedro.jimenez\Desktop\Nobel\nwds-extsoa-7.3-EHP1-SP17-PAT0000-win32\eclipse\workspace.jdi\LocalDevelopment\SALESFORCE_BPM_SC\nobelbiocare.com\po_salesforce_02\bl\scomp\_comp\
  DC type: Service Composition
  Host: MADNB2016

DC Model check:
   DC is available locally
   validating dependency to build plugin "sap.com/tc/bi/bp/serviceadaptation"
   validating dependency to used DC "nobelbiocare.com/po_salesforce_02/infra/sgc"
   validating dependency to  public part "mc" of DC "nobelbiocare.com/po_salesforce_02/infra/sgc"
   validating dependency to  public part "def" of DC "sap.com/bie/sca/scdl/contributors/ejb"
   validating dependency to  public part "def" of DC "sap.com/bie/sca/scdl/contributors/mc"
   validating dependency to  public part "def" of DC "sap.com/bie/sca/scdl/contributors/sa"
   validating dependency to  public part "def" of DC "sap.com/bie/sca/scdl/gen"
   validating dependency to  public part "def" of DC "sap.com/bie/sca/scdl/gen/mc"
   validating dependency to  public part "def" of DC "sap.com/bie/sca/scdl/gen/util"
   validating dependency to  public part "def" of DC "sap.com/bie/sca/scdl/gen/xlf2prop"
   validating dependency to  public part "api" of DC "sap.com/engine.jee5.facade"
   validating dependency to  public part "MM_Inf" of DC "sap.com/ide/es/config/mc/model/bi"
   validating dependency to used DC "sap.com/sa/runtime/lib"
   validating dependency to  public part "api" of DC "sap.com/sa/runtime/lib"
   validating dependency to  public part "def" of DC "sap.com/tc/bi/wstech"
   validating dependency to  public part "MM_Comp" of DC "sap.com/tc/bpem/bi/model/flow"
   validating dependency to  public part "MM_Inf" of DC "sap.com/tc/bpem/bi/model/flow"
   validating dependency to used DC "sap.com/tc/bpem/content/predefs/types"
   validating dependency to  public part "def_cmp" of DC "sap.com/tc/bpem/content/predefs/types"
   validating dependency to  public part "api" of DC "sap.com/tc/esi/esp/wsrm/facade"
   validating dependency to  public part "MM_Comp" of DC "sap.com/tc/esmp/bi/model/wsdl20"
   validating dependency to  public part "MM_Inf" of DC "sap.com/tc/esmp/bi/model/wsdl20"
   validating dependency to  public part "MM_Comp" of DC "sap.com/tc/esmp/bi/model/xsd1"
   validating dependency to  public part "MM_Inf" of DC "sap.com/tc/esmp/bi/model/xsd1"
   validating dependency to  public part "api" of DC "sap.com/tc/je/sca/api/facade"
   validating dependency to  public part "api" of DC "sap.com/tc/je/sdo21/api"
   validating dependency to  public part "api" of DC "sap.com/tc/je/webservices/api"
   validating dependency to  public part "MM_Cmp" of DC "sap.com/tc/mie/bi/model/gfw"
   validating dependency to  public part "MM_Inf" of DC "sap.com/tc/mie/bi/model/gfw"
   validating dependency to  public part "MM_Inf" of DC "sap.com/tc/moin/bi/model/textverticalization"
   validating dependency to  public part "MM_Inf" of DC "sap.com/tc/moin/bi/model/util"
   validating dependency to  public part "def" of DC "sap.com/tc/moin/bi/moinext"
   validating dependency to  public part "libinf" of DC "sap.com/tc/moin/bi/moinlibs"
   DC model check OK

Start build plugin:
   using build plugin: sap.com/tc/bi/bp/serviceadaptation
   starting build plugin from : D:\Users\pedro.jimenez\Desktop\Nobel\nwds-extsoa-7.3-EHP1-SP17-PAT0000-win32\eclipse\workspace.jdi\LocalDevelopment\COMP_BUILDT\sap.com\tc\bi\bp\serviceadaptation\_comp\gen\default\public\def\



Build Plugin 'sap.com/tc/bi/bp/serviceadaptation', Version 7.12 SP 17 (NW731EXT_17_REL, built on 2015-09-17 02:45:47 +0200, CL40420)
   development component:  po_salesforce_02/bl/scomp (nobelbiocare.com)
      software component:  SALESFORCE_BPM_SC (nobelbiocare.com)
       support component:  Default
                location:  localDevelopment
                    type:  Service Composition
           build variant:  default
         source location:  pedro.jimenez@MADNB2016
         output location:  D:\Users\pedro.jimenez\Desktop\Nobel\nwds-extsoa-7.3-EHP1-SP17-PAT0000-win32\eclipse\workspace.jdi\LocalDevelopment\t2\A76903E8DBA80A425E9876D266A7D407\default
       generation folder:  D:\Users\pedro.jimenez\Desktop\Nobel\nwds-extsoa-7.3-EHP1-SP17-PAT0000-win32\eclipse\workspace.jdi\LocalDevelopment\t\A76903E8DBA80A425E9876D266A7D407
       plugin start time:  2017-01-13 12:06:21 GMT+01:00 (CET)
                 Java VM:  Java HotSpot(TM) Client VM, 20.13-b02 (1.6, Sun Microsystems Inc.)


General options:
  convert *.xlf to *.properties: yes
  include sources for debugging: yes
 


Package folder ".apt_generated" exists but is empty and will be ignored.
Source folder "mc" exists but is empty and will be ignored.
Source folder "rep/wsdl" exists but is empty and will be ignored.
Source folder "resources" exists but is empty and will be ignored.
Checking path lengths for sources
This component contains long pathnames, this may lead to build errors or unexpected results. (For example: D:\Users\pedro.jimenez\Desktop\Nobel\nwds-extsoa-7.3-EHP1-SP17-PAT0000-win32\eclipse\workspace.jdi\LocalDevelopment\SALESFORCE_BPM_SC\nobelbiocare.com\po_salesforce_02\bl\scomp\_comp\gen-src\com\sap\sa\rt\callback\po_salesforce_02_bl_scomp\SDOHelperContextProvider.java )
Path length checks finished in 0.002 seconds
 
Preparing data context..
Using custom manifest file "ejbModule/META-INF/MANIFEST.MF"
Data context preparation finished in 0.012 seconds
 
Creating Ant build file..
  Creating output file: D:\Users\pedro.jimenez\Desktop\Nobel\nwds-extsoa-7.3-EHP1-SP17-PAT0000-win32\eclipse\workspace.jdi\LocalDevelopment\t2\A76903E8DBA80A425E9876D266A7D407\default\logs\build.xml
  Using Java class:     com.sap.tc.buildplugin.BuildEJBModule
  Using macro file:     D:\Users\pedro.jimenez\Desktop\Nobel\nwds-extsoa-7.3-EHP1-SP17-PAT0000-win32\eclipse\workspace.jdi\LocalDevelopment\COMP_BUILDT\sap.com\tc\bi\bp\serviceadaptation\_comp\gen\default\public\def\macros\build.vm
MoinInit generator started.
MOIN archive DC referenced: sap.com/tc/bpem/content/predefs/types
MOIN archive found: D:\Users\pedro.jimenez\Desktop\Nobel\nwds-extsoa-7.3-EHP1-SP17-PAT0000-win32\eclipse\workspace.jdi\LocalDevelopment\SERVICE-COMP\sap.com\tc\bpem\content\predefs\types\_comp\gen\default\public\def_cmp\lib\moin\sap.com~tc~bpem~content~predefs~types~def_cmp.zip
Metamodels found.
Output folder found.
Build file creation finished in 0.103 seconds
 
Starting Ant..
  Using build file:     D:\Users\pedro.jimenez\Desktop\Nobel\nwds-extsoa-7.3-EHP1-SP17-PAT0000-win32\eclipse\workspace.jdi\LocalDevelopment\t2\A76903E8DBA80A425E9876D266A7D407\default\logs\build.xml
  Using build target:   build
  Using Ant version:    1.7.1
 
compile:
      [echo] Starting Java compiler using the current JVM
      [echo] Settings:
      [echo]         debug: on
      [echo]      optimize: off
      [echo]   deprecation: default
      [echo]       verbose: default
      [echo]      encoding: UTF-8
      [echo]        source: default
      [echo]        target: default
      [echo]  source paths: 
      [echo]       D:\Users\pedro.jimenez\Desktop\Nobel\nwds-extsoa-7.3-EHP1-SP17-PAT0000-win32\eclipse\workspace.jdi\LocalDevelopment\SALESFORCE_BPM_SC\nobelbiocare.com\po_salesforce_02\bl\scomp\_comp\ejbModule
      [echo]       D:\Users\pedro.jimenez\Desktop\Nobel\nwds-extsoa-7.3-EHP1-SP17-PAT0000-win32\eclipse\workspace.jdi\LocalDevelopment\SALESFORCE_BPM_SC\nobelbiocare.com\po_salesforce_02\bl\scomp\_comp\gen-src
      [echo]    class path:
      [echo]       D:\Users\pedro.jimenez\Desktop\Nobel\nwds-extsoa-7.3-EHP1-SP17-PAT0000-win32\eclipse\workspace.jdi\LocalDevelopment\SERVICE-COMP\sap.com\sa\runtime\lib\_comp\gen\default\public\api\lib\java\sap.com~sa~runtime~lib~api.jar
      [echo]       D:\Users\pedro.jimenez\Desktop\Nobel\nwds-extsoa-7.3-EHP1-SP17-PAT0000-win32\eclipse\workspace.jdi\LocalDevelopment\ESMP_BUILDT\sap.com\tc\esmp\bi\model\xsd1\_comp\gen\default\public\MM_Comp\lib\java\sap.com~tc~esmp~bi~model~xsd1~MM_Comp.jar
      [echo]       D:\Users\pedro.jimenez\Desktop\Nobel\nwds-extsoa-7.3-EHP1-SP17-PAT0000-win32\eclipse\workspace.jdi\LocalDevelopment\WSRM\sap.com\tc\esi\esp\wsrm\facade\_comp\gen\default\public\api\lib\java\tc~esi~esp~wsrm~facade~api.jar
      [echo]       D:\Users\pedro.jimenez\Desktop\Nobel\nwds-extsoa-7.3-EHP1-SP17-PAT0000-win32\eclipse\workspace.jdi\LocalDevelopment\ESMP_BUILDT\sap.com\tc\esmp\bi\model\wsdl20\_comp\gen\default\public\MM_Comp\lib\java\sap.com~tc~esmp~bi~model~wsdl20~MM_Comp.jar
      [echo]       D:\Users\pedro.jimenez\Desktop\Nobel\nwds-extsoa-7.3-EHP1-SP17-PAT0000-win32\eclipse\workspace.jdi\LocalDevelopment\MOIN_BUILDT\sap.com\tc\mie\bi\model\gfw\_comp\gen\default\public\MM_Cmp\lib\java\sap.com~tc~mie~bi~model~gfw~MM_Cmp.jar
      [echo]       D:\Users\pedro.jimenez\Desktop\Nobel\nwds-extsoa-7.3-EHP1-SP17-PAT0000-win32\eclipse\workspace.jdi\LocalDevelopment\ENGFACADE\sap.com\tc\je\sca\api\facade\_comp\gen\default\public\api\lib\java\gen.filter.jar
      [echo]       D:\Users\pedro.jimenez\Desktop\Nobel\nwds-extsoa-7.3-EHP1-SP17-PAT0000-win32\eclipse\workspace.jdi\LocalDevelopment\ENGFACADE\sap.com\tc\je\sca\api\facade\_comp\gen\default\public\api\lib\java\tc~je~sca~api.jar
      [echo]       D:\Users\pedro.jimenez\Desktop\Nobel\nwds-extsoa-7.3-EHP1-SP17-PAT0000-win32\eclipse\workspace.jdi\LocalDevelopment\ENGFACADE\sap.com\tc\je\sca\api\facade\_comp\gen\default\public\api\lib\java\tc~je~sca~api~facade.jar
      [echo]       D:\Users\pedro.jimenez\Desktop\Nobel\nwds-extsoa-7.3-EHP1-SP17-PAT0000-win32\eclipse\workspace.jdi\LocalDevelopment\ENGFACADE\sap.com\tc\je\sca\api\facade\_comp\gen\default\public\api\lib\java\tc~je~sca~facade.jar
      [echo]       D:\Users\pedro.jimenez\Desktop\Nobel\nwds-extsoa-7.3-EHP1-SP17-PAT0000-win32\eclipse\workspace.jdi\LocalDevelopment\ENGFACADE\sap.com\engine.jee5.facade\_comp\gen\default\public\api\lib\java\ec~java~jsf~api.jar
      [echo]       D:\Users\pedro.jimenez\Desktop\Nobel\nwds-extsoa-7.3-EHP1-SP17-PAT0000-win32\eclipse\workspace.jdi\LocalDevelopment\ENGFACADE\sap.com\engine.jee5.facade\_comp\gen\default\public\api\lib\java\engine.jee5.facade.jar
      [echo]       D:\Users\pedro.jimenez\Desktop\Nobel\nwds-extsoa-7.3-EHP1-SP17-PAT0000-win32\eclipse\workspace.jdi\LocalDevelopment\ENGFACADE\sap.com\engine.jee5.facade\_comp\gen\default\public\api\lib\java\orpersistence_client_lib_filtered.jar
      [echo]       D:\Users\pedro.jimenez\Desktop\Nobel\nwds-extsoa-7.3-EHP1-SP17-PAT0000-win32\eclipse\workspace.jdi\LocalDevelopment\ENGFACADE\sap.com\tc\je\webservices\api\_comp\gen\default\public\api\lib\java\tc~je~webservices~api.jar
      [echo]       D:\Users\pedro.jimenez\Desktop\Nobel\nwds-extsoa-7.3-EHP1-SP17-PAT0000-win32\eclipse\workspace.jdi\LocalDevelopment\ESMP_BUILDT\sap.com\tc\bpem\bi\model\flow\_comp\gen\default\public\MM_Comp\lib\java\sap.com~tc~bpem~bi~model~flow~MM_Comp.jar
      [echo]       D:\Users\pedro.jimenez\Desktop\Nobel\nwds-extsoa-7.3-EHP1-SP17-PAT0000-win32\eclipse\workspace.jdi\LocalDevelopment\ENGFACADE\sap.com\tc\je\sdo21\api\_comp\gen\default\public\api\lib\java\sdo.jar
      [echo]       D:\Users\pedro.jimenez\Desktop\Nobel\nwds-extsoa-7.3-EHP1-SP17-PAT0000-win32\eclipse\workspace.jdi\LocalDevelopment\ENGFACADE\sap.com\tc\je\sdo21\api\_comp\gen\default\public\api\lib\java\tc~je~sdo21~api.jar
      [echo]    output dir: D:\Users\pedro.jimenez\Desktop\Nobel\nwds-extsoa-7.3-EHP1-SP17-PAT0000-win32\eclipse\workspace.jdi\LocalDevelopment\t\A76903E8DBA80A425E9876D266A7D407\classes
     [javac] Compiling 3 source files to D:\Users\pedro.jimenez\Desktop\Nobel\nwds-extsoa-7.3-EHP1-SP17-PAT0000-win32\eclipse\workspace.jdi\LocalDevelopment\t\A76903E8DBA80A425E9876D266A7D407\classes
     [timer] Java compilation finished in 0.127 seconds
 
      [echo] Start XLF conversion
  [xlf2prop] Found 0 XLF files to convert in folder "ejbModule"
  [xlf2prop] Found 0 XLF files to convert in folder "gen-src"
     [timer] XLF conversion finished in 0.001 seconds
 
 
Xlf2PropBase:
      [echo] Start XLF conversion
  [xlf2prop] Found 0 XLF files to convert in folder "mc"
     [timer] XLF conversion finished in 0.001 seconds
 
 
ScdlBase:
  [MOINInit] Meta models found.
  [MOINInit] Referenced meta-model: D:\Users\pedro.jimenez\Desktop\Nobel\nwds-extsoa-7.3-EHP1-SP17-PAT0000-win32\eclipse\workspace.jdi\LocalDevelopment\ESCONF_BUILDT\sap.com\ide\es\config\mc\model\bi\_comp\gen\default\public\MM_Inf\lib\moin\sap.com~ide~es~config~mc~model_xmi.zip
  [MOINInit] Referenced meta-model: D:\Users\pedro.jimenez\Desktop\Nobel\nwds-extsoa-7.3-EHP1-SP17-PAT0000-win32\eclipse\workspace.jdi\LocalDevelopment\ESMP_BUILDT\sap.com\tc\bpem\bi\model\flow\_comp\gen\default\public\MM_Inf\lib\moin\glx~ide_xmi.jar
  [MOINInit] Referenced meta-model: D:\Users\pedro.jimenez\Desktop\Nobel\nwds-extsoa-7.3-EHP1-SP17-PAT0000-win32\eclipse\workspace.jdi\LocalDevelopment\ESMP_BUILDT\sap.com\tc\esmp\bi\model\wsdl20\_comp\gen\default\public\MM_Inf\lib\moin\sap.com~tc~esmp~model~wsdl20_xmi.zip
  [MOINInit] Referenced meta-model: D:\Users\pedro.jimenez\Desktop\Nobel\nwds-extsoa-7.3-EHP1-SP17-PAT0000-win32\eclipse\workspace.jdi\LocalDevelopment\ESMP_BUILDT\sap.com\tc\esmp\bi\model\xsd1\_comp\gen\default\public\MM_Inf\lib\moin\sap.com~tc~esmp~model~xsd1_xmi.zip
  [MOINInit] Referenced meta-model: D:\Users\pedro.jimenez\Desktop\Nobel\nwds-extsoa-7.3-EHP1-SP17-PAT0000-win32\eclipse\workspace.jdi\LocalDevelopment\MOIN_BUILDT\sap.com\tc\mie\bi\model\gfw\_comp\gen\default\public\MM_Inf\lib\moin\sap.com~com~sap~mi~gfw~mm~def_assmbl.zip
  [MOINInit] Referenced meta-model: D:\Users\pedro.jimenez\Desktop\Nobel\nwds-extsoa-7.3-EHP1-SP17-PAT0000-win32\eclipse\workspace.jdi\LocalDevelopment\MOIN_BUILDT\sap.com\tc\moin\bi\model\textverticalization\_comp\gen\default\public\MM_Inf\lib\moin\sap.com~tc~moin~model~textverticalization_xmi.zip
  [MOINInit] Referenced meta-model: D:\Users\pedro.jimenez\Desktop\Nobel\nwds-extsoa-7.3-EHP1-SP17-PAT0000-win32\eclipse\workspace.jdi\LocalDevelopment\MOIN_BUILDT\sap.com\tc\moin\bi\model\util\_comp\gen\default\public\MM_Inf\lib\moin\sap.com~tc~moin~model~util_xmi.zip
  [MOINInit] DataArea name: DefaultDataArea
  [MOINInit] Moin initialized in 2175 milliseconds.
      [echo] Registering folder: gensrc/extcfg for path: D:\Users\pedro.jimenez\Desktop\Nobel\nwds-extsoa-7.3-EHP1-SP17-PAT0000-win32\eclipse\workspace.jdi\LocalDevelopment\t\A76903E8DBA80A425E9876D266A7D407\gensrc\extcfg/
      [echo] Starting Extension Configuration generator...
  [gen_scdl] 		[SCDL_GEN] Initializing Scdl Generation...
  [gen_scdl] 		[SCDL_GEN] Initialization successfully completed.
  [gen_scdl] 		[SCDL_GEN] Starting retrieval of information from contributors...
  [gen_scdl] 		[SCDL_GEN] Information retrieval from contributors successfully completed!
  [gen_scdl] 		[SCDL_GEN] Starting composite export to SCDL...
  [gen_scdl] 			[SCDL-EXPORT] Scdl file output location: D:\Users\pedro.jimenez\Desktop\Nobel\nwds-extsoa-7.3-EHP1-SP17-PAT0000-win32\eclipse\workspace.jdi\LocalDevelopment\t\A76903E8DBA80A425E9876D266A7D407/scdl_output\META-INF\po_salesforce_02~bl~scomp.composite
  [gen_scdl] 			[SCDL-EXPORT] sca contribution XML output location: D:\Users\pedro.jimenez\Desktop\Nobel\nwds-extsoa-7.3-EHP1-SP17-PAT0000-win32\eclipse\workspace.jdi\LocalDevelopment\t\A76903E8DBA80A425E9876D266A7D407/scdl_output\META-INF\sca-contribution.xml
  [gen_scdl] 		[SCDL_GEN] Conversion successfully completed!
     [timer] Extension Configuration generator finished in 0.094 seconds
 
[MOINShutdown] About to shutdown MOIN...
[MOINShutdown] MOIN shut down in 50 milliseconds.
 
createPublicParts:
  [pppacker] Packing public part 'client'
  [pppacker] Nothing packed for public part 'client'
     [timer] Packing of public part 'client' finished in 0.053 seconds
 
  [pppacker] Packing public part 'ejbjar'
  [pppacker] Packed   2 files for entity po_salesforce_02/bl/scomp (Composite Entity)
  [pppacker] Packed   9 files for entity nobelbiocare.com~po_salesforce_02~bl~scomp (EJB-JAR)
  [pppacker] Packed   0 files for entity po_salesforce_02/bl/scomp (Xlf2Prop Entity)
  [pppacker] Packed 3 entities for public part 'ejbjar'
     [timer] Packing of public part 'ejbjar' finished in 0.043 seconds
 
 
createDeployArchive:
  [pppacker] Packed   9 files for entity nobelbiocare.com~po_salesforce_02~bl~scomp (EJB-JAR)
     [timer] EJB packaging finished in 0.04 seconds
 
       [cda] Preparing archive for deploy unit "default"
       [cda]   deployment type: "J2EE"
       [cda]   assembly roots: 
       [cda]     D:\Users\pedro.jimenez\Desktop\Nobel\nwds-extsoa-7.3-EHP1-SP17-PAT0000-win32\eclipse\workspace.jdi\LocalDevelopment\t\A76903E8DBA80A425E9876D266A7D407\EJB
       [cda]   deploy options:
       [cda]     update-descriptors = true
       [cda] Runtime dependency to "tc/bpem/content/predefs/types" ("sap.com") will be ignored because of an incompatible type.
       [cda] Deploy-time dependency to "tc/bpem/content/predefs/types" ("sap.com") will be ignored because of an incompatible type.
 
       [cda] Creating Ant build file: D:\Users\pedro.jimenez\Desktop\Nobel\nwds-extsoa-7.3-EHP1-SP17-PAT0000-win32\eclipse\workspace.jdi\LocalDevelopment\t2\A76903E8DBA80A425E9876D266A7D407\default\logs\buildDeployArchive.xml
 
 
       [cda] Skipping creation of application.xml for JEE5 archive.
 
       [cda] Creating descriptor META-INF/application-j2ee-engine.xml ...
 
       [cda] Collecting modules ...
       [cda] Adding module 'nobelbiocare.com~po_salesforce_02~bl~scomp.jar' from current development component
       [cda] Assembled component "po_salesforce_02/bl/scomp" (nobelbiocare.com) has deploy-time dependency on "tc/bpem/content/predefs/types" (sap.com), but the current component neither assembles nor references that component.
       [cda] Assembled component "po_salesforce_02/bl/scomp" (nobelbiocare.com) has runtime dependency on "tc/bpem/content/predefs/types" (sap.com), but the current component neither assembles nor references that component.
       [cda] Missing deploy-time dependency for hard runtime reference to "sa/runtime/lib" (vendor "sap.com").
       [cda] Ant build file creation finished in 0.061 seconds
 
packDeployArchive:
      [copy] Copied 1 empty directory to 1 empty directory under D:\Users\pedro.jimenez\Desktop\Nobel\nwds-extsoa-7.3-EHP1-SP17-PAT0000-win32\eclipse\workspace.jdi\LocalDevelopment\t\A76903E8DBA80A425E9876D266A7D407\sda\META-INF\sca-resources
 [srcpacker] Creating source archive
 [srcpacker] Adding source archive from nobelbiocare.com~po_salesforce_02/bl/scomp
     [timer] Source archive creation finished in 0.029 seconds
 
    [jarsap] Info: JarSAP version 20090803.1000
    [jarsap] Info: JarSAPProcessing version 20090907.1000 / JarSL version 20100616.1800
    [jarsap] Building: D:\Users\pedro.jimenez\Desktop\Nobel\nwds-extsoa-7.3-EHP1-SP17-PAT0000-win32\eclipse\workspace.jdi\LocalDevelopment\t2\A76903E8DBA80A425E9876D266A7D407\default\deploy\nobelbiocare.com~po_salesforce_02~bl~scomp.ear with compression
     [timer] JarSAP finished in 0.019 seconds
 
 
build:
 
Ant runtime 2.799 seconds
 
Ant build finished OK
MOIN forced shutdown initiated.
 
Build plugin finished at 2017-01-13 12:06:25 GMT+01:00 (CET)
Total build plugin runtime: 3.854 seconds
 
Build finished with WARNING

==== Post-Processing ====   started at 2017-01-13 12:06:25.719 CET
Comparison of previous and actual build results took: 0.008 seconds

Copy the build results 
  from: D:\Users\pedro.jimenez\Desktop\Nobel\nwds-extsoa-7.3-EHP1-SP17-PAT0000-win32\eclipse\workspace.jdi\LocalDevelopment\t2\A76903E8DBA80A425E9876D266A7D407\default\
  to:   D:\Users\pedro.jimenez\Desktop\Nobel\nwds-extsoa-7.3-EHP1-SP17-PAT0000-win32\eclipse\workspace.jdi\LocalDevelopment\SALESFORCE_BPM_SC\nobelbiocare.com\po_salesforce_02\bl\scomp\_comp\gen\default\

The build results of the following public parts were not copied, since they have not changed:
  ejbjar
  client