Development Component Build (2017-01-13 12:06:27 GMT+01:00 (CET))
  Component name: po_salesforce_02/bl/caf/ejbmodule
  Component vendor: nobelbiocare.com
  SC compartment: SALESFORCE_BPM_SC
  Configuration: LocalDevelopment
  Location: localDevelopment
  Source code location: pedro.jimenez@MADNB2016
  DC root folder: D:\Users\pedro.jimenez\Desktop\Nobel\nwds-extsoa-7.3-EHP1-SP17-PAT0000-win32\eclipse\workspace.jdi\LocalDevelopment\SALESFORCE_BPM_SC\nobelbiocare.com\po_salesforce_02\bl\caf\ejbmodule\_comp\
  DC type: J2EE
  DC subtype: EJBModule
  Host: MADNB2016

DC Model check:
   DC is available locally
   validating dependency to build plugin "sap.com/tc/bi/bp/ejbmodule"
   validating dependency to used DC "nobelbiocare.com/po_salesforce_02/infra/sgc"
   validating dependency to  public part "mc" of DC "nobelbiocare.com/po_salesforce_02/infra/sgc"
   validating dependency to  public part "def" of DC "sap.com/bie/sca/scdl/contributors/ejb"
   validating dependency to  public part "def" of DC "sap.com/bie/sca/scdl/contributors/mc"
   validating dependency to  public part "def" of DC "sap.com/bie/sca/scdl/contributors/sa"
   validating dependency to  public part "def" of DC "sap.com/bie/sca/scdl/gen"
   validating dependency to  public part "def" of DC "sap.com/bie/sca/scdl/gen/mc"
   validating dependency to  public part "def" of DC "sap.com/bie/sca/scdl/gen/util"
   validating dependency to  public part "def" of DC "sap.com/bie/sca/scdl/gen/xlf2prop"
   validating dependency to  public part "client" of DC "sap.com/caf/core/ear"
   validating dependency to  public part "gen_client" of DC "sap.com/caf/core/ear"
   validating dependency to  public part "api" of DC "sap.com/caf/runtime/ear"
   validating dependency to  public part "gen_api" of DC "sap.com/caf/runtime/ear"
   validating dependency to  public part "api" of DC "sap.com/engine.jee5.facade"
   validating dependency to  public part "MM_Inf" of DC "sap.com/ide/es/config/mc/model/bi"
   validating dependency to  public part "def" of DC "sap.com/tc/bi/wstech"
   validating dependency to  public part "api" of DC "sap.com/tc/bl/exception/lib"
   validating dependency to  public part "api" of DC "sap.com/tc/bl/jra/api"
   validating dependency to  public part "api" of DC "sap.com/tc/bl/logging/api"
   validating dependency to  public part "api" of DC "sap.com/tc/je/usermanagement/api"
   validating dependency to  public part "api" of DC "sap.com/tc/je/webservices/api"
   validating dependency to  public part "MM_Inf" of DC "sap.com/tc/moin/bi/model/textverticalization"
   validating dependency to  public part "def" of DC "sap.com/tc/moin/bi/moinext"
   validating dependency to  public part "libinf" of DC "sap.com/tc/moin/bi/moinlibs"
   DC model check OK

Start build plugin:
   using build plugin: sap.com/tc/bi/bp/ejbmodule
   starting build plugin from : D:\Users\pedro.jimenez\Desktop\Nobel\nwds-extsoa-7.3-EHP1-SP17-PAT0000-win32\eclipse\workspace.jdi\LocalDevelopment\SAP_BUILDT\sap.com\tc\bi\bp\ejbmodule\_comp\gen\default\public\ejb\



Build Plugin 'EJBModulePlugin', Version 7.30 SP 17 (NW731CORE_17_REL, built on 2015-09-16 20:52:54 +0200, CL209430)
   development component:  po_salesforce_02/bl/caf/ejbmodule (nobelbiocare.com)
      software component:  SALESFORCE_BPM_SC (nobelbiocare.com)
       support component:  Default
                location:  localDevelopment
                    type:  J2EE, subtype EJBModule
           build variant:  default
         source location:  pedro.jimenez@MADNB2016
         output location:  D:\Users\pedro.jimenez\Desktop\Nobel\nwds-extsoa-7.3-EHP1-SP17-PAT0000-win32\eclipse\workspace.jdi\LocalDevelopment\t2\4C4FF6BBC04EFBDCE2CBB4588AC6328A\default
       generation folder:  D:\Users\pedro.jimenez\Desktop\Nobel\nwds-extsoa-7.3-EHP1-SP17-PAT0000-win32\eclipse\workspace.jdi\LocalDevelopment\t\4C4FF6BBC04EFBDCE2CBB4588AC6328A
       plugin start time:  2017-01-13 12:06:27 GMT+01:00 (CET)
                 Java VM:  Java HotSpot(TM) Client VM, 20.13-b02 (1.6, Sun Microsystems Inc.)


General options:
  convert *.xlf to *.properties: yes
  include sources for debugging: yes
 


Package folder ".apt_generated" exists but is empty and will be ignored.
Source folder "mc" exists but is empty and will be ignored.
Checking path lengths for sources
This component contains long pathnames, this may lead to build errors or unexpected results. (For example: D:\Users\pedro.jimenez\Desktop\Nobel\nwds-extsoa-7.3-EHP1-SP17-PAT0000-win32\eclipse\workspace.jdi\LocalDevelopment\SALESFORCE_BPM_SC\nobelbiocare.com\po_salesforce_02\bl\caf\ejbmodule\_comp\src\META-INF\wsdl\5816BD4E-6F0A-473C-03EC-93066516\wsdl\caf.core.faults.xsd )
Path length checks finished in 0.002 seconds
 
Preparing data context..
Using custom manifest file "ejbModule/META-INF/MANIFEST.MF"
Data context preparation finished in 0.013 seconds
 
Creating Ant build file..
  Creating output file: D:\Users\pedro.jimenez\Desktop\Nobel\nwds-extsoa-7.3-EHP1-SP17-PAT0000-win32\eclipse\workspace.jdi\LocalDevelopment\t2\4C4FF6BBC04EFBDCE2CBB4588AC6328A\default\logs\build.xml
  Using Java class:     com.sap.tc.buildplugin.BuildEJBModule
MoinInit generator started.
Metamodels found.
Output folder found.
Build file creation finished in 0.107 seconds
 
Starting Ant..
  Using build file:     D:\Users\pedro.jimenez\Desktop\Nobel\nwds-extsoa-7.3-EHP1-SP17-PAT0000-win32\eclipse\workspace.jdi\LocalDevelopment\t2\4C4FF6BBC04EFBDCE2CBB4588AC6328A\default\logs\build.xml
  Using build target:   build
  Using Ant version:    1.7.1
 
compile:
      [echo] Starting Java compiler using the current JVM
      [echo] Settings:
      [echo]         debug: on
      [echo]      optimize: off
      [echo]   deprecation: default
      [echo]       verbose: default
      [echo]      encoding: UTF-8
      [echo]        source: default
      [echo]        target: default
      [echo]  source paths: 
      [echo]       D:\Users\pedro.jimenez\Desktop\Nobel\nwds-extsoa-7.3-EHP1-SP17-PAT0000-win32\eclipse\workspace.jdi\LocalDevelopment\SALESFORCE_BPM_SC\nobelbiocare.com\po_salesforce_02\bl\caf\ejbmodule\_comp\ejbModule
      [echo]       D:\Users\pedro.jimenez\Desktop\Nobel\nwds-extsoa-7.3-EHP1-SP17-PAT0000-win32\eclipse\workspace.jdi\LocalDevelopment\SALESFORCE_BPM_SC\nobelbiocare.com\po_salesforce_02\bl\caf\ejbmodule\_comp\src
      [echo]    class path:
      [echo]       D:\Users\pedro.jimenez\Desktop\Nobel\nwds-extsoa-7.3-EHP1-SP17-PAT0000-win32\eclipse\workspace.jdi\LocalDevelopment\ENGFACADE\sap.com\tc\bl\logging\api\_comp\gen\default\public\api\lib\java\tc~bl~logging~api~defaultttt.jar
      [echo]       D:\Users\pedro.jimenez\Desktop\Nobel\nwds-extsoa-7.3-EHP1-SP17-PAT0000-win32\eclipse\workspace.jdi\LocalDevelopment\CAF\sap.com\caf\core\ear\_comp\gen\default\public\client\lib\java\sap.com~caf~core~ear~client.jar
      [echo]       D:\Users\pedro.jimenez\Desktop\Nobel\nwds-extsoa-7.3-EHP1-SP17-PAT0000-win32\eclipse\workspace.jdi\LocalDevelopment\CAF\sap.com\caf\runtime\ear\_comp\gen\default\public\api\lib\java\sap.com~caf~runtime~ear~api.jar
      [echo]       D:\Users\pedro.jimenez\Desktop\Nobel\nwds-extsoa-7.3-EHP1-SP17-PAT0000-win32\eclipse\workspace.jdi\LocalDevelopment\ENGFACADE\sap.com\tc\bl\jra\api\_comp\gen\default\public\api\lib\java\tc~bl~jra~api.jar
      [echo]       D:\Users\pedro.jimenez\Desktop\Nobel\nwds-extsoa-7.3-EHP1-SP17-PAT0000-win32\eclipse\workspace.jdi\LocalDevelopment\ENGFACADE\sap.com\tc\je\usermanagement\api\_comp\gen\default\public\api\lib\java\tc~je~usermanagement~api.jar
      [echo]       D:\Users\pedro.jimenez\Desktop\Nobel\nwds-extsoa-7.3-EHP1-SP17-PAT0000-win32\eclipse\workspace.jdi\LocalDevelopment\ENGFACADE\sap.com\tc\bl\exception\lib\_comp\gen\default\public\api\lib\java\core.exception.lib.api.jar
      [echo]       D:\Users\pedro.jimenez\Desktop\Nobel\nwds-extsoa-7.3-EHP1-SP17-PAT0000-win32\eclipse\workspace.jdi\LocalDevelopment\CAF\sap.com\caf\core\ear\_comp\gen\default\public\gen_client\lib\java\sap.com~caf~core~ear~gen_client.jar
      [echo]       D:\Users\pedro.jimenez\Desktop\Nobel\nwds-extsoa-7.3-EHP1-SP17-PAT0000-win32\eclipse\workspace.jdi\LocalDevelopment\ENGFACADE\sap.com\engine.jee5.facade\_comp\gen\default\public\api\lib\java\ec~java~jsf~api.jar
      [echo]       D:\Users\pedro.jimenez\Desktop\Nobel\nwds-extsoa-7.3-EHP1-SP17-PAT0000-win32\eclipse\workspace.jdi\LocalDevelopment\ENGFACADE\sap.com\engine.jee5.facade\_comp\gen\default\public\api\lib\java\engine.jee5.facade.jar
      [echo]       D:\Users\pedro.jimenez\Desktop\Nobel\nwds-extsoa-7.3-EHP1-SP17-PAT0000-win32\eclipse\workspace.jdi\LocalDevelopment\ENGFACADE\sap.com\engine.jee5.facade\_comp\gen\default\public\api\lib\java\orpersistence_client_lib_filtered.jar
      [echo]       D:\Users\pedro.jimenez\Desktop\Nobel\nwds-extsoa-7.3-EHP1-SP17-PAT0000-win32\eclipse\workspace.jdi\LocalDevelopment\ENGFACADE\sap.com\tc\je\webservices\api\_comp\gen\default\public\api\lib\java\tc~je~webservices~api.jar
      [echo]       D:\Users\pedro.jimenez\Desktop\Nobel\nwds-extsoa-7.3-EHP1-SP17-PAT0000-win32\eclipse\workspace.jdi\LocalDevelopment\CAF\sap.com\caf\runtime\ear\_comp\gen\default\public\gen_api\lib\java\sap.com~caf~runtime~ear~gen_api.jar
      [echo]    output dir: D:\Users\pedro.jimenez\Desktop\Nobel\nwds-extsoa-7.3-EHP1-SP17-PAT0000-win32\eclipse\workspace.jdi\LocalDevelopment\t\4C4FF6BBC04EFBDCE2CBB4588AC6328A\classes
     [timer] Java compilation finished in 0.006 seconds
 
      [echo] Start XLF conversion
  [xlf2prop] Found 0 XLF files to convert in folder "ejbModule"
  [xlf2prop] Found 0 XLF files to convert in folder "src"
     [timer] XLF conversion finished in 0 seconds
 
 
Xlf2PropBase:
      [echo] Start XLF conversion
  [xlf2prop] Found 0 XLF files to convert in folder "mc"
     [timer] XLF conversion finished in 0.008 seconds
 
 
ScdlBase:
  [MOINInit] Meta models found.
  [MOINInit] Referenced meta-model: D:\Users\pedro.jimenez\Desktop\Nobel\nwds-extsoa-7.3-EHP1-SP17-PAT0000-win32\eclipse\workspace.jdi\LocalDevelopment\ESCONF_BUILDT\sap.com\ide\es\config\mc\model\bi\_comp\gen\default\public\MM_Inf\lib\moin\sap.com~ide~es~config~mc~model_xmi.zip
  [MOINInit] Referenced meta-model: D:\Users\pedro.jimenez\Desktop\Nobel\nwds-extsoa-7.3-EHP1-SP17-PAT0000-win32\eclipse\workspace.jdi\LocalDevelopment\MOIN_BUILDT\sap.com\tc\moin\bi\model\textverticalization\_comp\gen\default\public\MM_Inf\lib\moin\sap.com~tc~moin~model~textverticalization_xmi.zip
  [MOINInit] DataArea name: DefaultDataArea
  [MOINInit] Moin initialized in 139 milliseconds.
      [echo] Registering folder: gensrc/extcfg for path: D:\Users\pedro.jimenez\Desktop\Nobel\nwds-extsoa-7.3-EHP1-SP17-PAT0000-win32\eclipse\workspace.jdi\LocalDevelopment\t\4C4FF6BBC04EFBDCE2CBB4588AC6328A\gensrc\extcfg/
      [echo] Starting Extension Configuration generator...
  [gen_scdl] 		[SCDL_GEN] Initializing Scdl Generation...
  [gen_scdl] 		[SCDL_GEN] Initialization successfully completed.
  [gen_scdl] 		[SCDL_GEN] Starting retrieval of information from contributors...
  [gen_scdl] 		[SCDL_GEN] Information retrieval from contributors successfully completed!
  [gen_scdl] 		[SCDL_GEN] Starting composite export to SCDL...
  [gen_scdl] 			[SCDL-EXPORT] Scdl file output location: D:\Users\pedro.jimenez\Desktop\Nobel\nwds-extsoa-7.3-EHP1-SP17-PAT0000-win32\eclipse\workspace.jdi\LocalDevelopment\t\4C4FF6BBC04EFBDCE2CBB4588AC6328A/scdl_output\META-INF\po_salesforce_02~bl~caf~ejbmodule.composite
  [gen_scdl] 			[SCDL-EXPORT] sca contribution XML output location: D:\Users\pedro.jimenez\Desktop\Nobel\nwds-extsoa-7.3-EHP1-SP17-PAT0000-win32\eclipse\workspace.jdi\LocalDevelopment\t\4C4FF6BBC04EFBDCE2CBB4588AC6328A/scdl_output\META-INF\sca-contribution.xml
  [gen_scdl] 		[SCDL_GEN] Conversion successfully completed!
     [timer] Extension Configuration generator finished in 0.114 seconds
 
[MOINShutdown] About to shutdown MOIN...
[MOINShutdown] MOIN shut down in 51 milliseconds.
 
createPublicParts:
  [pppacker] Packing public part 'client'
  [pppacker] Nothing packed for public part 'client'
     [timer] Packing of public part 'client' finished in 0.095 seconds
 
  [pppacker] Packing public part 'ejbjar'
  [pppacker] Packed   2 files for entity po_salesforce_02/bl/caf/ejbmodule (Composite Entity)
  [pppacker] Packed  12 files for entity nobelbiocare.com~po_salesforce_02~bl~caf~ejbmodule (EJB-JAR)
  [pppacker] Packed   0 files for entity po_salesforce_02/bl/caf/ejbmodule (Xlf2Prop Entity)
  [pppacker] Packed 3 entities for public part 'ejbjar'
     [timer] Packing of public part 'ejbjar' finished in 0.141 seconds
 
  [pppacker] Packing public part 'gen_client'
  [pppacker] Packed  12 files for entity META-INF (Folder Tree)
  [pppacker] Packed   0 files for entity com.nobelbiocare.po_salesforce_02.bl.caf (Java Package Tree/Class, com/nobelbiocare/po_salesforce_02/bl/caf/)
  [pppacker] Packed   0 files for entity com.nobelbiocare.po_salesforce_02.bl.caf (Java Package Tree/Source, com/nobelbiocare/po_salesforce_02/bl/caf/)
  [pppacker] Packed 3 entities for public part 'gen_client'
     [timer] Packing of public part 'gen_client' finished in 0.126 seconds
 
  [pppacker] Packing public part 'persistence'
  [pppacker] Nothing packed for public part 'persistence'
     [timer] Packing of public part 'persistence' finished in 0.099 seconds
 
 
build:
 
Ant runtime 0.863 seconds
 
Ant build finished OK
MOIN forced shutdown initiated.
 
Build plugin finished at 2017-01-13 12:06:29 GMT+01:00 (CET)
Total build plugin runtime: 1.932 seconds
 
Build finished with WARNING

==== Post-Processing ====   started at 2017-01-13 12:06:29.729 CET
Comparison of previous and actual build results took: 0.032 seconds

Copy the build results 
  from: D:\Users\pedro.jimenez\Desktop\Nobel\nwds-extsoa-7.3-EHP1-SP17-PAT0000-win32\eclipse\workspace.jdi\LocalDevelopment\t2\4C4FF6BBC04EFBDCE2CBB4588AC6328A\default\
  to:   D:\Users\pedro.jimenez\Desktop\Nobel\nwds-extsoa-7.3-EHP1-SP17-PAT0000-win32\eclipse\workspace.jdi\LocalDevelopment\SALESFORCE_BPM_SC\nobelbiocare.com\po_salesforce_02\bl\caf\ejbmodule\_comp\gen\default\

The build results of the following public parts were not copied, since they have not changed:
  ejbjar
  client
  persistence
  gen_client