Development Component Build (2017-11-14 10:28:57 GMT+01:00 (CET))
  Component name: p_sfdc/pr/pm/re/sales_per
  Component vendor: nobelbiocare.com
  SC compartment: SC_SFDC
  Configuration: LocalDevelopment
  Location: localDevelopment
  Source code location: pedro.jimenez@MADNB2016
  DC root folder: D:\Users\pedro.jimenez\Desktop\Nobel\nwds-extsoa-7.3-EHP1-SP17-PAT0000-win32\eclipse\workspace.jdi\LocalDevelopment\SC_SFDC\nobelbiocare.com\p_sfdc\pr\pm\re\sales_per\_comp\
  DC type: Process Composer
  Host: MADNB2016

DC Model check:
   DC is available locally
   validating dependency to build plugin "sap.com/tc/bpem/bi/bp/buildtool"
   validating dependency to used DC "nobelbiocare.com/p_sfdc/infra/sgc"
   validating dependency to  public part "mc" of DC "nobelbiocare.com/p_sfdc/infra/sgc"
   validating dependency to used DC "sap.com/bie/sca/scdl/contributors/glx"
   validating dependency to  public part "def" of DC "sap.com/bie/sca/scdl/contributors/glx"
   validating dependency to used DC "sap.com/bie/sca/scdl/contributors/maas"
   validating dependency to  public part "def" of DC "sap.com/bie/sca/scdl/contributors/maas"
   validating dependency to used DC "sap.com/bie/sca/scdl/contributors/mc"
   validating dependency to  public part "def" of DC "sap.com/bie/sca/scdl/contributors/mc"
   validating dependency to  public part "def" of DC "sap.com/bie/sca/scdl/contributors/xi"
   validating dependency to used DC "sap.com/bie/sca/scdl/gen"
   validating dependency to  public part "def" of DC "sap.com/bie/sca/scdl/gen"
   validating dependency to used DC "sap.com/bie/sca/scdl/gen/mc"
   validating dependency to  public part "def" of DC "sap.com/bie/sca/scdl/gen/mc"
   validating dependency to used DC "sap.com/bie/sca/scdl/gen/xlf2prop"
   validating dependency to  public part "def" of DC "sap.com/bie/sca/scdl/gen/xlf2prop"
   validating dependency to  public part "MM_Inf" of DC "sap.com/ide/es/config/mc/model/bi"
   validating dependency to used DC "sap.com/tc/bpem/content/predefs/default"
   validating dependency to  public part "def_cmp" of DC "sap.com/tc/bpem/content/predefs/default"
   validating dependency to used DC "sap.com/tc/bpem/content/predefs/types"
   validating dependency to  public part "def_cmp" of DC "sap.com/tc/bpem/content/predefs/types"
   validating dependency to  public part "MM_Inf" of DC "sap.com/tc/moin/bi/model/textverticalization"
   validating dependency to  public part "def" of DC "sap.com/tc/moin/bi/moinext"
   validating dependency to  public part "libinf" of DC "sap.com/tc/moin/bi/moinlibs"
   DC model check OK

Start build plugin:
   using build plugin: sap.com/tc/bpem/bi/bp/buildtool
   starting build plugin from : D:\Users\pedro.jimenez\Desktop\Nobel\nwds-extsoa-7.3-EHP1-SP17-PAT0000-win32\eclipse\workspace.jdi\LocalDevelopment\BPEM-BUILDT\sap.com\tc\bpem\bi\bp\buildtool\_comp\gen\default\public\def\



Build Plugin 'sap.com/tc/bpem/bi/bp/buildtool', Version 7.30 SP 17 (NW731CORE_17_REL, built on 2015-09-16 20:53:16 +0200, CL209430)
   development component:  p_sfdc/pr/pm/re/sales_per (nobelbiocare.com)
      software component:  SC_SFDC (nobelbiocare.com)
                location:  localDevelopment
                    type:  Process Composer
           build variant:  default
         source location:  pedro.jimenez@MADNB2016
         output location:  D:\Users\pedro.jimenez\Desktop\Nobel\nwds-extsoa-7.3-EHP1-SP17-PAT0000-win32\eclipse\workspace.jdi\LocalDevelopment\t2\32E7EA902AB52917166D67013625D368\default
       generation folder:  D:\Users\pedro.jimenez\Desktop\Nobel\nwds-extsoa-7.3-EHP1-SP17-PAT0000-win32\eclipse\workspace.jdi\LocalDevelopment\t\32E7EA902AB52917166D67013625D368
       plugin start time:  2017-11-14 10:28:57 GMT+01:00 (CET)
                 Java VM:  Java HotSpot(TM) Client VM, 20.45-b01 (1.6, Sun Microsystems Inc.)


General options:
  convert *.xlf to *.properties: yes
  include sources for debugging: yes
 


Checking path lengths for sources
This component contains long pathnames, this may lead to build errors or unexpected results. (For example: D:\Users\pedro.jimenez\Desktop\Nobel\nwds-extsoa-7.3-EHP1-SP17-PAT0000-win32\eclipse\workspace.jdi\LocalDevelopment\SC_SFDC\nobelbiocare.com\p_sfdc\pr\pm\re\sales_per\_comp\mc\com\sap\netweaver\developerstudio\cc\LocalDevelopment~p_sfdc~pr~pm~re~sales_per~nobelbiocare\com\Business User.authprofile )
Path length checks finished in 0 seconds
 
Preparing data context..
Data context preparation finished in 0 seconds
 
Creating Ant build file..
  Creating output file: D:\Users\pedro.jimenez\Desktop\Nobel\nwds-extsoa-7.3-EHP1-SP17-PAT0000-win32\eclipse\workspace.jdi\LocalDevelopment\t2\32E7EA902AB52917166D67013625D368\default\logs\build.xml
  Using Java class:     com.sap.tc.glx.BuildFileCreator
Mapped output path "default" of generator "sap.com~bpem_chain/moininit" is not defined.
MoinInit generator started.
MOIN archive DC referenced: sap.com/tc/bpem/content/predefs/default
MOIN archive found: D:\Users\pedro.jimenez\Desktop\Nobel\nwds-extsoa-7.3-EHP1-SP17-PAT0000-win32\eclipse\workspace.jdi\LocalDevelopment\BPEM-CONTENT\sap.com\tc\bpem\content\predefs\default\_comp\gen\default\public\def_cmp\lib\moin\sap.com~tc~bpem~content~predefs~default~def_cmp.zip
MOIN archive DC referenced: sap.com/tc/bpem/content/predefs/types
MOIN archive found: D:\Users\pedro.jimenez\Desktop\Nobel\nwds-extsoa-7.3-EHP1-SP17-PAT0000-win32\eclipse\workspace.jdi\LocalDevelopment\SERVICE-COMP\sap.com\tc\bpem\content\predefs\types\_comp\gen\default\public\def_cmp\lib\moin\sap.com~tc~bpem~content~predefs~types~def_cmp.zip
Metamodels found.
MoinInit generator started.
MOIN archive DC referenced: sap.com/tc/bpem/content/predefs/default
MOIN archive found: D:\Users\pedro.jimenez\Desktop\Nobel\nwds-extsoa-7.3-EHP1-SP17-PAT0000-win32\eclipse\workspace.jdi\LocalDevelopment\BPEM-CONTENT\sap.com\tc\bpem\content\predefs\default\_comp\gen\default\public\def_cmp\lib\moin\sap.com~tc~bpem~content~predefs~default~def_cmp.zip
MOIN archive DC referenced: sap.com/tc/bpem/content/predefs/types
MOIN archive found: D:\Users\pedro.jimenez\Desktop\Nobel\nwds-extsoa-7.3-EHP1-SP17-PAT0000-win32\eclipse\workspace.jdi\LocalDevelopment\SERVICE-COMP\sap.com\tc\bpem\content\predefs\types\_comp\gen\default\public\def_cmp\lib\moin\sap.com~tc~bpem~content~predefs~types~def_cmp.zip
Metamodels found.
Output folder found.
Target "Xlf2PropBase" has a dependency on "compile" but no such target exists. Dependency will be ignored.
Target "ScdlBase" has a dependency on "compile" but no such target exists. Dependency will be ignored.
Build file creation finished in 0.093 seconds
 
Starting Ant..
  Using build file:     D:\Users\pedro.jimenez\Desktop\Nobel\nwds-extsoa-7.3-EHP1-SP17-PAT0000-win32\eclipse\workspace.jdi\LocalDevelopment\t2\32E7EA902AB52917166D67013625D368\default\logs\build.xml
  Using build target:   build
  Using Ant version:    1.7.1
 
ScdlBase:
  [MOINInit] Meta models found.
  [MOINInit] Referenced meta-model: D:\Users\pedro.jimenez\Desktop\Nobel\nwds-extsoa-7.3-EHP1-SP17-PAT0000-win32\eclipse\workspace.jdi\LocalDevelopment\ESCONF_BUILDT\sap.com\ide\es\config\mc\model\bi\_comp\gen\default\public\MM_Inf\lib\moin\sap.com~ide~es~config~mc~model_xmi.zip
  [MOINInit] Referenced meta-model: D:\Users\pedro.jimenez\Desktop\Nobel\nwds-extsoa-7.3-EHP1-SP17-PAT0000-win32\eclipse\workspace.jdi\LocalDevelopment\ESMP_BUILDT\sap.com\tc\bpem\bi\model\flow\_comp\gen\default\public\MM_Inf\lib\moin\glx~ide_xmi.jar
  [MOINInit] Referenced meta-model: D:\Users\pedro.jimenez\Desktop\Nobel\nwds-extsoa-7.3-EHP1-SP17-PAT0000-win32\eclipse\workspace.jdi\LocalDevelopment\BPEM-BUILDT\sap.com\tc\bpem\bi\model\triggernet\_comp\gen\default\public\MM_Inf\lib\moin\glx~tnet_xmi.jar
  [MOINInit] Referenced meta-model: D:\Users\pedro.jimenez\Desktop\Nobel\nwds-extsoa-7.3-EHP1-SP17-PAT0000-win32\eclipse\workspace.jdi\LocalDevelopment\ESMP_BUILDT\sap.com\tc\esmp\bi\model\wsdl20\_comp\gen\default\public\MM_Inf\lib\moin\sap.com~tc~esmp~model~wsdl20_xmi.zip
  [MOINInit] Referenced meta-model: D:\Users\pedro.jimenez\Desktop\Nobel\nwds-extsoa-7.3-EHP1-SP17-PAT0000-win32\eclipse\workspace.jdi\LocalDevelopment\ESMP_BUILDT\sap.com\tc\esmp\bi\model\xsd1\_comp\gen\default\public\MM_Inf\lib\moin\sap.com~tc~esmp~model~xsd1_xmi.zip
  [MOINInit] Referenced meta-model: D:\Users\pedro.jimenez\Desktop\Nobel\nwds-extsoa-7.3-EHP1-SP17-PAT0000-win32\eclipse\workspace.jdi\LocalDevelopment\MOIN_BUILDT\sap.com\tc\mie\bi\model\gfw\_comp\gen\default\public\MM_Inf\lib\moin\sap.com~com~sap~mi~gfw~mm~def_assmbl.zip
  [MOINInit] Referenced meta-model: D:\Users\pedro.jimenez\Desktop\Nobel\nwds-extsoa-7.3-EHP1-SP17-PAT0000-win32\eclipse\workspace.jdi\LocalDevelopment\MOIN_BUILDT\sap.com\tc\moin\bi\model\textverticalization\_comp\gen\default\public\MM_Inf\lib\moin\sap.com~tc~moin~model~textverticalization_xmi.zip
  [MOINInit] Referenced meta-model: D:\Users\pedro.jimenez\Desktop\Nobel\nwds-extsoa-7.3-EHP1-SP17-PAT0000-win32\eclipse\workspace.jdi\LocalDevelopment\MOIN_BUILDT\sap.com\tc\moin\bi\model\util\_comp\gen\default\public\MM_Inf\lib\moin\sap.com~tc~moin~model~util_xmi.zip
  [MOINInit] DataArea name: DefaultDataArea
  [MOINInit] Moin initialized in 1000 milliseconds.
      [echo] Registering folder: gensrc/extcfg for path: D:\Users\pedro.jimenez\Desktop\Nobel\nwds-extsoa-7.3-EHP1-SP17-PAT0000-win32\eclipse\workspace.jdi\LocalDevelopment\t\32E7EA902AB52917166D67013625D368\gensrc\extcfg/
      [echo] Starting Extension Configuration generator...
  [gen_scdl] 		[SCDL_GEN] Initializing Scdl Generation...
  [gen_scdl] 		[SCDL_GEN] Initialization successfully completed.
  [gen_scdl] 		[SCDL_GEN] Starting retrieval of information from contributors...
  [gen_scdl] [System.out] [Invoked from com.sap.tc.esmp.tools.wsdlexport.core.SdoWsdlExporter.addSchemaDoc(SdoWsdlExporter.java:453)]
  [gen_scdl] [System.out] inline
  [gen_scdl] 		[SCDL_GEN] Information retrieval from contributors successfully completed!
  [gen_scdl] 		[SCDL_GEN] Starting composite export to SCDL...
  [gen_scdl] 			[SCDL-EXPORT] Scdl file output location: D:\Users\pedro.jimenez\Desktop\Nobel\nwds-extsoa-7.3-EHP1-SP17-PAT0000-win32\eclipse\workspace.jdi\LocalDevelopment\t\32E7EA902AB52917166D67013625D368/scdl_output\META-INF\p_sfdc~pr~pm~re~sales_per.composite
  [gen_scdl] 			[SCDL-EXPORT] sca contribution XML output location: D:\Users\pedro.jimenez\Desktop\Nobel\nwds-extsoa-7.3-EHP1-SP17-PAT0000-win32\eclipse\workspace.jdi\LocalDevelopment\t\32E7EA902AB52917166D67013625D368/scdl_output\META-INF\sca-contribution.xml
  [gen_scdl] 		[SCDL_GEN] Conversion successfully completed!
     [timer] Extension Configuration generator finished in 1.312 seconds
 
[MOINShutdown] About to shutdown MOIN...
[MOINShutdown] MOIN shut down in 78 milliseconds.
 
Xlf2PropBase:
      [echo] Start XLF conversion
  [xlf2prop] Found 6 XLF files to convert in folder "mc"
     [timer] XLF conversion finished in 0.266 seconds
 
      [copy] Copying 6 files to D:\Users\pedro.jimenez\Desktop\Nobel\nwds-extsoa-7.3-EHP1-SP17-PAT0000-win32\eclipse\workspace.jdi\LocalDevelopment\t\32E7EA902AB52917166D67013625D368\xlf_out
 
Bpem:
  [MOINInit] Meta models found.
  [MOINInit] Referenced meta-model: D:\Users\pedro.jimenez\Desktop\Nobel\nwds-extsoa-7.3-EHP1-SP17-PAT0000-win32\eclipse\workspace.jdi\LocalDevelopment\ESCONF_BUILDT\sap.com\ide\es\config\mc\model\bi\_comp\gen\default\public\MM_Inf\lib\moin\sap.com~ide~es~config~mc~model_xmi.zip
  [MOINInit] Referenced meta-model: D:\Users\pedro.jimenez\Desktop\Nobel\nwds-extsoa-7.3-EHP1-SP17-PAT0000-win32\eclipse\workspace.jdi\LocalDevelopment\ESMP_BUILDT\sap.com\tc\bpem\bi\model\flow\_comp\gen\default\public\MM_Inf\lib\moin\glx~ide_xmi.jar
  [MOINInit] Referenced meta-model: D:\Users\pedro.jimenez\Desktop\Nobel\nwds-extsoa-7.3-EHP1-SP17-PAT0000-win32\eclipse\workspace.jdi\LocalDevelopment\BPEM-BUILDT\sap.com\tc\bpem\bi\model\triggernet\_comp\gen\default\public\MM_Inf\lib\moin\glx~tnet_xmi.jar
  [MOINInit] Referenced meta-model: D:\Users\pedro.jimenez\Desktop\Nobel\nwds-extsoa-7.3-EHP1-SP17-PAT0000-win32\eclipse\workspace.jdi\LocalDevelopment\ESMP_BUILDT\sap.com\tc\esmp\bi\model\wsdl20\_comp\gen\default\public\MM_Inf\lib\moin\sap.com~tc~esmp~model~wsdl20_xmi.zip
  [MOINInit] Referenced meta-model: D:\Users\pedro.jimenez\Desktop\Nobel\nwds-extsoa-7.3-EHP1-SP17-PAT0000-win32\eclipse\workspace.jdi\LocalDevelopment\ESMP_BUILDT\sap.com\tc\esmp\bi\model\xsd1\_comp\gen\default\public\MM_Inf\lib\moin\sap.com~tc~esmp~model~xsd1_xmi.zip
  [MOINInit] Referenced meta-model: D:\Users\pedro.jimenez\Desktop\Nobel\nwds-extsoa-7.3-EHP1-SP17-PAT0000-win32\eclipse\workspace.jdi\LocalDevelopment\MOIN_BUILDT\sap.com\tc\mie\bi\model\gfw\_comp\gen\default\public\MM_Inf\lib\moin\sap.com~com~sap~mi~gfw~mm~def_assmbl.zip
  [MOINInit] Referenced meta-model: D:\Users\pedro.jimenez\Desktop\Nobel\nwds-extsoa-7.3-EHP1-SP17-PAT0000-win32\eclipse\workspace.jdi\LocalDevelopment\MOIN_BUILDT\sap.com\tc\moin\bi\model\textverticalization\_comp\gen\default\public\MM_Inf\lib\moin\sap.com~tc~moin~model~textverticalization_xmi.zip
  [MOINInit] Referenced meta-model: D:\Users\pedro.jimenez\Desktop\Nobel\nwds-extsoa-7.3-EHP1-SP17-PAT0000-win32\eclipse\workspace.jdi\LocalDevelopment\MOIN_BUILDT\sap.com\tc\moin\bi\model\util\_comp\gen\default\public\MM_Inf\lib\moin\sap.com~tc~moin~model~util_xmi.zip
  [MOINInit] DataArea name: DefaultDataArea
  [MOINInit] Moin initialized in 1063 milliseconds.
  [BpemTask] BC-BMT-BPM-SRV com.sap.tc.glx.BpemTask execute() - Metamodel version validation...
  [BpemTask] BC-BMT-BPM-SRV com.sap.tc.glx.BpemTask execute() - Sanity check is enabled, com.glx.sanity.check system property isn't false.
  [BpemTask] WSDL Location:src/wsdl/rootwsdl_SimpleTimerServices.wsdl
  [BpemTask] PF.DefaultDataArea:DCs/sap.com/tc/bpem/content/predefs/default
  [BpemTask] WSDL Location:src/wsdl/MI279_BPM_SalesRepPerformance_Push_os.wsdl
  [BpemTask] PF.DefaultDataArea:DCs/nobelbiocare.com/p_sfdc/pr/pm/re/sales_per
  [BpemTask] [System.out] [Invoked from com.sap.tc.esmp.tools.wsdlexport.core.SdoWsdlExporter.addSchemaDoc(SdoWsdlExporter.java:453)]
  [BpemTask] [System.out] inline
  [BpemTask] WSDL Location:src/wsdl/MI288_BPM_GetJobResult_os.wsdl
  [BpemTask] PF.DefaultDataArea:DCs/nobelbiocare.com/p_sfdc/pr/pm/re/sales_per
  [BpemTask] WSDL Location:src/wsdl/OM_SalesRep_Rejected.wsdl
  [BpemTask] PF.DefaultDataArea:DCs/nobelbiocare.com/p_sfdc/pr/pm/re/sales_per
  [BpemTask] WSDL Location:src/wsdl/MI279_BPM_Get_UserId_os.wsdl
  [BpemTask] PF.DefaultDataArea:DCs/nobelbiocare.com/p_sfdc/pr/pm/re/sales_per
  [BpemTask] WSDL Location:src/wsdl/OM_SalesRep_Owner.wsdl
  [BpemTask] PF.DefaultDataArea:DCs/nobelbiocare.com/p_sfdc/pr/pm/re/sales_per
  [BpemTask] WSDL Location:src/wsdl/MI279_BPM_Get_UserSalesOrg_os.wsdl
  [BpemTask] PF.DefaultDataArea:DCs/nobelbiocare.com/p_sfdc/pr/pm/re/sales_per
  [BpemTask] WSDL Location:src/wsdl/MI286_BPM_ControlFlow_oa.wsdl
  [BpemTask] PF.DefaultDataArea:DCs/nobelbiocare.com/p_sfdc/pr/pm/re/sales_per
  [BpemTask] BC-BMT-BPM-SRV com.sap.tc.glx.SourceVersioner compile(host, artifact) - Generating version IDs for sources...
  [BpemTask] BC-BMT-BPM-SRV com.sap.tc.glx.BpemTask execute() - Initiating rule compilation.
  [BpemTask] BC-BMT-BPM-SRV com.sap.tc.glx.BpemTask execute() - Initiating event definition constraint check.
  [BpemTask] BC-BMT-BPM-SRV com.sap.tc.glx.BpemTask execute() - Constraint check for event definitions is done.
  [BpemTask] BC-BMT-BPM-SRV com.sap.tc.glx.BpemTask execute() - Initiating event definition compilation.
  [BpemTask] BC-BMT-BPM-SRV com.sap.tc.glx.BpemTask execute() - Event def: com.sap.glx.ide.model.galaxy.workflow.MessageEventDefinition (Java Type)
  [BpemTask] Galaxy.Workflow.MessageEventDefinition (MOF Type)
  [BpemTask] PF.DefaultDataArea:DCs/nobelbiocare.com/p_sfdc/pr/pm/re/sales_per/_comp/src/triggers/tr_start_rev_sales_rep_performance.eventdef#E088335F13BA2230F51711E6A75A548757986900 (MRI)
  [BpemTask] BC-BMT-BPM-SRV com.sap.tc.glx.BpemTask processCompilerObj(obj , compDir) - Compiling [com.sap.tc.esmp.mm.xsd1.XsdElementDeclaration (Java Type)
  [BpemTask] XSD1.XsdElementDeclaration (MOF Type)
  [BpemTask] PF.DefaultDataArea:DCs/nobelbiocare.com/p_sfdc/pr/pm/re/sales_per/_comp/rep/wsdl/nobelbiocare.com.bpm.sfdc.revenue.types#E0870461E4DCC61EF51611E69DC3548757986900 (MRI)], CompilerType: TYPECOMPILER
  [BpemTask] BC-BMT-BPM-SRV com.sap.tc.glx.BpemTask processCompilerObj(obj , compDir) - Compiling com.sap.glx.ide.model.galaxy.workflow.MessageEventDefinition (Java Type)
  [BpemTask] Galaxy.Workflow.MessageEventDefinition (MOF Type)
  [BpemTask] PF.DefaultDataArea:DCs/nobelbiocare.com/p_sfdc/pr/pm/re/sales_per/_comp/src/triggers/tr_start_rev_sales_rep_performance.eventdef#E088335F13BA2230F51711E6A75A548757986900 (MRI), CompilerType: INTERFACECOMPILER
  [BpemTask] BC-BMT-BPM-SRV com.sap.tc.glx.BpemTask execute() - Initiating task constraint check.
  [BpemTask] BC-BMT-BPM-SRV com.sap.tc.glx.BpemTask execute() - Constraint check for Tasks is done.
  [BpemTask] BC-BMT-BPM-SRV com.sap.tc.glx.BpemTask execute() - Initiating task compilation.
  [BpemTask] BC-BMT-BPM-SRV com.sap.tc.glx.BpemTask execute() - Initiating data mapping validation.
  [BpemTask] BC-BMT-BPM-SRV com.sap.tc.glx.BpemTask execute() - Data mapping validation is done.
  [BpemTask] BC-BMT-BPM-SRV com.sap.tc.glx.BpemTask execute() - Initiating process constraint check.
  [BpemTask] BC-BMT-BPM-SRV com.sap.tc.glx.BpemTask execute() - Constraint check for processes is done
  [BpemTask] BC-BMT-BPM-SRV com.sap.tc.glx.BpemTask execute() - Initiating process compilation.
  [BpemTask] BC-BMT-BPM-SRV com.sap.tc.glx.BpemTask processCompilerObj(obj , compDir) - Compiling com.sap.glx.ide.model.galaxy.workflow.Collaboration (Java Type)
  [BpemTask] Galaxy.Workflow.Collaboration (MOF Type)
  [BpemTask] PF.DefaultDataArea:DCs/nobelbiocare.com/p_sfdc/pr/pm/re/sales_per/_comp/src/bpmn/p_bpm_003_revenue_sales_rep_performance.bpmn#E057AD967DCACCEDF51611E6C9A5548757986900 (MRI), CompilerType: XLFFACTORY
  [BpemTask] Packaging XLF file 'D:\Users\pedro.jimenez\Desktop\Nobel\nwds-extsoa-7.3-EHP1-SP17-PAT0000-win32\eclipse\workspace.jdi\LocalDevelopment\SC_SFDC\nobelbiocare.com\p_sfdc\pr\pm\re\sales_per\_comp\src\bpmn\p_bpm_003_revenue_sales_rep_performance.bpmn.xlf'.
  [BpemTask] BC-BMT-BPM-SRV com.sap.tc.glx.BpemTask processCompilerObj(obj , compDir) - Compiling com.sap.glx.ide.model.galaxy.workflow.Collaboration (Java Type)
  [BpemTask] Galaxy.Workflow.Collaboration (MOF Type)
  [BpemTask] PF.DefaultDataArea:DCs/nobelbiocare.com/p_sfdc/pr/pm/re/sales_per/_comp/src/bpmn/p_bpm_003_revenue_sales_rep_performance.bpmn#E057AD967DCACCEDF51611E6C9A5548757986900 (MRI), CompilerType: DIAGRAMTOXMLCONVERTER
  [BpemTask] PV file generation: parsing...
  [BpemTask] PV file generation done.
  [BpemTask] BC-BMT-BPM-SRV com.sap.tc.glx.BpemTask processCompilerObj(obj , compDir) - Compiling [com.sap.tc.esmp.mm.xsd1.XsdElementDeclaration (Java Type)
  [BpemTask] XSD1.XsdElementDeclaration (MOF Type)
  [BpemTask] PF.DefaultDataArea:DCs/nobelbiocare.com/p_sfdc/pr/pm/re/sales_per/_comp/src/bpmn/p_bpm_003_revenue_sales_rep_performance.bpmn#E0677A9AB66564FBFCE311E6AB1454EFEC7B6400 (MRI)], CompilerType: TYPECOMPILER
  [BpemTask] BC-BMT-BPM-SRV com.sap.tc.glx.BpemTask processCompilerObj(obj , compDir) - Compiling [com.sap.tc.esmp.mm.xsd1.XsdElementDeclaration (Java Type)
  [BpemTask] XSD1.XsdElementDeclaration (MOF Type)
  [BpemTask] PF.DefaultDataArea:DCs/nobelbiocare.com/p_sfdc/pr/pm/re/sales_per/_comp/src/bpmn/p_bpm_003_revenue_sales_rep_performance.bpmn#E0677A9AB662EF3BFCE311E6955D54EFEC7B6400 (MRI)], CompilerType: TYPECOMPILER
  [BpemTask] BC-BMT-BPM-SRV com.sap.tc.glx.BpemTask processCompilerObj(obj , compDir) - Compiling [com.sap.tc.esmp.mm.xsd1.XsdElementDeclaration (Java Type)
  [BpemTask] XSD1.XsdElementDeclaration (MOF Type)
  [BpemTask] PF.DefaultDataArea:DCs/nobelbiocare.com/p_sfdc/pr/pm/re/sales_per/_comp/src/bpmn/p_bpm_003_revenue_sales_rep_performance.bpmn#E0677A9AB65D5C4EFCE311E6A7EC54EFEC7B6400 (MRI)], CompilerType: TYPECOMPILER
  [BpemTask] BC-BMT-BPM-SRV com.sap.tc.glx.BpemTask processCompilerObj(obj , compDir) - Compiling [com.sap.tc.esmp.mm.xsd1.XsdElementDeclaration (Java Type)
  [BpemTask] XSD1.XsdElementDeclaration (MOF Type)
  [BpemTask] PF.DefaultDataArea:DCs/nobelbiocare.com/p_sfdc/pr/pm/re/sales_per/_comp/rep/wsdl/nobelbiocare.com.bpm.sfdc.revenue.types#E0E14F8642869506F56711E69BF5548757986900 (MRI)], CompilerType: TYPECOMPILER
  [BpemTask] BC-BMT-BPM-SRV com.sap.tc.glx.BpemTask processCompilerObj(obj , compDir) - Compiling [com.sap.tc.esmp.mm.xsd1.XsdElementDeclaration (Java Type)
  [BpemTask] XSD1.XsdElementDeclaration (MOF Type)
  [BpemTask] PF.DefaultDataArea:DCs/sap.com/tc/bpem/content/predefs/types/_comp/rep/functions/sap.com/bpem/glx/built-in/text/string.function#481F3B33962EFE711AC311DD803C0018717335EB (MRI), com.sap.tc.esmp.mm.xsd1.XsdElementDeclaration (Java Type)
  [BpemTask] XSD1.XsdElementDeclaration (MOF Type)
  [BpemTask] PF.DefaultDataArea:DCs/sap.com/tc/bpem/content/predefs/types/_comp/rep/functions/sap.com/bpem/glx/built-in/text/string.function#481F3B33962C8D701AC311DDCAE80018717335EB (MRI)], CompilerType: TYPECOMPILER
  [BpemTask] BC-BMT-BPM-SRV com.sap.tc.glx.BpemTask processCompilerObj(obj , compDir) - Compiling [com.sap.tc.esmp.mm.xsd1.XsdElementDeclaration (Java Type)
  [BpemTask] XSD1.XsdElementDeclaration (MOF Type)
  [BpemTask] PF.DefaultDataArea:DCs/nobelbiocare.com/p_sfdc/pr/pm/re/sales_per/_comp/src/bpmn/p_bpm_003_revenue_sales_rep_performance.bpmn#E0677A9A2AB89CBDFCE311E6AE9B54EFEC7B6400 (MRI)], CompilerType: TYPECOMPILER
  [BpemTask] BC-BMT-BPM-SRV com.sap.tc.glx.BpemTask processCompilerObj(obj , compDir) - Compiling [com.sap.tc.esmp.mm.xsd1.XsdElementDeclaration (Java Type)
  [BpemTask] XSD1.XsdElementDeclaration (MOF Type)
  [BpemTask] PF.DefaultDataArea:DCs/nobelbiocare.com/p_sfdc/pr/pm/re/sales_per/_comp/src/bpmn/p_bpm_003_revenue_sales_rep_performance.bpmn#E0677A9A2ACCE781FCE311E682F654EFEC7B6400 (MRI)], CompilerType: TYPECOMPILER
  [BpemTask] BC-BMT-BPM-SRV com.sap.tc.glx.BpemTask processCompilerObj(obj , compDir) - Compiling [com.sap.tc.esmp.mm.xsd1.XsdElementDeclaration (Java Type)
  [BpemTask] XSD1.XsdElementDeclaration (MOF Type)
  [BpemTask] PF.DefaultDataArea:DCs/sap.com/tc/bpem/content/predefs/default/_comp/src/functions/sap.com/bpem/glx/built-in/principal/getprincipals.function#481F3B33968275A41AC311DDC9ED0018717335EB (MRI), com.sap.tc.esmp.mm.xsd1.XsdElementDeclaration (Java Type)
  [BpemTask] XSD1.XsdElementDeclaration (MOF Type)
  [BpemTask] PF.DefaultDataArea:DCs/sap.com/tc/bpem/content/predefs/default/_comp/src/functions/sap.com/bpem/glx/built-in/principal/getprincipals.function#481F3B33968004A11AC311DDAA030018717335EB (MRI)], CompilerType: TYPECOMPILER
  [BpemTask] BC-BMT-BPM-SRV com.sap.tc.glx.BpemTask processCompilerObj(obj , compDir) - Compiling [com.sap.tc.esmp.mm.xsd1.XsdElementDeclaration (Java Type)
  [BpemTask] XSD1.XsdElementDeclaration (MOF Type)
  [BpemTask] PF.DefaultDataArea:DCs/sap.com/tc/bpem/content/predefs/types/_comp/rep/functions/sap.com/bpem/glx/built-in/infinite-integer/integer.function#481F3B3094B186361AC311DDB4480018717335EB (MRI), com.sap.tc.esmp.mm.xsd1.XsdElementDeclaration (Java Type)
  [BpemTask] XSD1.XsdElementDeclaration (MOF Type)
  [BpemTask] PF.DefaultDataArea:DCs/sap.com/tc/bpem/content/predefs/types/_comp/rep/functions/sap.com/bpem/glx/built-in/infinite-integer/integer.function#481F3B3094AF15351AC311DDA1F80018717335EB (MRI)], CompilerType: TYPECOMPILER
  [BpemTask] BC-BMT-BPM-SRV com.sap.tc.glx.BpemTask processCompilerObj(obj , compDir) - Compiling [com.sap.tc.esmp.mm.xsd1.XsdElementDeclaration (Java Type)
  [BpemTask] XSD1.XsdElementDeclaration (MOF Type)
  [BpemTask] PF.DefaultDataArea:DCs/nobelbiocare.com/p_sfdc/pr/pm/re/sales_per/_comp/src/bpmn/p_bpm_003_revenue_sales_rep_performance.bpmn#E0677A9AB65051A0FCE311E6A41C54EFEC7B6400 (MRI)], CompilerType: TYPECOMPILER
  [BpemTask] BC-BMT-BPM-SRV com.sap.tc.glx.BpemTask processCompilerObj(obj , compDir) - Compiling [com.sap.tc.esmp.mm.xsd1.XsdElementDeclaration (Java Type)
  [BpemTask] XSD1.XsdElementDeclaration (MOF Type)
  [BpemTask] PF.DefaultDataArea:DCs/nobelbiocare.com/p_sfdc/pr/pm/re/sales_per/_comp/rep/wsdl/nobelbiocare.com.bpm.sfdc.revenue.types#E0E14F8676BAEBA6F57411E6977B548757986900 (MRI), com.sap.tc.esmp.mm.xsd1.XsdElementDeclaration (Java Type)
  [BpemTask] XSD1.XsdElementDeclaration (MOF Type)
  [BpemTask] PF.DefaultDataArea:DCs/nobelbiocare.com/p_sfdc/pr/pm/re/sales_per/_comp/rep/wsdl/nobelbiocare.com.bpm.sfdc.revenue.types#E0870461E4DCC61EF51611E69DC3548757986900 (MRI)], CompilerType: TYPECOMPILER
  [BpemTask] BC-BMT-BPM-SRV com.sap.tc.glx.BpemTask processCompilerObj(obj , compDir) - Compiling [com.sap.tc.esmp.mm.xsd1.XsdElementDeclaration (Java Type)
  [BpemTask] XSD1.XsdElementDeclaration (MOF Type)
  [BpemTask] PF.DefaultDataArea:DCs/nobelbiocare.com/p_sfdc/pr/pm/re/sales_per/_comp/src/bpmn/p_bpm_003_revenue_sales_rep_performance.bpmn#E0677A9A2ACA7243FCE311E6B3D954EFEC7B6400 (MRI)], CompilerType: TYPECOMPILER
  [BpemTask] BC-BMT-BPM-SRV com.sap.tc.glx.BpemTask processCompilerObj(obj , compDir) - Compiling [com.sap.tc.esmp.mm.xsd1.XsdElementDeclaration (Java Type)
  [BpemTask] XSD1.XsdElementDeclaration (MOF Type)
  [BpemTask] PF.DefaultDataArea:DCs/nobelbiocare.com/p_sfdc/pr/pm/re/sales_per/_comp/src/bpmn/p_bpm_003_revenue_sales_rep_performance.bpmn#E0677A9AB653ABBEFCE311E69E2854EFEC7B6400 (MRI)], CompilerType: TYPECOMPILER
  [BpemTask] BC-BMT-BPM-SRV com.sap.tc.glx.BpemTask processCompilerObj(obj , compDir) - Compiling [com.sap.tc.esmp.mm.xsd1.XsdElementDeclaration (Java Type)
  [BpemTask] XSD1.XsdElementDeclaration (MOF Type)
  [BpemTask] PF.DefaultDataArea:DCs/nobelbiocare.com/p_sfdc/pr/pm/re/sales_per/_comp/src/bpmn/p_bpm_003_revenue_sales_rep_performance.bpmn#E088335F82FB6E0BF51611E689B7548757986900 (MRI)], CompilerType: TYPECOMPILER
  [BpemTask] BC-BMT-BPM-SRV com.sap.tc.glx.BpemTask processCompilerObj(obj , compDir) - Compiling [com.sap.tc.esmp.mm.xsd1.XsdElementDeclaration (Java Type)
  [BpemTask] XSD1.XsdElementDeclaration (MOF Type)
  [BpemTask] PF.DefaultDataArea:DCs/nobelbiocare.com/p_sfdc/pr/pm/re/sales_per/_comp/src/bpmn/p_bpm_003_revenue_sales_rep_performance.bpmn#E0677A9AB65F9000FCE311E6B36A54EFEC7B6400 (MRI)], CompilerType: TYPECOMPILER
  [BpemTask] BC-BMT-BPM-SRV com.sap.tc.glx.BpemTask processCompilerObj(obj , compDir) - Compiling [com.sap.tc.esmp.mm.xsd1.XsdElementDeclaration (Java Type)
  [BpemTask] XSD1.XsdElementDeclaration (MOF Type)
  [BpemTask] PF.DefaultDataArea:DCs/nobelbiocare.com/p_sfdc/pr/pm/re/sales_per/_comp/src/bpmn/p_bpm_003_revenue_sales_rep_performance.bpmn#E088335F82FCACEFF51611E6AE3A548757986900 (MRI)], CompilerType: TYPECOMPILER
  [BpemTask] BC-BMT-BPM-SRV com.sap.tc.glx.BpemTask processCompilerObj(obj , compDir) - Compiling [com.sap.tc.esmp.mm.xsd1.XsdElementDeclaration (Java Type)
  [BpemTask] XSD1.XsdElementDeclaration (MOF Type)
  [BpemTask] PF.DefaultDataArea:DCs/nobelbiocare.com/p_sfdc/pr/pm/re/sales_per/_comp/src/bpmn/p_bpm_003_revenue_sales_rep_performance.bpmn#E0677A9A2ABE451CFCE311E68FE654EFEC7B6400 (MRI)], CompilerType: TYPECOMPILER
  [BpemTask] BC-BMT-BPM-SRV com.sap.tc.glx.BpemTask processCompilerObj(obj , compDir) - Compiling [com.sap.tc.esmp.mm.xsd1.XsdElementDeclaration (Java Type)
  [BpemTask] XSD1.XsdElementDeclaration (MOF Type)
  [BpemTask] PF.DefaultDataArea:DCs/nobelbiocare.com/p_sfdc/pr/pm/re/sales_per/_comp/src/bpmn/p_bpm_003_revenue_sales_rep_performance.bpmn#E0C85117B43D08F0F56811E6B66F548757986900 (MRI)], CompilerType: TYPECOMPILER
  [BpemTask] BC-BMT-BPM-SRV com.sap.tc.glx.BpemTask processCompilerObj(obj , compDir) - Compiling [com.sap.tc.esmp.mm.xsd1.XsdElementDeclaration (Java Type)
  [BpemTask] XSD1.XsdElementDeclaration (MOF Type)
  [BpemTask] PF.DefaultDataArea:DCs/nobelbiocare.com/p_sfdc/pr/pm/re/sales_per/_comp/src/bpmn/p_bpm_003_revenue_sales_rep_performance.bpmn#E088335F8321255AF51611E69530548757986900 (MRI)], CompilerType: TYPECOMPILER
  [BpemTask] BC-BMT-BPM-SRV com.sap.tc.glx.BpemTask processCompilerObj(obj , compDir) - Compiling [com.sap.tc.esmp.mm.xsd1.XsdElementDeclaration (Java Type)
  [BpemTask] XSD1.XsdElementDeclaration (MOF Type)
  [BpemTask] PF.DefaultDataArea:DCs/sap.com/tc/bpem/content/predefs/types/_comp/rep/functions/sap.com/bpem/glx/built-in/generic/count.function#49182A2ED4053498AF2311DD90AF0019991C7C01 (MRI), com.sap.tc.esmp.mm.xsd1.XsdElementDeclaration (Java Type)
  [BpemTask] XSD1.XsdElementDeclaration (MOF Type)
  [BpemTask] PF.DefaultDataArea:DCs/sap.com/tc/bpem/content/predefs/types/_comp/rep/functions/sap.com/bpem/glx/built-in/generic/count.function#49182A2ED403ADF0AF2311DD98410019991C7C01 (MRI)], CompilerType: TYPECOMPILER
  [BpemTask] BC-BMT-BPM-SRV com.sap.tc.glx.BpemTask processCompilerObj(obj , compDir) - Compiling [com.sap.tc.esmp.mm.xsd1.XsdElementDeclaration (Java Type)
  [BpemTask] XSD1.XsdElementDeclaration (MOF Type)
  [BpemTask] PF.DefaultDataArea:DCs/sap.com/tc/bpem/content/predefs/types/_comp/rep/functions/sap.com/bpem/glx/built-in/infinite-integer/numeric-subtract.function#481F3B3194FB60721AC311DDBB280018717335EB (MRI), com.sap.tc.esmp.mm.xsd1.XsdElementDeclaration (Java Type)
  [BpemTask] XSD1.XsdElementDeclaration (MOF Type)
  [BpemTask] PF.DefaultDataArea:DCs/sap.com/tc/bpem/content/predefs/types/_comp/rep/functions/sap.com/bpem/glx/built-in/infinite-integer/numeric-subtract.function#481F3B3194F1EA981AC311DD82770018717335EB (MRI)], CompilerType: TYPECOMPILER
  [BpemTask] BC-BMT-BPM-SRV com.sap.tc.glx.BpemTask processCompilerObj(obj , compDir) - Compiling [com.sap.tc.esmp.mm.xsd1.XsdElementDeclaration (Java Type)
  [BpemTask] XSD1.XsdElementDeclaration (MOF Type)
  [BpemTask] PF.DefaultDataArea:DCs/nobelbiocare.com/p_sfdc/pr/pm/re/sales_per/_comp/src/bpmn/p_bpm_003_revenue_sales_rep_performance.bpmn#E0677A9A2AC3D471FCE311E6BA8454EFEC7B6400 (MRI)], CompilerType: TYPECOMPILER
  [BpemTask] BC-BMT-BPM-SRV com.sap.tc.glx.BpemTask processCompilerObj(obj , compDir) - Compiling [com.sap.tc.esmp.mm.xsd1.XsdElementDeclaration (Java Type)
  [BpemTask] XSD1.XsdElementDeclaration (MOF Type)
  [BpemTask] PF.DefaultDataArea:DCs/nobelbiocare.com/p_sfdc/pr/pm/re/sales_per/_comp/src/bpmn/p_bpm_003_revenue_sales_rep_performance.bpmn#E009322E4A5F5EC3A35411E7980754EFEC7B6400 (MRI)], CompilerType: TYPECOMPILER
  [BpemTask] BC-BMT-BPM-SRV com.sap.tc.glx.BpemTask processCompilerObj(obj , compDir) - Compiling [com.sap.tc.esmp.mm.xsd1.XsdElementDeclaration (Java Type)
  [BpemTask] XSD1.XsdElementDeclaration (MOF Type)
  [BpemTask] PF.DefaultDataArea:DCs/nobelbiocare.com/p_sfdc/pr/pm/re/sales_per/_comp/src/bpmn/p_bpm_003_revenue_sales_rep_performance.bpmn#E0C85117A7EBBAAFF56811E6922D548757986900 (MRI)], CompilerType: TYPECOMPILER
  [BpemTask] BC-BMT-BPM-SRV com.sap.tc.glx.BpemTask processCompilerObj(obj , compDir) - Compiling [com.sap.tc.esmp.mm.xsd1.XsdElementDeclaration (Java Type)
  [BpemTask] XSD1.XsdElementDeclaration (MOF Type)
  [BpemTask] PF.DefaultDataArea:DCs/nobelbiocare.com/p_sfdc/pr/pm/re/sales_per/_comp/src/bpmn/p_bpm_003_revenue_sales_rep_performance.bpmn#E0677A9A2AC5B248FCE311E6A32754EFEC7B6400 (MRI)], CompilerType: TYPECOMPILER
  [BpemTask] BC-BMT-BPM-SRV com.sap.tc.glx.BpemTask processCompilerObj(obj , compDir) - Compiling [com.sap.tc.esmp.mm.xsd1.XsdElementDeclaration (Java Type)
  [BpemTask] XSD1.XsdElementDeclaration (MOF Type)
  [BpemTask] PF.DefaultDataArea:DCs/nobelbiocare.com/p_sfdc/pr/pm/re/sales_per/_comp/src/bpmn/p_bpm_003_revenue_sales_rep_performance.bpmn#E0677A9AB667EC6AFCE311E6CA1954EFEC7B6400 (MRI)], CompilerType: TYPECOMPILER
  [BpemTask] BC-BMT-BPM-SRV com.sap.tc.glx.BpemTask processCompilerObj(obj , compDir) - Compiling [com.sap.tc.esmp.mm.xsd1.XsdElementDeclaration (Java Type)
  [BpemTask] XSD1.XsdElementDeclaration (MOF Type)
  [BpemTask] PF.DefaultDataArea:DCs/nobelbiocare.com/p_sfdc/pr/pm/re/sales_per/_comp/rep/wsdl/nobelbiocare.com.bpm.sfdc.revenue.types#E0870461E4DCC61EF51611E69DC3548757986900 (MRI), com.sap.tc.esmp.mm.xsd1.XsdElementDeclaration (Java Type)
  [BpemTask] XSD1.XsdElementDeclaration (MOF Type)
  [BpemTask] PF.DefaultDataArea:DCs/nobelbiocare.com/p_sfdc/pr/pm/re/sales_per/_comp/rep/wsdl/partner.soap.sforce.com.types#E01DFA6EB7087D0FF9AA11E6960A0205857FEB80 (MRI)], CompilerType: TYPECOMPILER
  [BpemTask] BC-BMT-BPM-SRV com.sap.tc.glx.BpemTask processCompilerObj(obj , compDir) - Compiling [com.sap.tc.esmp.mm.xsd1.XsdElementDeclaration (Java Type)
  [BpemTask] XSD1.XsdElementDeclaration (MOF Type)
  [BpemTask] PF.DefaultDataArea:DCs/sap.com/tc/bpem/content/predefs/types/_comp/rep/functions/sap.com/bpem/glx/built-in/generic/isset.function#492D235E1CDA4480BBA411DD8C2C0019991C7C01 (MRI), com.sap.tc.esmp.mm.xsd1.XsdElementDeclaration (Java Type)
  [BpemTask] XSD1.XsdElementDeclaration (MOF Type)
  [BpemTask] PF.DefaultDataArea:DCs/sap.com/tc/bpem/content/predefs/types/_comp/rep/functions/sap.com/bpem/glx/built-in/generic/isset.function#492D235E1CD42A00BBA411DDA7860019991C7C01 (MRI)], CompilerType: TYPECOMPILER
  [BpemTask] BC-BMT-BPM-SRV com.sap.tc.glx.BpemTask processCompilerObj(obj , compDir) - Compiling [com.sap.tc.esmp.mm.xsd1.XsdElementDeclaration (Java Type)
  [BpemTask] XSD1.XsdElementDeclaration (MOF Type)
  [BpemTask] PF.DefaultDataArea:DCs/sap.com/tc/bpem/content/predefs/types/_comp/rep/functions/sap.com/bpem/glx/built-in/text/concat.function#481F3B3295C3B9881AC311DDAEFA0018717335EB (MRI), com.sap.tc.esmp.mm.xsd1.XsdElementDeclaration (Java Type)
  [BpemTask] XSD1.XsdElementDeclaration (MOF Type)
  [BpemTask] PF.DefaultDataArea:DCs/sap.com/tc/bpem/content/predefs/types/_comp/rep/functions/sap.com/bpem/glx/built-in/text/concat.function#481F3B3295C148851AC311DDB0480018717335EB (MRI)], CompilerType: TYPECOMPILER
  [BpemTask] BC-BMT-BPM-SRV com.sap.tc.glx.BpemTask processCompilerObj(obj , compDir) - Compiling [com.sap.tc.esmp.mm.xsd1.XsdElementDeclaration (Java Type)
  [BpemTask] XSD1.XsdElementDeclaration (MOF Type)
  [BpemTask] PF.DefaultDataArea:DCs/nobelbiocare.com/p_sfdc/pr/pm/re/sales_per/_comp/rep/wsdl/partner.soap.sforce.com.types#E0E14F868517B8D2F56511E6AEA5548757986900 (MRI), com.sap.tc.esmp.mm.xsd1.XsdElementDeclaration (Java Type)
  [BpemTask] XSD1.XsdElementDeclaration (MOF Type)
  [BpemTask] PF.DefaultDataArea:DCs/nobelbiocare.com/p_sfdc/pr/pm/re/sales_per/_comp/rep/wsdl/nobelbiocare.com.bpm.sfdc.revenue.types#E0E14F86FBD77ABBF56511E6BEEF548757986900 (MRI)], CompilerType: TYPECOMPILER
  [BpemTask] BC-BMT-BPM-SRV com.sap.tc.glx.BpemTask processCompilerObj(obj , compDir) - Compiling [com.sap.tc.esmp.mm.xsd1.XsdElementDeclaration (Java Type)
  [BpemTask] XSD1.XsdElementDeclaration (MOF Type)
  [BpemTask] PF.DefaultDataArea:DCs/nobelbiocare.com/p_sfdc/pr/pm/re/sales_per/_comp/src/bpmn/p_bpm_003_revenue_sales_rep_performance.bpmn#E016575C5A7B03A3F68B11E6B91F548757986900 (MRI)], CompilerType: TYPECOMPILER
  [BpemTask] BC-BMT-BPM-SRV com.sap.tc.glx.BpemTask processCompilerObj(obj , compDir) - Compiling [com.sap.tc.esmp.mm.xsd1.XsdElementDeclaration (Java Type)
  [BpemTask] XSD1.XsdElementDeclaration (MOF Type)
  [BpemTask] PF.DefaultDataArea:DCs/nobelbiocare.com/p_sfdc/pr/pm/re/sales_per/_comp/rep/wsdl/partner.soap.sforce.com.types#E0E14F868517B8D2F56511E6AEA5548757986900 (MRI), com.sap.tc.esmp.mm.xsd1.XsdElementDeclaration (Java Type)
  [BpemTask] XSD1.XsdElementDeclaration (MOF Type)
  [BpemTask] PF.DefaultDataArea:DCs/nobelbiocare.com/p_sfdc/pr/pm/re/sales_per/_comp/rep/wsdl/nobelbiocare.com.bpm.sfdc.revenue.types#E0E14F8685177410F56511E69381548757986900 (MRI)], CompilerType: TYPECOMPILER
  [BpemTask] BC-BMT-BPM-SRV com.sap.tc.glx.BpemTask processCompilerObj(obj , compDir) - Compiling [com.sap.tc.esmp.mm.xsd1.XsdElementDeclaration (Java Type)
  [BpemTask] XSD1.XsdElementDeclaration (MOF Type)
  [BpemTask] PF.DefaultDataArea:DCs/nobelbiocare.com/p_sfdc/pr/pm/re/sales_per/_comp/src/bpmn/p_bpm_003_revenue_sales_rep_performance.bpmn#E0677A9A2AC0D07CFCE311E6C16954EFEC7B6400 (MRI)], CompilerType: TYPECOMPILER
  [BpemTask] BC-BMT-BPM-SRV com.sap.tc.glx.BpemTask processCompilerObj(obj , compDir) - Compiling [com.sap.tc.esmp.mm.xsd1.XsdElementDeclaration (Java Type)
  [BpemTask] XSD1.XsdElementDeclaration (MOF Type)
  [BpemTask] PF.DefaultDataArea:DCs/nobelbiocare.com/p_sfdc/pr/pm/re/sales_per/_comp/src/bpmn/p_bpm_003_revenue_sales_rep_performance.bpmn#E0677A9A2AC83740FCE311E691B554EFEC7B6400 (MRI)], CompilerType: TYPECOMPILER
  [BpemTask] BC-BMT-BPM-SRV com.sap.tc.glx.BpemTask processCompilerObj(obj , compDir) - Compiling [com.sap.tc.esmp.mm.xsd1.XsdElementDeclaration (Java Type)
  [BpemTask] XSD1.XsdElementDeclaration (MOF Type)
  [BpemTask] PF.DefaultDataArea:DCs/nobelbiocare.com/p_sfdc/pr/pm/re/sales_per/_comp/src/bpmn/p_bpm_003_revenue_sales_rep_performance.bpmn#E088335F881621F5F51611E68246548757986900 (MRI)], CompilerType: TYPECOMPILER
  [BpemTask] BC-BMT-BPM-SRV com.sap.tc.glx.BpemTask processCompilerObj(obj , compDir) - Compiling [com.sap.tc.esmp.mm.xsd1.XsdElementDeclaration (Java Type)
  [BpemTask] XSD1.XsdElementDeclaration (MOF Type)
  [BpemTask] PF.DefaultDataArea:DCs/nobelbiocare.com/p_sfdc/pr/pm/re/sales_per/_comp/rep/wsdl/nobelbiocare.com.bpm.sfdc.revenue.types#E0E14F8643422802F56211E6AF52548757986900 (MRI), com.sap.tc.esmp.mm.xsd1.XsdElementDeclaration (Java Type)
  [BpemTask] XSD1.XsdElementDeclaration (MOF Type)
  [BpemTask] PF.DefaultDataArea:DCs/nobelbiocare.com/p_sfdc/pr/pm/re/sales_per/_comp/rep/wsdl/nobelbiocare.com.bpm.sfdc.revenue.types#E0870461E4DCC61EF51611E69DC3548757986900 (MRI)], CompilerType: TYPECOMPILER
  [BpemTask] BC-BMT-BPM-SRV com.sap.tc.glx.BpemTask processCompilerObj(obj , compDir) - Compiling [com.sap.tc.esmp.mm.xsd1.XsdElementDeclaration (Java Type)
  [BpemTask] XSD1.XsdElementDeclaration (MOF Type)
  [BpemTask] PF.DefaultDataArea:DCs/sap.com/tc/bpem/content/predefs/types/_comp/rep/functions/sap.com/bpem/glx/built-in/text/string.function#481F3B33964B87261AC311DDCCDB0018717335EB (MRI), com.sap.tc.esmp.mm.xsd1.XsdElementDeclaration (Java Type)
  [BpemTask] XSD1.XsdElementDeclaration (MOF Type)
  [BpemTask] PF.DefaultDataArea:DCs/sap.com/tc/bpem/content/predefs/types/_comp/rep/functions/sap.com/bpem/glx/built-in/text/string.function#481F3B3396445B301AC311DD8F240018717335EB (MRI)], CompilerType: TYPECOMPILER
  [BpemTask] BC-BMT-BPM-SRV com.sap.tc.glx.BpemTask processCompilerObj(obj , compDir) - Compiling [com.sap.tc.esmp.mm.xsd1.XsdElementDeclaration (Java Type)
  [BpemTask] XSD1.XsdElementDeclaration (MOF Type)
  [BpemTask] PF.DefaultDataArea:DCs/nobelbiocare.com/p_sfdc/pr/pm/re/sales_per/_comp/src/bpmn/p_bpm_003_revenue_sales_rep_performance.bpmn#E088335F8343D573F51611E69F13548757986900 (MRI)], CompilerType: TYPECOMPILER
  [BpemTask] BC-BMT-BPM-SRV com.sap.tc.glx.BpemTask processCompilerObj(obj , compDir) - Compiling [com.sap.tc.esmp.mm.xsd1.XsdElementDeclaration (Java Type)
  [BpemTask] XSD1.XsdElementDeclaration (MOF Type)
  [BpemTask] PF.DefaultDataArea:DCs/nobelbiocare.com/p_sfdc/pr/pm/re/sales_per/_comp/src/bpmn/p_bpm_003_revenue_sales_rep_performance.bpmn#E088335F87F05A18F51611E68AEE548757986900 (MRI)], CompilerType: TYPECOMPILER
  [BpemTask] BC-BMT-BPM-SRV com.sap.tc.glx.BpemTask processCompilerObj(obj , compDir) - Compiling [com.sap.tc.esmp.mm.xsd1.XsdElementDeclaration (Java Type)
  [BpemTask] XSD1.XsdElementDeclaration (MOF Type)
  [BpemTask] PF.DefaultDataArea:DCs/nobelbiocare.com/p_sfdc/pr/pm/re/sales_per/_comp/src/bpmn/p_bpm_003_revenue_sales_rep_performance.bpmn#E0677A9A2AB23995FCE311E6C08E54EFEC7B6400 (MRI)], CompilerType: TYPECOMPILER
  [BpemTask] BC-BMT-BPM-SRV com.sap.tc.glx.BpemTask processCompilerObj(obj , compDir) - Compiling [com.sap.tc.esmp.mm.xsd1.XsdElementDeclaration (Java Type)
  [BpemTask] XSD1.XsdElementDeclaration (MOF Type)
  [BpemTask] PF.DefaultDataArea:DCs/nobelbiocare.com/p_sfdc/pr/pm/re/sales_per/_comp/src/bpmn/p_bpm_003_revenue_sales_rep_performance.bpmn#E0C851178F4BCA41F56811E6A699548757986900 (MRI)], CompilerType: TYPECOMPILER
  [BpemTask] BC-BMT-BPM-SRV com.sap.tc.glx.BpemTask processCompilerObj(obj , compDir) - Compiling [com.sap.tc.esmp.mm.xsd1.XsdElementDeclaration (Java Type)
  [BpemTask] XSD1.XsdElementDeclaration (MOF Type)
  [BpemTask] PF.DefaultDataArea:DCs/nobelbiocare.com/p_sfdc/pr/pm/re/sales_per/_comp/src/bpmn/p_bpm_003_revenue_sales_rep_performance.bpmn#E0677A9AB66A16FFFCE311E6BCB354EFEC7B6400 (MRI)], CompilerType: TYPECOMPILER
  [BpemTask] BC-BMT-BPM-SRV com.sap.tc.glx.BpemTask processCompilerObj(obj , compDir) - Compiling [com.sap.tc.esmp.mm.xsd1.XsdElementDeclaration (Java Type)
  [BpemTask] XSD1.XsdElementDeclaration (MOF Type)
  [BpemTask] PF.DefaultDataArea:DCs/nobelbiocare.com/p_sfdc/pr/pm/re/sales_per/_comp/src/bpmn/p_bpm_003_revenue_sales_rep_performance.bpmn#E0677A9AB6587E5DFCE311E6B58554EFEC7B6400 (MRI)], CompilerType: TYPECOMPILER
  [BpemTask] BC-BMT-BPM-SRV com.sap.tc.glx.BpemTask processCompilerObj(obj , compDir) - Compiling [com.sap.tc.esmp.mm.xsd1.XsdElementDeclaration (Java Type)
  [BpemTask] XSD1.XsdElementDeclaration (MOF Type)
  [BpemTask] PF.DefaultDataArea:DCs/nobelbiocare.com/p_sfdc/pr/pm/re/sales_per/_comp/src/bpmn/p_bpm_003_revenue_sales_rep_performance.bpmn#E0677A9AB66F2759FCE311E6A77554EFEC7B6400 (MRI)], CompilerType: TYPECOMPILER
  [BpemTask] BC-BMT-BPM-SRV com.sap.tc.glx.BpemTask processCompilerObj(obj , compDir) - Compiling [com.sap.tc.esmp.mm.xsd1.XsdElementDeclaration (Java Type)
  [BpemTask] XSD1.XsdElementDeclaration (MOF Type)
  [BpemTask] PF.DefaultDataArea:DCs/sap.com/tc/bpem/content/predefs/default/_comp/src/triggers/technicalerror.eventdef#E0EE4DB2B3D5EBBEEAEE11E2BC6C001999A12632 (MRI)], CompilerType: TYPECOMPILER
  [BpemTask] BC-BMT-BPM-SRV com.sap.tc.glx.BpemTask processCompilerObj(obj , compDir) - Compiling [com.sap.tc.esmp.mm.xsd1.XsdElementDeclaration (Java Type)
  [BpemTask] XSD1.XsdElementDeclaration (MOF Type)
  [BpemTask] PF.DefaultDataArea:DCs/nobelbiocare.com/p_sfdc/pr/pm/re/sales_per/_comp/src/bpmn/p_bpm_003_revenue_sales_rep_performance.bpmn#E016575C174B1593F6B811E6C2CB548757986900 (MRI)], CompilerType: TYPECOMPILER
  [BpemTask] BC-BMT-BPM-SRV com.sap.tc.glx.BpemTask processCompilerObj(obj , compDir) - Compiling [com.sap.tc.esmp.mm.xsd1.XsdElementDeclaration (Java Type)
  [BpemTask] XSD1.XsdElementDeclaration (MOF Type)
  [BpemTask] PF.DefaultDataArea:DCs/sap.com/tc/bpem/content/predefs/types/_comp/rep/functions/sap.com/bpem/glx/built-in/text/string-join.function#481F3B3295F10B1A1AC311DD892B0018717335EB (MRI), com.sap.tc.esmp.mm.xsd1.XsdElementDeclaration (Java Type)
  [BpemTask] XSD1.XsdElementDeclaration (MOF Type)
  [BpemTask] PF.DefaultDataArea:DCs/sap.com/tc/bpem/content/predefs/types/_comp/rep/functions/sap.com/bpem/glx/built-in/text/string-join.function#481F3B3295EE9A161AC311DD84D60018717335EB (MRI)], CompilerType: TYPECOMPILER
  [BpemTask] BC-BMT-BPM-SRV com.sap.tc.glx.BpemTask processCompilerObj(obj , compDir) - Compiling [com.sap.tc.esmp.mm.xsd1.XsdElementDeclaration (Java Type)
  [BpemTask] XSD1.XsdElementDeclaration (MOF Type)
  [BpemTask] PF.DefaultDataArea:DCs/nobelbiocare.com/p_sfdc/pr/pm/re/sales_per/_comp/src/bpmn/p_bpm_003_revenue_sales_rep_performance.bpmn#E088335F82FDB984F51611E6B4B3548757986900 (MRI)], CompilerType: TYPECOMPILER
  [BpemTask] BC-BMT-BPM-SRV com.sap.tc.glx.BpemTask processCompilerObj(obj , compDir) - Compiling [com.sap.tc.esmp.mm.xsd1.XsdElementDeclaration (Java Type)
  [BpemTask] XSD1.XsdElementDeclaration (MOF Type)
  [BpemTask] PF.DefaultDataArea:DCs/nobelbiocare.com/p_sfdc/pr/pm/re/sales_per/_comp/src/bpmn/p_bpm_003_revenue_sales_rep_performance.bpmn#E0677A9A2ABB617BFCE311E6B14254EFEC7B6400 (MRI)], CompilerType: TYPECOMPILER
  [BpemTask] BC-BMT-BPM-SRV com.sap.tc.glx.BpemTask processCompilerObj(obj , compDir) - Compiling [com.sap.tc.esmp.mm.xsd1.XsdElementDeclaration (Java Type)
  [BpemTask] XSD1.XsdElementDeclaration (MOF Type)
  [BpemTask] PF.DefaultDataArea:DCs/nobelbiocare.com/p_sfdc/pr/pm/re/sales_per/_comp/src/bpmn/p_bpm_003_revenue_sales_rep_performance.bpmn#E0677A9A2AB4A980FCE311E6C1AA54EFEC7B6400 (MRI)], CompilerType: TYPECOMPILER
  [BpemTask] BC-BMT-BPM-SRV com.sap.tc.glx.BpemTask processCompilerObj(obj , compDir) - Compiling [com.sap.tc.esmp.mm.xsd1.XsdElementDeclaration (Java Type)
  [BpemTask] XSD1.XsdElementDeclaration (MOF Type)
  [BpemTask] PF.DefaultDataArea:DCs/nobelbiocare.com/p_sfdc/pr/pm/re/sales_per/_comp/src/bpmn/p_bpm_003_revenue_sales_rep_performance.bpmn#E0677A9AB6562EBEFCE311E6860E54EFEC7B6400 (MRI)], CompilerType: TYPECOMPILER
  [BpemTask] BC-BMT-BPM-SRV com.sap.tc.glx.BpemTask processCompilerObj(obj , compDir) - Compiling [com.sap.tc.esmp.mm.xsd1.XsdElementDeclaration (Java Type)
  [BpemTask] XSD1.XsdElementDeclaration (MOF Type)
  [BpemTask] PF.DefaultDataArea:DCs/nobelbiocare.com/p_sfdc/pr/pm/re/sales_per/_comp/src/bpmn/p_bpm_003_revenue_sales_rep_performance.bpmn#E0C85117C50E4E92F56811E6C525548757986900 (MRI)], CompilerType: TYPECOMPILER
  [BpemTask] BC-BMT-BPM-SRV com.sap.tc.glx.BpemTask processCompilerObj(obj , compDir) - Compiling [com.sap.tc.esmp.mm.xsd1.XsdElementDeclaration (Java Type)
  [BpemTask] XSD1.XsdElementDeclaration (MOF Type)
  [BpemTask] PF.DefaultDataArea:DCs/sap.com/tc/bpem/content/predefs/default/_comp/src/triggers/technicalerror.eventdef#E0EE4DB2B3D5EBBEEAEE11E2BC6C001999A12632 (MRI)], CompilerType: TYPECOMPILER
  [BpemTask] BC-BMT-BPM-SRV com.sap.tc.glx.BpemTask processCompilerObj(obj , compDir) - Compiling com.sap.glx.ide.model.galaxy.workflow.ErrorEventDefinition (Java Type)
  [BpemTask] Galaxy.Workflow.ErrorEventDefinition (MOF Type)
  [BpemTask] PF.DefaultDataArea:DCs/sap.com/tc/bpem/content/predefs/default/_comp/src/triggers/technicalerror.eventdef#E0EE4DB2B3D39C3FEAEE11E2BF54001999A12632 (MRI), CompilerType: EXCEPTIONCOMPILER
  [BpemTask] BC-BMT-BPM-SRV com.sap.tc.glx.BpemTask processCompilerObj(obj , compDir) - Compiling com.sap.glx.ide.model.galaxy.workflow.Collaboration (Java Type)
  [BpemTask] Galaxy.Workflow.Collaboration (MOF Type)
  [BpemTask] PF.DefaultDataArea:DCs/nobelbiocare.com/p_sfdc/pr/pm/re/sales_per/_comp/src/bpmn/p_bpm_003_revenue_sales_rep_performance.bpmn#E057AD967DCACCEDF51611E6C9A5548757986900 (MRI), CompilerType: BPMN2CSVCOMPILER
  [BpemTask] Compiling process 'Sales Rep Performance' ...
  [BpemTask] Node 'SWITCH_Sales_Rep_Performance_token_state_wo_suspend_1' of the generated triggernet has no outgoing connector.
  [BpemTask] Transforming Trigger Network into CSV...
  [BpemTask] Node 'SWITCH_Sales_Rep_Performance_token_state_wo_suspend_1' of the generated triggernet has no outgoing connector.
  [BpemTask] WS Provisioning post processing started for %d artifacts found.
  [BpemTask] 1
  [BpemTask] Modelled endpoint for post processing found (service '%s', operation '%s', interface '{%s}%s'.
  [BpemTask] nobelbiocare.com/p_sfdc/pr/pm/re/sales_per/TR_Start_Rev_Sales_Rep_Performance
  [BpemTask] MI279_BPM_SalesRepPerformance_Push_ia
  [BpemTask] http://nobelbiocare.com/BPM/SFDC/Revenue
  [BpemTask] MI279_BPM_SalesRepPerformance_Push_ia
  [BpemTask] Writing WSDL location '%s' to file '%s'.
  [BpemTask] src/wsdl/MI279_BPM_SalesRepPerformance_Push_ia.wsdl
  [BpemTask] META-INF/wsdl/nobelbiocarecom2Fpsfdc2Fpr2Fpm2Fre2Fsalesper2FTRStartRevSalesRepPerformance/src/wsdl/MI279_BPM_SalesRepPerformance_Push_ia.wsdl
  [BpemTask] Creating metadata for service url '%s'.
  [BpemTask] /bpm/nobelbiocarecom/psfdc/pr/pm/re/salesper/TRStartRevSalesRepPerformance
  [BpemTask] BC-BMT-BPM-SRV com.sap.glx.paradigmInterface.util.GenerateSDA generateArchive(outArchive, srcDir) - D:\Users\pedro.jimenez\Desktop\Nobel\nwds-extsoa-7.3-EHP1-SP17-PAT0000-win32\eclipse\workspace.jdi\LocalDevelopment\t2\32E7EA902AB52917166D67013625D368\default\deploy\ctx\nobelbiocare.com~p_sfdc~pr~pm~re~sales_per.wsar archive is generated
  [BpemTask] BC-BMT-BPM-SRV com.sap.glx.paradigmInterface.util.GenerateSDA copyMcArchive(File publicFolder) -Including Mass Configuration archive into sda
  [BpemTask] BC-BMT-BPM-SRV com.sap.glx.paradigmInterface.util.GenerateSDA copyScdlFiles(File scdlFolder) - Including SCDL files into sda
  [BpemTask] BC-BMT-BPM-SRV com.sap.glx.paradigmInterface.util.GenerateSDA getSubdirFiles(String parent, File subdir)  - copyFile: D:\Users\pedro.jimenez\Desktop\Nobel\nwds-extsoa-7.3-EHP1-SP17-PAT0000-win32\eclipse\workspace.jdi\LocalDevelopment\t2\32E7EA902AB52917166D67013625D368\default\deploy\ctx/p_sfdc~pr~pm~re~sales_per.composite
  [BpemTask] BC-BMT-BPM-SRV com.sap.glx.paradigmInterface.util.GenerateSDA getSubdirFiles(String parent, File subdir)  - copyFile: D:\Users\pedro.jimenez\Desktop\Nobel\nwds-extsoa-7.3-EHP1-SP17-PAT0000-win32\eclipse\workspace.jdi\LocalDevelopment\t2\32E7EA902AB52917166D67013625D368\default\deploy\ctx/sca-contribution.xml
  [BpemTask] BC-BMT-BPM-SRV com.sap.glx.paradigmInterface.util.GenerateSDA copyScdlGlobalizationFiles(File scdlXlfFolder) - Including SCDL globalization files into sda
  [BpemTask] BC-BMT-BPM-SRV com.sap.glx.paradigmInterface.util.GenerateSDA copyScdlGlobalizationFiles(File scdlXlfFolder) - copyFile: D:\Users\pedro.jimenez\Desktop\Nobel\nwds-extsoa-7.3-EHP1-SP17-PAT0000-win32\eclipse\workspace.jdi\LocalDevelopment\t2\32E7EA902AB52917166D67013625D368\default\deploy\ctx/3be8e6ca-fa58-4e6d-82b7-450c18e42b2d.consgroup.properties
  [BpemTask] BC-BMT-BPM-SRV com.sap.glx.paradigmInterface.util.GenerateSDA copyScdlGlobalizationFiles(File scdlXlfFolder) - copyFile: D:\Users\pedro.jimenez\Desktop\Nobel\nwds-extsoa-7.3-EHP1-SP17-PAT0000-win32\eclipse\workspace.jdi\LocalDevelopment\t2\32E7EA902AB52917166D67013625D368\default\deploy\ctx/Business or Technical User.authprofile.properties
  [BpemTask] BC-BMT-BPM-SRV com.sap.glx.paradigmInterface.util.GenerateSDA copyScdlGlobalizationFiles(File scdlXlfFolder) - copyFile: D:\Users\pedro.jimenez\Desktop\Nobel\nwds-extsoa-7.3-EHP1-SP17-PAT0000-win32\eclipse\workspace.jdi\LocalDevelopment\t2\32E7EA902AB52917166D67013625D368\default\deploy\ctx/Business User.authprofile.properties
  [BpemTask] BC-BMT-BPM-SRV com.sap.glx.paradigmInterface.util.GenerateSDA copyScdlGlobalizationFiles(File scdlXlfFolder) - copyFile: D:\Users\pedro.jimenez\Desktop\Nobel\nwds-extsoa-7.3-EHP1-SP17-PAT0000-win32\eclipse\workspace.jdi\LocalDevelopment\t2\32E7EA902AB52917166D67013625D368\default\deploy\ctx/c351bc8c-69cb-4eb1-9d7e-77ab15fe937d.consgroup.properties
  [BpemTask] BC-BMT-BPM-SRV com.sap.glx.paradigmInterface.util.GenerateSDA copyScdlGlobalizationFiles(File scdlXlfFolder) - copyFile: D:\Users\pedro.jimenez\Desktop\Nobel\nwds-extsoa-7.3-EHP1-SP17-PAT0000-win32\eclipse\workspace.jdi\LocalDevelopment\t2\32E7EA902AB52917166D67013625D368\default\deploy\ctx/No Authentication.authprofile.properties
  [BpemTask] BC-BMT-BPM-SRV com.sap.glx.paradigmInterface.util.GenerateSDA copyScdlGlobalizationFiles(File scdlXlfFolder) - copyFile: D:\Users\pedro.jimenez\Desktop\Nobel\nwds-extsoa-7.3-EHP1-SP17-PAT0000-win32\eclipse\workspace.jdi\LocalDevelopment\t2\32E7EA902AB52917166D67013625D368\default\deploy\ctx/Technical User.authprofile.properties
  [BpemTask] BC-BMT-BPM-SRV com.sap.glx.paradigmInterface.util.GenerateSDA execute(name, vendor, location, version, srcDir) -Generating SDA...
  [BpemTask] BC-BMT-BPM-SRV com.sap.glx.paradigmInterface.util.GenerateSDA generateArchive(outArchive, srcDir) - D:\Users\pedro.jimenez\Desktop\Nobel\nwds-extsoa-7.3-EHP1-SP17-PAT0000-win32\eclipse\workspace.jdi\LocalDevelopment\t2\32E7EA902AB52917166D67013625D368\default\deploy\ctx\nobelbiocare.com~p_sfdc~pr~pm~re~sales_per.bpem archive is generated
[MOINShutdown] About to shutdown MOIN...
[MOINShutdown] MOIN shut down in 78 milliseconds.
    [delete] Deleting directory D:\Users\pedro.jimenez\Desktop\Nobel\nwds-extsoa-7.3-EHP1-SP17-PAT0000-win32\eclipse\workspace.jdi\LocalDevelopment\t2\32E7EA902AB52917166D67013625D368\default\deploy\ctx
    [delete] Deleting: D:\Users\pedro.jimenez\Desktop\Nobel\nwds-extsoa-7.3-EHP1-SP17-PAT0000-win32\eclipse\workspace.jdi\LocalDevelopment\t2\32E7EA902AB52917166D67013625D368\default\deploy\sda-dd.xml
 
createPublicParts:
  [pppacker] Packing public part 'def_cmp'
  [pppacker] DC being built: p_sfdc/pr/pm/re/sales_per
  [pppacker] Searching for entity: mc.
  [pppacker] Checking path: mc
  [pppacker] Checking path: rep
  [pppacker] Checking path: src
  [pppacker] Packed  13 files for entity mc (Model Folder Tree)
  [pppacker] DC being built: p_sfdc/pr/pm/re/sales_per
  [pppacker] Searching for entity: rep.
  [pppacker] Checking path: mc
  [pppacker] Checking path: rep
  [pppacker] Checking path: src
  [pppacker] Packed   5 files for entity rep (Model Folder Tree)
  [pppacker] DC being built: p_sfdc/pr/pm/re/sales_per
  [pppacker] Searching for entity: src.
  [pppacker] Checking path: mc
  [pppacker] Checking path: rep
  [pppacker] Checking path: src
  [pppacker] Packed  13 files for entity src (Model Folder Tree)
  [pppacker] Packed 3 entities for public part 'def_cmp'
     [timer] Packing of public part 'def_cmp' finished in 0.148 seconds
 
 
build:
 
Ant runtime 8.767 seconds
 
Ant build finished OK
MOIN forced shutdown initiated.
 
Build plugin finished at 2017-11-14 10:29:06 GMT+01:00 (CET)
Total build plugin runtime: 9.267 seconds
 
Build finished with WARNING

==== Post-Processing ====   started at 2017-11-14 10:29:06.654 CET
Comparison of previous and actual build results took: 0.032 seconds

Copy the build results 
  from: D:\Users\pedro.jimenez\Desktop\Nobel\nwds-extsoa-7.3-EHP1-SP17-PAT0000-win32\eclipse\workspace.jdi\LocalDevelopment\t2\32E7EA902AB52917166D67013625D368\default\
  to:   D:\Users\pedro.jimenez\Desktop\Nobel\nwds-extsoa-7.3-EHP1-SP17-PAT0000-win32\eclipse\workspace.jdi\LocalDevelopment\SC_SFDC\nobelbiocare.com\p_sfdc\pr\pm\re\sales_per\_comp\gen\default\

The build results of the following public parts were not copied, since they have not changed:
  def_cmp