Development Component Build (2017-11-14 10:28:25 GMT+01:00 (CET))
  Component name: p_sfdc/pr/pm/re/lytd
  Component vendor: nobelbiocare.com
  SC compartment: SC_SFDC
  Configuration: LocalDevelopment
  Location: localDevelopment
  Source code location: pedro.jimenez@MADNB2016
  DC root folder: D:\Users\pedro.jimenez\Desktop\Nobel\nwds-extsoa-7.3-EHP1-SP17-PAT0000-win32\eclipse\workspace.jdi\LocalDevelopment\SC_SFDC\nobelbiocare.com\p_sfdc\pr\pm\re\lytd\_comp\
  DC type: Process Composer
  Host: MADNB2016

DC Model check:
   DC is available locally
   validating dependency to build plugin "sap.com/tc/bpem/bi/bp/buildtool"
   validating dependency to used DC "nobelbiocare.com/p_sfdc/infra/sgc"
   validating dependency to  public part "mc" of DC "nobelbiocare.com/p_sfdc/infra/sgc"
   validating dependency to used DC "sap.com/bie/sca/scdl/contributors/glx"
   validating dependency to  public part "def" of DC "sap.com/bie/sca/scdl/contributors/glx"
   validating dependency to used DC "sap.com/bie/sca/scdl/contributors/maas"
   validating dependency to  public part "def" of DC "sap.com/bie/sca/scdl/contributors/maas"
   validating dependency to used DC "sap.com/bie/sca/scdl/contributors/mc"
   validating dependency to  public part "def" of DC "sap.com/bie/sca/scdl/contributors/mc"
   validating dependency to  public part "def" of DC "sap.com/bie/sca/scdl/contributors/xi"
   validating dependency to used DC "sap.com/bie/sca/scdl/gen"
   validating dependency to  public part "def" of DC "sap.com/bie/sca/scdl/gen"
   validating dependency to used DC "sap.com/bie/sca/scdl/gen/mc"
   validating dependency to  public part "def" of DC "sap.com/bie/sca/scdl/gen/mc"
   validating dependency to used DC "sap.com/bie/sca/scdl/gen/xlf2prop"
   validating dependency to  public part "def" of DC "sap.com/bie/sca/scdl/gen/xlf2prop"
   validating dependency to  public part "MM_Inf" of DC "sap.com/ide/es/config/mc/model/bi"
   validating dependency to used DC "sap.com/tc/bpem/content/predefs/default"
   validating dependency to  public part "def_cmp" of DC "sap.com/tc/bpem/content/predefs/default"
   validating dependency to used DC "sap.com/tc/bpem/content/predefs/types"
   validating dependency to  public part "def_cmp" of DC "sap.com/tc/bpem/content/predefs/types"
   validating dependency to  public part "MM_Inf" of DC "sap.com/tc/moin/bi/model/textverticalization"
   validating dependency to  public part "def" of DC "sap.com/tc/moin/bi/moinext"
   validating dependency to  public part "libinf" of DC "sap.com/tc/moin/bi/moinlibs"
   DC model check OK

Start build plugin:
   using build plugin: sap.com/tc/bpem/bi/bp/buildtool
   starting build plugin from : D:\Users\pedro.jimenez\Desktop\Nobel\nwds-extsoa-7.3-EHP1-SP17-PAT0000-win32\eclipse\workspace.jdi\LocalDevelopment\BPEM-BUILDT\sap.com\tc\bpem\bi\bp\buildtool\_comp\gen\default\public\def\



Build Plugin 'sap.com/tc/bpem/bi/bp/buildtool', Version 7.30 SP 17 (NW731CORE_17_REL, built on 2015-09-16 20:53:16 +0200, CL209430)
   development component:  p_sfdc/pr/pm/re/lytd (nobelbiocare.com)
      software component:  SC_SFDC (nobelbiocare.com)
                location:  localDevelopment
                    type:  Process Composer
           build variant:  default
         source location:  pedro.jimenez@MADNB2016
         output location:  D:\Users\pedro.jimenez\Desktop\Nobel\nwds-extsoa-7.3-EHP1-SP17-PAT0000-win32\eclipse\workspace.jdi\LocalDevelopment\t2\28B4BAC4D336ACD8034471662744972A\default
       generation folder:  D:\Users\pedro.jimenez\Desktop\Nobel\nwds-extsoa-7.3-EHP1-SP17-PAT0000-win32\eclipse\workspace.jdi\LocalDevelopment\t\28B4BAC4D336ACD8034471662744972A
       plugin start time:  2017-11-14 10:28:25 GMT+01:00 (CET)
                 Java VM:  Java HotSpot(TM) Client VM, 20.45-b01 (1.6, Sun Microsystems Inc.)


General options:
  convert *.xlf to *.properties: yes
  include sources for debugging: yes
 


Checking path lengths for sources
This component contains long pathnames, this may lead to build errors or unexpected results. (For example: D:\Users\pedro.jimenez\Desktop\Nobel\nwds-extsoa-7.3-EHP1-SP17-PAT0000-win32\eclipse\workspace.jdi\LocalDevelopment\SC_SFDC\nobelbiocare.com\p_sfdc\pr\pm\re\lytd\_comp\mc\com\sap\netweaver\developerstudio\cc\LocalDevelopment~p_sfdc~pr~pm~re~lytd~nobelbiocare\com\Business User.authprofile )
Path length checks finished in 0 seconds
 
Preparing data context..
Data context preparation finished in 0.016 seconds
 
Creating Ant build file..
  Creating output file: D:\Users\pedro.jimenez\Desktop\Nobel\nwds-extsoa-7.3-EHP1-SP17-PAT0000-win32\eclipse\workspace.jdi\LocalDevelopment\t2\28B4BAC4D336ACD8034471662744972A\default\logs\build.xml
  Using Java class:     com.sap.tc.glx.BuildFileCreator
Mapped output path "default" of generator "sap.com~bpem_chain/moininit" is not defined.
MoinInit generator started.
MOIN archive DC referenced: sap.com/tc/bpem/content/predefs/default
MOIN archive found: D:\Users\pedro.jimenez\Desktop\Nobel\nwds-extsoa-7.3-EHP1-SP17-PAT0000-win32\eclipse\workspace.jdi\LocalDevelopment\BPEM-CONTENT\sap.com\tc\bpem\content\predefs\default\_comp\gen\default\public\def_cmp\lib\moin\sap.com~tc~bpem~content~predefs~default~def_cmp.zip
MOIN archive DC referenced: sap.com/tc/bpem/content/predefs/types
MOIN archive found: D:\Users\pedro.jimenez\Desktop\Nobel\nwds-extsoa-7.3-EHP1-SP17-PAT0000-win32\eclipse\workspace.jdi\LocalDevelopment\SERVICE-COMP\sap.com\tc\bpem\content\predefs\types\_comp\gen\default\public\def_cmp\lib\moin\sap.com~tc~bpem~content~predefs~types~def_cmp.zip
Metamodels found.
MoinInit generator started.
MOIN archive DC referenced: sap.com/tc/bpem/content/predefs/default
MOIN archive found: D:\Users\pedro.jimenez\Desktop\Nobel\nwds-extsoa-7.3-EHP1-SP17-PAT0000-win32\eclipse\workspace.jdi\LocalDevelopment\BPEM-CONTENT\sap.com\tc\bpem\content\predefs\default\_comp\gen\default\public\def_cmp\lib\moin\sap.com~tc~bpem~content~predefs~default~def_cmp.zip
MOIN archive DC referenced: sap.com/tc/bpem/content/predefs/types
MOIN archive found: D:\Users\pedro.jimenez\Desktop\Nobel\nwds-extsoa-7.3-EHP1-SP17-PAT0000-win32\eclipse\workspace.jdi\LocalDevelopment\SERVICE-COMP\sap.com\tc\bpem\content\predefs\types\_comp\gen\default\public\def_cmp\lib\moin\sap.com~tc~bpem~content~predefs~types~def_cmp.zip
Metamodels found.
Output folder found.
Target "Xlf2PropBase" has a dependency on "compile" but no such target exists. Dependency will be ignored.
Target "ScdlBase" has a dependency on "compile" but no such target exists. Dependency will be ignored.
Build file creation finished in 0.078 seconds
 
Starting Ant..
  Using build file:     D:\Users\pedro.jimenez\Desktop\Nobel\nwds-extsoa-7.3-EHP1-SP17-PAT0000-win32\eclipse\workspace.jdi\LocalDevelopment\t2\28B4BAC4D336ACD8034471662744972A\default\logs\build.xml
  Using build target:   build
  Using Ant version:    1.7.1
 
ScdlBase:
  [MOINInit] Meta models found.
  [MOINInit] Referenced meta-model: D:\Users\pedro.jimenez\Desktop\Nobel\nwds-extsoa-7.3-EHP1-SP17-PAT0000-win32\eclipse\workspace.jdi\LocalDevelopment\ESCONF_BUILDT\sap.com\ide\es\config\mc\model\bi\_comp\gen\default\public\MM_Inf\lib\moin\sap.com~ide~es~config~mc~model_xmi.zip
  [MOINInit] Referenced meta-model: D:\Users\pedro.jimenez\Desktop\Nobel\nwds-extsoa-7.3-EHP1-SP17-PAT0000-win32\eclipse\workspace.jdi\LocalDevelopment\ESMP_BUILDT\sap.com\tc\bpem\bi\model\flow\_comp\gen\default\public\MM_Inf\lib\moin\glx~ide_xmi.jar
  [MOINInit] Referenced meta-model: D:\Users\pedro.jimenez\Desktop\Nobel\nwds-extsoa-7.3-EHP1-SP17-PAT0000-win32\eclipse\workspace.jdi\LocalDevelopment\BPEM-BUILDT\sap.com\tc\bpem\bi\model\triggernet\_comp\gen\default\public\MM_Inf\lib\moin\glx~tnet_xmi.jar
  [MOINInit] Referenced meta-model: D:\Users\pedro.jimenez\Desktop\Nobel\nwds-extsoa-7.3-EHP1-SP17-PAT0000-win32\eclipse\workspace.jdi\LocalDevelopment\ESMP_BUILDT\sap.com\tc\esmp\bi\model\wsdl20\_comp\gen\default\public\MM_Inf\lib\moin\sap.com~tc~esmp~model~wsdl20_xmi.zip
  [MOINInit] Referenced meta-model: D:\Users\pedro.jimenez\Desktop\Nobel\nwds-extsoa-7.3-EHP1-SP17-PAT0000-win32\eclipse\workspace.jdi\LocalDevelopment\ESMP_BUILDT\sap.com\tc\esmp\bi\model\xsd1\_comp\gen\default\public\MM_Inf\lib\moin\sap.com~tc~esmp~model~xsd1_xmi.zip
  [MOINInit] Referenced meta-model: D:\Users\pedro.jimenez\Desktop\Nobel\nwds-extsoa-7.3-EHP1-SP17-PAT0000-win32\eclipse\workspace.jdi\LocalDevelopment\MOIN_BUILDT\sap.com\tc\mie\bi\model\gfw\_comp\gen\default\public\MM_Inf\lib\moin\sap.com~com~sap~mi~gfw~mm~def_assmbl.zip
  [MOINInit] Referenced meta-model: D:\Users\pedro.jimenez\Desktop\Nobel\nwds-extsoa-7.3-EHP1-SP17-PAT0000-win32\eclipse\workspace.jdi\LocalDevelopment\MOIN_BUILDT\sap.com\tc\moin\bi\model\textverticalization\_comp\gen\default\public\MM_Inf\lib\moin\sap.com~tc~moin~model~textverticalization_xmi.zip
  [MOINInit] Referenced meta-model: D:\Users\pedro.jimenez\Desktop\Nobel\nwds-extsoa-7.3-EHP1-SP17-PAT0000-win32\eclipse\workspace.jdi\LocalDevelopment\MOIN_BUILDT\sap.com\tc\moin\bi\model\util\_comp\gen\default\public\MM_Inf\lib\moin\sap.com~tc~moin~model~util_xmi.zip
  [MOINInit] DataArea name: DefaultDataArea
  [MOINInit] Moin initialized in 1024 milliseconds.
      [echo] Registering folder: gensrc/extcfg for path: D:\Users\pedro.jimenez\Desktop\Nobel\nwds-extsoa-7.3-EHP1-SP17-PAT0000-win32\eclipse\workspace.jdi\LocalDevelopment\t\28B4BAC4D336ACD8034471662744972A\gensrc\extcfg/
      [echo] Starting Extension Configuration generator...
  [gen_scdl] 		[SCDL_GEN] Initializing Scdl Generation...
  [gen_scdl] 		[SCDL_GEN] Initialization successfully completed.
  [gen_scdl] 		[SCDL_GEN] Starting retrieval of information from contributors...
  [gen_scdl] 		[SCDL_GEN] Information retrieval from contributors successfully completed!
  [gen_scdl] 		[SCDL_GEN] Starting composite export to SCDL...
  [gen_scdl] 			[SCDL-EXPORT] Scdl file output location: D:\Users\pedro.jimenez\Desktop\Nobel\nwds-extsoa-7.3-EHP1-SP17-PAT0000-win32\eclipse\workspace.jdi\LocalDevelopment\t\28B4BAC4D336ACD8034471662744972A/scdl_output\META-INF\p_sfdc~pr~pm~re~lytd.composite
  [gen_scdl] 			[SCDL-EXPORT] sca contribution XML output location: D:\Users\pedro.jimenez\Desktop\Nobel\nwds-extsoa-7.3-EHP1-SP17-PAT0000-win32\eclipse\workspace.jdi\LocalDevelopment\t\28B4BAC4D336ACD8034471662744972A/scdl_output\META-INF\sca-contribution.xml
  [gen_scdl] 		[SCDL_GEN] Conversion successfully completed!
     [timer] Extension Configuration generator finished in 1.025 seconds
 
[MOINShutdown] About to shutdown MOIN...
[MOINShutdown] MOIN shut down in 62 milliseconds.
 
Xlf2PropBase:
      [echo] Start XLF conversion
  [xlf2prop] Found 6 XLF files to convert in folder "mc"
     [timer] XLF conversion finished in 0.281 seconds
 
      [copy] Copying 6 files to D:\Users\pedro.jimenez\Desktop\Nobel\nwds-extsoa-7.3-EHP1-SP17-PAT0000-win32\eclipse\workspace.jdi\LocalDevelopment\t\28B4BAC4D336ACD8034471662744972A\xlf_out
 
Bpem:
  [MOINInit] Meta models found.
  [MOINInit] Referenced meta-model: D:\Users\pedro.jimenez\Desktop\Nobel\nwds-extsoa-7.3-EHP1-SP17-PAT0000-win32\eclipse\workspace.jdi\LocalDevelopment\ESCONF_BUILDT\sap.com\ide\es\config\mc\model\bi\_comp\gen\default\public\MM_Inf\lib\moin\sap.com~ide~es~config~mc~model_xmi.zip
  [MOINInit] Referenced meta-model: D:\Users\pedro.jimenez\Desktop\Nobel\nwds-extsoa-7.3-EHP1-SP17-PAT0000-win32\eclipse\workspace.jdi\LocalDevelopment\ESMP_BUILDT\sap.com\tc\bpem\bi\model\flow\_comp\gen\default\public\MM_Inf\lib\moin\glx~ide_xmi.jar
  [MOINInit] Referenced meta-model: D:\Users\pedro.jimenez\Desktop\Nobel\nwds-extsoa-7.3-EHP1-SP17-PAT0000-win32\eclipse\workspace.jdi\LocalDevelopment\BPEM-BUILDT\sap.com\tc\bpem\bi\model\triggernet\_comp\gen\default\public\MM_Inf\lib\moin\glx~tnet_xmi.jar
  [MOINInit] Referenced meta-model: D:\Users\pedro.jimenez\Desktop\Nobel\nwds-extsoa-7.3-EHP1-SP17-PAT0000-win32\eclipse\workspace.jdi\LocalDevelopment\ESMP_BUILDT\sap.com\tc\esmp\bi\model\wsdl20\_comp\gen\default\public\MM_Inf\lib\moin\sap.com~tc~esmp~model~wsdl20_xmi.zip
  [MOINInit] Referenced meta-model: D:\Users\pedro.jimenez\Desktop\Nobel\nwds-extsoa-7.3-EHP1-SP17-PAT0000-win32\eclipse\workspace.jdi\LocalDevelopment\ESMP_BUILDT\sap.com\tc\esmp\bi\model\xsd1\_comp\gen\default\public\MM_Inf\lib\moin\sap.com~tc~esmp~model~xsd1_xmi.zip
  [MOINInit] Referenced meta-model: D:\Users\pedro.jimenez\Desktop\Nobel\nwds-extsoa-7.3-EHP1-SP17-PAT0000-win32\eclipse\workspace.jdi\LocalDevelopment\MOIN_BUILDT\sap.com\tc\mie\bi\model\gfw\_comp\gen\default\public\MM_Inf\lib\moin\sap.com~com~sap~mi~gfw~mm~def_assmbl.zip
  [MOINInit] Referenced meta-model: D:\Users\pedro.jimenez\Desktop\Nobel\nwds-extsoa-7.3-EHP1-SP17-PAT0000-win32\eclipse\workspace.jdi\LocalDevelopment\MOIN_BUILDT\sap.com\tc\moin\bi\model\textverticalization\_comp\gen\default\public\MM_Inf\lib\moin\sap.com~tc~moin~model~textverticalization_xmi.zip
  [MOINInit] Referenced meta-model: D:\Users\pedro.jimenez\Desktop\Nobel\nwds-extsoa-7.3-EHP1-SP17-PAT0000-win32\eclipse\workspace.jdi\LocalDevelopment\MOIN_BUILDT\sap.com\tc\moin\bi\model\util\_comp\gen\default\public\MM_Inf\lib\moin\sap.com~tc~moin~model~util_xmi.zip
  [MOINInit] DataArea name: DefaultDataArea
  [MOINInit] Moin initialized in 1047 milliseconds.
  [BpemTask] BC-BMT-BPM-SRV com.sap.tc.glx.BpemTask execute() - Metamodel version validation...
  [BpemTask] BC-BMT-BPM-SRV com.sap.tc.glx.BpemTask execute() - Sanity check is enabled, com.glx.sanity.check system property isn't false.
  [BpemTask] WSDL Location:src/wsdl/MI286_BPM_ControlFlow_oa.wsdl
  [BpemTask] PF.DefaultDataArea:DCs/nobelbiocare.com/p_sfdc/pr/pm/re/lytd
  [BpemTask] WSDL Location:src/wsdl/rootwsdl_SimpleTimerServices.wsdl
  [BpemTask] PF.DefaultDataArea:DCs/sap.com/tc/bpem/content/predefs/default
  [BpemTask] WSDL Location:src/wsdl/OM_LYTD_Rejected.wsdl
  [BpemTask] PF.DefaultDataArea:DCs/nobelbiocare.com/p_sfdc/pr/pm/re/lytd
  [BpemTask] WSDL Location:src/wsdl/MI281_BPM_CustomerRevenueLYTD_Push_os.wsdl
  [BpemTask] PF.DefaultDataArea:DCs/nobelbiocare.com/p_sfdc/pr/pm/re/lytd
  [BpemTask] WSDL Location:src/wsdl/OM_AccId_2_LYTD.wsdl
  [BpemTask] PF.DefaultDataArea:DCs/nobelbiocare.com/p_sfdc/pr/pm/re/lytd
  [BpemTask] WSDL Location:src/wsdl/MI281_BPM_GetAccountId_os.wsdl
  [BpemTask] PF.DefaultDataArea:DCs/nobelbiocare.com/p_sfdc/pr/pm/re/lytd
  [BpemTask] BC-BMT-BPM-SRV com.sap.tc.glx.SourceVersioner compile(host, artifact) - Generating version IDs for sources...
  [BpemTask] BC-BMT-BPM-SRV com.sap.tc.glx.BpemTask execute() - Initiating rule compilation.
  [BpemTask] BC-BMT-BPM-SRV com.sap.tc.glx.BpemTask execute() - Initiating event definition constraint check.
  [BpemTask] BC-BMT-BPM-SRV com.sap.tc.glx.BpemTask execute() - Constraint check for event definitions is done.
  [BpemTask] BC-BMT-BPM-SRV com.sap.tc.glx.BpemTask execute() - Initiating event definition compilation.
  [BpemTask] BC-BMT-BPM-SRV com.sap.tc.glx.BpemTask execute() - Event def: com.sap.glx.ide.model.galaxy.workflow.MessageEventDefinition (Java Type)
  [BpemTask] Galaxy.Workflow.MessageEventDefinition (MOF Type)
  [BpemTask] PF.DefaultDataArea:DCs/nobelbiocare.com/p_sfdc/pr/pm/re/lytd/_comp/src/triggers/tr_revenue_start_lastyeartodate.eventdef#E000054CA261FD7DF95511E691380205857FEB80 (MRI)
  [BpemTask] BC-BMT-BPM-SRV com.sap.tc.glx.BpemTask processCompilerObj(obj , compDir) - Compiling [com.sap.tc.esmp.mm.xsd1.XsdElementDeclaration (Java Type)
  [BpemTask] XSD1.XsdElementDeclaration (MOF Type)
  [BpemTask] PF.DefaultDataArea:DCs/nobelbiocare.com/p_sfdc/pr/pm/re/lytd/_comp/rep/wsdl/nobelbiocare.com.bpm.sfdc.revenue.types#E0C792CEE2C15466F95411E6A0260205857FEB80 (MRI)], CompilerType: TYPECOMPILER
  [BpemTask] BC-BMT-BPM-SRV com.sap.tc.glx.BpemTask processCompilerObj(obj , compDir) - Compiling com.sap.glx.ide.model.galaxy.workflow.MessageEventDefinition (Java Type)
  [BpemTask] Galaxy.Workflow.MessageEventDefinition (MOF Type)
  [BpemTask] PF.DefaultDataArea:DCs/nobelbiocare.com/p_sfdc/pr/pm/re/lytd/_comp/src/triggers/tr_revenue_start_lastyeartodate.eventdef#E000054CA261FD7DF95511E691380205857FEB80 (MRI), CompilerType: INTERFACECOMPILER
  [BpemTask] BC-BMT-BPM-SRV com.sap.tc.glx.BpemTask execute() - Initiating task constraint check.
  [BpemTask] BC-BMT-BPM-SRV com.sap.tc.glx.BpemTask execute() - Constraint check for Tasks is done.
  [BpemTask] BC-BMT-BPM-SRV com.sap.tc.glx.BpemTask execute() - Initiating task compilation.
  [BpemTask] BC-BMT-BPM-SRV com.sap.tc.glx.BpemTask execute() - Initiating data mapping validation.
  [BpemTask] BC-BMT-BPM-SRV com.sap.tc.glx.BpemTask execute() - Data mapping validation is done.
  [BpemTask] BC-BMT-BPM-SRV com.sap.tc.glx.BpemTask execute() - Initiating process constraint check.
  [BpemTask] BC-BMT-BPM-SRV com.sap.tc.glx.BpemTask execute() - Constraint check for processes is done
  [BpemTask] BC-BMT-BPM-SRV com.sap.tc.glx.BpemTask execute() - Initiating process compilation.
  [BpemTask] BC-BMT-BPM-SRV com.sap.tc.glx.BpemTask processCompilerObj(obj , compDir) - Compiling com.sap.glx.ide.model.galaxy.workflow.Collaboration (Java Type)
  [BpemTask] Galaxy.Workflow.Collaboration (MOF Type)
  [BpemTask] PF.DefaultDataArea:DCs/nobelbiocare.com/p_sfdc/pr/pm/re/lytd/_comp/src/bpmn/p_bpm_005_revenue_lastyeartodate.bpmn#E009322EAE115189F95411E6B0B50205857FEB80 (MRI), CompilerType: XLFFACTORY
  [BpemTask] Packaging XLF file 'D:\Users\pedro.jimenez\Desktop\Nobel\nwds-extsoa-7.3-EHP1-SP17-PAT0000-win32\eclipse\workspace.jdi\LocalDevelopment\SC_SFDC\nobelbiocare.com\p_sfdc\pr\pm\re\lytd\_comp\src\bpmn\p_bpm_005_revenue_lastyeartodate.bpmn.xlf'.
  [BpemTask] BC-BMT-BPM-SRV com.sap.tc.glx.BpemTask processCompilerObj(obj , compDir) - Compiling com.sap.glx.ide.model.galaxy.workflow.Collaboration (Java Type)
  [BpemTask] Galaxy.Workflow.Collaboration (MOF Type)
  [BpemTask] PF.DefaultDataArea:DCs/nobelbiocare.com/p_sfdc/pr/pm/re/lytd/_comp/src/bpmn/p_bpm_005_revenue_lastyeartodate.bpmn#E009322EAE115189F95411E6B0B50205857FEB80 (MRI), CompilerType: DIAGRAMTOXMLCONVERTER
  [BpemTask] PV file generation: parsing...
  [BpemTask] PV file generation done.
  [BpemTask] BC-BMT-BPM-SRV com.sap.tc.glx.BpemTask processCompilerObj(obj , compDir) - Compiling [com.sap.tc.esmp.mm.xsd1.XsdElementDeclaration (Java Type)
  [BpemTask] XSD1.XsdElementDeclaration (MOF Type)
  [BpemTask] PF.DefaultDataArea:DCs/sap.com/tc/bpem/content/predefs/types/_comp/rep/functions/sap.com/bpem/glx/built-in/generic/isset.function#492D235E1CDA4480BBA411DD8C2C0019991C7C01 (MRI), com.sap.tc.esmp.mm.xsd1.XsdElementDeclaration (Java Type)
  [BpemTask] XSD1.XsdElementDeclaration (MOF Type)
  [BpemTask] PF.DefaultDataArea:DCs/sap.com/tc/bpem/content/predefs/types/_comp/rep/functions/sap.com/bpem/glx/built-in/generic/isset.function#492D235E1CD42A00BBA411DDA7860019991C7C01 (MRI)], CompilerType: TYPECOMPILER
  [BpemTask] BC-BMT-BPM-SRV com.sap.tc.glx.BpemTask processCompilerObj(obj , compDir) - Compiling [com.sap.tc.esmp.mm.xsd1.XsdElementDeclaration (Java Type)
  [BpemTask] XSD1.XsdElementDeclaration (MOF Type)
  [BpemTask] PF.DefaultDataArea:DCs/nobelbiocare.com/p_sfdc/pr/pm/re/lytd/_comp/src/bpmn/p_bpm_005_revenue_lastyeartodate.bpmn#E0677A9A4E25CD84F95811E6AAE40205857FEB80 (MRI)], CompilerType: TYPECOMPILER
  [BpemTask] BC-BMT-BPM-SRV com.sap.tc.glx.BpemTask processCompilerObj(obj , compDir) - Compiling [com.sap.tc.esmp.mm.xsd1.XsdElementDeclaration (Java Type)
  [BpemTask] XSD1.XsdElementDeclaration (MOF Type)
  [BpemTask] PF.DefaultDataArea:DCs/nobelbiocare.com/p_sfdc/pr/pm/re/lytd/_comp/src/bpmn/p_bpm_005_revenue_lastyeartodate.bpmn#E000054CBE6C65BEF95411E6CDE60205857FEB80 (MRI)], CompilerType: TYPECOMPILER
  [BpemTask] BC-BMT-BPM-SRV com.sap.tc.glx.BpemTask processCompilerObj(obj , compDir) - Compiling [com.sap.tc.esmp.mm.xsd1.XsdElementDeclaration (Java Type)
  [BpemTask] XSD1.XsdElementDeclaration (MOF Type)
  [BpemTask] PF.DefaultDataArea:DCs/nobelbiocare.com/p_sfdc/pr/pm/re/lytd/_comp/src/bpmn/p_bpm_005_revenue_lastyeartodate.bpmn#E000054CADFAFC50573011E7AB0554EFEC7B6400 (MRI)], CompilerType: TYPECOMPILER
  [BpemTask] BC-BMT-BPM-SRV com.sap.tc.glx.BpemTask processCompilerObj(obj , compDir) - Compiling [com.sap.tc.esmp.mm.xsd1.XsdElementDeclaration (Java Type)
  [BpemTask] XSD1.XsdElementDeclaration (MOF Type)
  [BpemTask] PF.DefaultDataArea:DCs/sap.com/tc/bpem/content/predefs/types/_comp/rep/functions/sap.com/bpem/glx/built-in/text/string.function#481F3B33962EFE711AC311DD803C0018717335EB (MRI), com.sap.tc.esmp.mm.xsd1.XsdElementDeclaration (Java Type)
  [BpemTask] XSD1.XsdElementDeclaration (MOF Type)
  [BpemTask] PF.DefaultDataArea:DCs/sap.com/tc/bpem/content/predefs/types/_comp/rep/functions/sap.com/bpem/glx/built-in/text/string.function#481F3B33962C8D701AC311DDCAE80018717335EB (MRI)], CompilerType: TYPECOMPILER
  [BpemTask] BC-BMT-BPM-SRV com.sap.tc.glx.BpemTask processCompilerObj(obj , compDir) - Compiling [com.sap.tc.esmp.mm.xsd1.XsdElementDeclaration (Java Type)
  [BpemTask] XSD1.XsdElementDeclaration (MOF Type)
  [BpemTask] PF.DefaultDataArea:DCs/sap.com/tc/bpem/content/predefs/default/_comp/src/functions/sap.com/bpem/glx/built-in/principal/getprincipals.function#481F3B33968275A41AC311DDC9ED0018717335EB (MRI), com.sap.tc.esmp.mm.xsd1.XsdElementDeclaration (Java Type)
  [BpemTask] XSD1.XsdElementDeclaration (MOF Type)
  [BpemTask] PF.DefaultDataArea:DCs/sap.com/tc/bpem/content/predefs/default/_comp/src/functions/sap.com/bpem/glx/built-in/principal/getprincipals.function#481F3B33968004A11AC311DDAA030018717335EB (MRI)], CompilerType: TYPECOMPILER
  [BpemTask] BC-BMT-BPM-SRV com.sap.tc.glx.BpemTask processCompilerObj(obj , compDir) - Compiling [com.sap.tc.esmp.mm.xsd1.XsdElementDeclaration (Java Type)
  [BpemTask] XSD1.XsdElementDeclaration (MOF Type)
  [BpemTask] PF.DefaultDataArea:DCs/sap.com/tc/bpem/content/predefs/types/_comp/rep/functions/sap.com/bpem/glx/built-in/text/replace.function#481F3B339620A69A1AC311DDCC5E0018717335EB (MRI), com.sap.tc.esmp.mm.xsd1.XsdElementDeclaration (Java Type)
  [BpemTask] XSD1.XsdElementDeclaration (MOF Type)
  [BpemTask] PF.DefaultDataArea:DCs/sap.com/tc/bpem/content/predefs/types/_comp/rep/functions/sap.com/bpem/glx/built-in/text/replace.function#481F3B33961E35931AC311DDBCBD0018717335EB (MRI)], CompilerType: TYPECOMPILER
  [BpemTask] BC-BMT-BPM-SRV com.sap.tc.glx.BpemTask processCompilerObj(obj , compDir) - Compiling [com.sap.tc.esmp.mm.xsd1.XsdElementDeclaration (Java Type)
  [BpemTask] XSD1.XsdElementDeclaration (MOF Type)
  [BpemTask] PF.DefaultDataArea:DCs/nobelbiocare.com/p_sfdc/pr/pm/re/lytd/_comp/rep/wsdl/nobelbiocare.com.bpm.sfdc.revenue.types#E0C792CE686FF46EF95611E6B75A0205857FEB80 (MRI)], CompilerType: TYPECOMPILER
  [BpemTask] BC-BMT-BPM-SRV com.sap.tc.glx.BpemTask processCompilerObj(obj , compDir) - Compiling [com.sap.tc.esmp.mm.xsd1.XsdElementDeclaration (Java Type)
  [BpemTask] XSD1.XsdElementDeclaration (MOF Type)
  [BpemTask] PF.DefaultDataArea:DCs/sap.com/tc/bpem/content/predefs/types/_comp/rep/functions/sap.com/bpem/glx/built-in/text/concat.function#481F3B3295C3B9881AC311DDAEFA0018717335EB (MRI), com.sap.tc.esmp.mm.xsd1.XsdElementDeclaration (Java Type)
  [BpemTask] XSD1.XsdElementDeclaration (MOF Type)
  [BpemTask] PF.DefaultDataArea:DCs/sap.com/tc/bpem/content/predefs/types/_comp/rep/functions/sap.com/bpem/glx/built-in/text/concat.function#481F3B3295C148851AC311DDB0480018717335EB (MRI)], CompilerType: TYPECOMPILER
  [BpemTask] BC-BMT-BPM-SRV com.sap.tc.glx.BpemTask processCompilerObj(obj , compDir) - Compiling [com.sap.tc.esmp.mm.xsd1.XsdElementDeclaration (Java Type)
  [BpemTask] XSD1.XsdElementDeclaration (MOF Type)
  [BpemTask] PF.DefaultDataArea:DCs/nobelbiocare.com/p_sfdc/pr/pm/re/lytd/_comp/src/bpmn/p_bpm_005_revenue_lastyeartodate.bpmn#E000054CADF88BC0573011E7B82C54EFEC7B6400 (MRI)], CompilerType: TYPECOMPILER
  [BpemTask] BC-BMT-BPM-SRV com.sap.tc.glx.BpemTask processCompilerObj(obj , compDir) - Compiling [com.sap.tc.esmp.mm.xsd1.XsdElementDeclaration (Java Type)
  [BpemTask] XSD1.XsdElementDeclaration (MOF Type)
  [BpemTask] PF.DefaultDataArea:DCs/nobelbiocare.com/p_sfdc/pr/pm/re/lytd/_comp/src/bpmn/p_bpm_005_revenue_lastyeartodate.bpmn#E0677A9AA9B30CC1F95911E68BCA0205857FEB80 (MRI)], CompilerType: TYPECOMPILER
  [BpemTask] BC-BMT-BPM-SRV com.sap.tc.glx.BpemTask processCompilerObj(obj , compDir) - Compiling [com.sap.tc.esmp.mm.xsd1.XsdElementDeclaration (Java Type)
  [BpemTask] XSD1.XsdElementDeclaration (MOF Type)
  [BpemTask] PF.DefaultDataArea:DCs/nobelbiocare.com/p_sfdc/pr/pm/re/lytd/_comp/src/bpmn/p_bpm_005_revenue_lastyeartodate.bpmn#E0677A9A84BB0F5AF95811E6B3300205857FEB80 (MRI)], CompilerType: TYPECOMPILER
  [BpemTask] BC-BMT-BPM-SRV com.sap.tc.glx.BpemTask processCompilerObj(obj , compDir) - Compiling [com.sap.tc.esmp.mm.xsd1.XsdElementDeclaration (Java Type)
  [BpemTask] XSD1.XsdElementDeclaration (MOF Type)
  [BpemTask] PF.DefaultDataArea:DCs/nobelbiocare.com/p_sfdc/pr/pm/re/lytd/_comp/rep/wsdl/nobelbiocare.com.bpm.sfdc.revenue.types#E0C792CEE2C15466F95411E6A0260205857FEB80 (MRI), com.sap.tc.esmp.mm.xsd1.XsdElementDeclaration (Java Type)
  [BpemTask] XSD1.XsdElementDeclaration (MOF Type)
  [BpemTask] PF.DefaultDataArea:DCs/nobelbiocare.com/p_sfdc/pr/pm/re/lytd/_comp/rep/wsdl/partner.soap.sforce.com.types#E0C792CEC28AD79CF95611E6C76F0205857FEB80 (MRI)], CompilerType: TYPECOMPILER
  [BpemTask] BC-BMT-BPM-SRV com.sap.tc.glx.BpemTask processCompilerObj(obj , compDir) - Compiling [com.sap.tc.esmp.mm.xsd1.XsdElementDeclaration (Java Type)
  [BpemTask] XSD1.XsdElementDeclaration (MOF Type)
  [BpemTask] PF.DefaultDataArea:DCs/nobelbiocare.com/p_sfdc/pr/pm/re/lytd/_comp/src/bpmn/p_bpm_005_revenue_lastyeartodate.bpmn#E000054CADEBBBF7573011E7A2A454EFEC7B6400 (MRI)], CompilerType: TYPECOMPILER
  [BpemTask] BC-BMT-BPM-SRV com.sap.tc.glx.BpemTask processCompilerObj(obj , compDir) - Compiling [com.sap.tc.esmp.mm.xsd1.XsdElementDeclaration (Java Type)
  [BpemTask] XSD1.XsdElementDeclaration (MOF Type)
  [BpemTask] PF.DefaultDataArea:DCs/sap.com/tc/bpem/content/predefs/types/_comp/rep/functions/sap.com/bpem/glx/built-in/infinite-integer/integer.function#481F3B3094B186361AC311DDB4480018717335EB (MRI), com.sap.tc.esmp.mm.xsd1.XsdElementDeclaration (Java Type)
  [BpemTask] XSD1.XsdElementDeclaration (MOF Type)
  [BpemTask] PF.DefaultDataArea:DCs/sap.com/tc/bpem/content/predefs/types/_comp/rep/functions/sap.com/bpem/glx/built-in/infinite-integer/integer.function#481F3B3094AF15351AC311DDA1F80018717335EB (MRI)], CompilerType: TYPECOMPILER
  [BpemTask] BC-BMT-BPM-SRV com.sap.tc.glx.BpemTask processCompilerObj(obj , compDir) - Compiling [com.sap.tc.esmp.mm.xsd1.XsdElementDeclaration (Java Type)
  [BpemTask] XSD1.XsdElementDeclaration (MOF Type)
  [BpemTask] PF.DefaultDataArea:DCs/nobelbiocare.com/p_sfdc/pr/pm/re/lytd/_comp/src/bpmn/p_bpm_005_revenue_lastyeartodate.bpmn#E0630A078C0EF99401F011E79ED20205857FEB80 (MRI)], CompilerType: TYPECOMPILER
  [BpemTask] BC-BMT-BPM-SRV com.sap.tc.glx.BpemTask processCompilerObj(obj , compDir) - Compiling [com.sap.tc.esmp.mm.xsd1.XsdElementDeclaration (Java Type)
  [BpemTask] XSD1.XsdElementDeclaration (MOF Type)
  [BpemTask] PF.DefaultDataArea:DCs/nobelbiocare.com/p_sfdc/pr/pm/re/lytd/_comp/src/bpmn/p_bpm_005_revenue_lastyeartodate.bpmn#E000054CADF657F0573011E7924454EFEC7B6400 (MRI)], CompilerType: TYPECOMPILER
  [BpemTask] BC-BMT-BPM-SRV com.sap.tc.glx.BpemTask processCompilerObj(obj , compDir) - Compiling [com.sap.tc.esmp.mm.xsd1.XsdElementDeclaration (Java Type)
  [BpemTask] XSD1.XsdElementDeclaration (MOF Type)
  [BpemTask] PF.DefaultDataArea:DCs/nobelbiocare.com/p_sfdc/pr/pm/re/lytd/_comp/rep/wsdl/nobelbiocare.com.bpm.sfdc.revenue.types#E0C85117EC264B1A01EE11E78A760205857FEB80 (MRI), com.sap.tc.esmp.mm.xsd1.XsdElementDeclaration (Java Type)
  [BpemTask] XSD1.XsdElementDeclaration (MOF Type)
  [BpemTask] PF.DefaultDataArea:DCs/nobelbiocare.com/p_sfdc/pr/pm/re/lytd/_comp/rep/wsdl/nobelbiocare.com.bpm.sfdc.revenue.types#E0C85117EC264B1901EE11E78CA60205857FEB80 (MRI)], CompilerType: TYPECOMPILER
  [BpemTask] BC-BMT-BPM-SRV com.sap.tc.glx.BpemTask processCompilerObj(obj , compDir) - Compiling [com.sap.tc.esmp.mm.xsd1.XsdElementDeclaration (Java Type)
  [BpemTask] XSD1.XsdElementDeclaration (MOF Type)
  [BpemTask] PF.DefaultDataArea:DCs/nobelbiocare.com/p_sfdc/pr/pm/re/lytd/_comp/src/bpmn/p_bpm_005_revenue_lastyeartodate.bpmn#E000054CBCB2DA2DF95411E6C1EE0205857FEB80 (MRI)], CompilerType: TYPECOMPILER
  [BpemTask] BC-BMT-BPM-SRV com.sap.tc.glx.BpemTask processCompilerObj(obj , compDir) - Compiling [com.sap.tc.esmp.mm.xsd1.XsdElementDeclaration (Java Type)
  [BpemTask] XSD1.XsdElementDeclaration (MOF Type)
  [BpemTask] PF.DefaultDataArea:DCs/sap.com/tc/bpem/content/predefs/types/_comp/rep/functions/sap.com/bpem/glx/built-in/text/string.function#481F3B33964B87261AC311DDCCDB0018717335EB (MRI), com.sap.tc.esmp.mm.xsd1.XsdElementDeclaration (Java Type)
  [BpemTask] XSD1.XsdElementDeclaration (MOF Type)
  [BpemTask] PF.DefaultDataArea:DCs/sap.com/tc/bpem/content/predefs/types/_comp/rep/functions/sap.com/bpem/glx/built-in/text/string.function#481F3B3396445B301AC311DD8F240018717335EB (MRI)], CompilerType: TYPECOMPILER
  [BpemTask] BC-BMT-BPM-SRV com.sap.tc.glx.BpemTask processCompilerObj(obj , compDir) - Compiling [com.sap.tc.esmp.mm.xsd1.XsdElementDeclaration (Java Type)
  [BpemTask] XSD1.XsdElementDeclaration (MOF Type)
  [BpemTask] PF.DefaultDataArea:DCs/nobelbiocare.com/p_sfdc/pr/pm/re/lytd/_comp/src/bpmn/p_bpm_005_revenue_lastyeartodate.bpmn#E000054CDFB0DAEF572E11E7BC4B54EFEC7B6400 (MRI)], CompilerType: TYPECOMPILER
  [BpemTask] BC-BMT-BPM-SRV com.sap.tc.glx.BpemTask processCompilerObj(obj , compDir) - Compiling [com.sap.tc.esmp.mm.xsd1.XsdElementDeclaration (Java Type)
  [BpemTask] XSD1.XsdElementDeclaration (MOF Type)
  [BpemTask] PF.DefaultDataArea:DCs/nobelbiocare.com/p_sfdc/pr/pm/re/lytd/_comp/src/bpmn/p_bpm_005_revenue_lastyeartodate.bpmn#E000054CBE526C6FF95411E6CBCA0205857FEB80 (MRI)], CompilerType: TYPECOMPILER
  [BpemTask] BC-BMT-BPM-SRV com.sap.tc.glx.BpemTask processCompilerObj(obj , compDir) - Compiling [com.sap.tc.esmp.mm.xsd1.XsdElementDeclaration (Java Type)
  [BpemTask] XSD1.XsdElementDeclaration (MOF Type)
  [BpemTask] PF.DefaultDataArea:DCs/nobelbiocare.com/p_sfdc/pr/pm/re/lytd/_comp/src/bpmn/p_bpm_005_revenue_lastyeartodate.bpmn#E000054CADF3D106573011E7B60754EFEC7B6400 (MRI)], CompilerType: TYPECOMPILER
  [BpemTask] BC-BMT-BPM-SRV com.sap.tc.glx.BpemTask processCompilerObj(obj , compDir) - Compiling [com.sap.tc.esmp.mm.xsd1.XsdElementDeclaration (Java Type)
  [BpemTask] XSD1.XsdElementDeclaration (MOF Type)
  [BpemTask] PF.DefaultDataArea:DCs/nobelbiocare.com/p_sfdc/pr/pm/re/lytd/_comp/src/bpmn/p_bpm_005_revenue_lastyeartodate.bpmn#E000054CBC7DC769F95411E6AAE30205857FEB80 (MRI)], CompilerType: TYPECOMPILER
  [BpemTask] BC-BMT-BPM-SRV com.sap.tc.glx.BpemTask processCompilerObj(obj , compDir) - Compiling [com.sap.tc.esmp.mm.xsd1.XsdElementDeclaration (Java Type)
  [BpemTask] XSD1.XsdElementDeclaration (MOF Type)
  [BpemTask] PF.DefaultDataArea:DCs/sap.com/tc/bpem/content/predefs/types/_comp/rep/functions/sap.com/bpem/glx/built-in/text/string.function#481F3B33963AE5501AC311DDC2690018717335EB (MRI), com.sap.tc.esmp.mm.xsd1.XsdElementDeclaration (Java Type)
  [BpemTask] XSD1.XsdElementDeclaration (MOF Type)
  [BpemTask] PF.DefaultDataArea:DCs/sap.com/tc/bpem/content/predefs/types/_comp/rep/functions/sap.com/bpem/glx/built-in/text/string.function#481F3B3396362A671AC311DDC30C0018717335EB (MRI)], CompilerType: TYPECOMPILER
  [BpemTask] BC-BMT-BPM-SRV com.sap.tc.glx.BpemTask processCompilerObj(obj , compDir) - Compiling [com.sap.tc.esmp.mm.xsd1.XsdElementDeclaration (Java Type)
  [BpemTask] XSD1.XsdElementDeclaration (MOF Type)
  [BpemTask] PF.DefaultDataArea:DCs/sap.com/tc/bpem/content/predefs/types/_comp/rep/functions/sap.com/bpem/glx/built-in/finite-integer/numeric-greater-than.function#481F3B2E934E4CBA1AC311DDB3610018717335EB (MRI), com.sap.tc.esmp.mm.xsd1.XsdElementDeclaration (Java Type)
  [BpemTask] XSD1.XsdElementDeclaration (MOF Type)
  [BpemTask] PF.DefaultDataArea:DCs/sap.com/tc/bpem/content/predefs/types/_comp/rep/functions/sap.com/bpem/glx/built-in/finite-integer/numeric-greater-than.function#481F3B2E934BDBB51AC311DD9ADF0018717335EB (MRI)], CompilerType: TYPECOMPILER
  [BpemTask] BC-BMT-BPM-SRV com.sap.tc.glx.BpemTask processCompilerObj(obj , compDir) - Compiling [com.sap.tc.esmp.mm.xsd1.XsdElementDeclaration (Java Type)
  [BpemTask] XSD1.XsdElementDeclaration (MOF Type)
  [BpemTask] PF.DefaultDataArea:DCs/nobelbiocare.com/p_sfdc/pr/pm/re/lytd/_comp/src/bpmn/p_bpm_005_revenue_lastyeartodate.bpmn#E000054CBC99198BF95411E69F590205857FEB80 (MRI)], CompilerType: TYPECOMPILER
  [BpemTask] BC-BMT-BPM-SRV com.sap.tc.glx.BpemTask processCompilerObj(obj , compDir) - Compiling [com.sap.tc.esmp.mm.xsd1.XsdElementDeclaration (Java Type)
  [BpemTask] XSD1.XsdElementDeclaration (MOF Type)
  [BpemTask] PF.DefaultDataArea:DCs/sap.com/tc/bpem/content/predefs/default/_comp/src/triggers/technicalerror.eventdef#E0EE4DB2B3D5EBBEEAEE11E2BC6C001999A12632 (MRI)], CompilerType: TYPECOMPILER
  [BpemTask] BC-BMT-BPM-SRV com.sap.tc.glx.BpemTask processCompilerObj(obj , compDir) - Compiling [com.sap.tc.esmp.mm.xsd1.XsdElementDeclaration (Java Type)
  [BpemTask] XSD1.XsdElementDeclaration (MOF Type)
  [BpemTask] PF.DefaultDataArea:DCs/nobelbiocare.com/p_sfdc/pr/pm/re/lytd/_comp/src/bpmn/p_bpm_005_revenue_lastyeartodate.bpmn#E0677A9A64CFBB9CF95811E6CA4C0205857FEB80 (MRI)], CompilerType: TYPECOMPILER
  [BpemTask] BC-BMT-BPM-SRV com.sap.tc.glx.BpemTask processCompilerObj(obj , compDir) - Compiling [com.sap.tc.esmp.mm.xsd1.XsdElementDeclaration (Java Type)
  [BpemTask] XSD1.XsdElementDeclaration (MOF Type)
  [BpemTask] PF.DefaultDataArea:DCs/sap.com/tc/bpem/content/predefs/types/_comp/rep/functions/sap.com/bpem/glx/built-in/text/string-join.function#481F3B3295F10B1A1AC311DD892B0018717335EB (MRI), com.sap.tc.esmp.mm.xsd1.XsdElementDeclaration (Java Type)
  [BpemTask] XSD1.XsdElementDeclaration (MOF Type)
  [BpemTask] PF.DefaultDataArea:DCs/sap.com/tc/bpem/content/predefs/types/_comp/rep/functions/sap.com/bpem/glx/built-in/text/string-join.function#481F3B3295EE9A161AC311DD84D60018717335EB (MRI)], CompilerType: TYPECOMPILER
  [BpemTask] BC-BMT-BPM-SRV com.sap.tc.glx.BpemTask processCompilerObj(obj , compDir) - Compiling [com.sap.tc.esmp.mm.xsd1.XsdElementDeclaration (Java Type)
  [BpemTask] XSD1.XsdElementDeclaration (MOF Type)
  [BpemTask] PF.DefaultDataArea:DCs/nobelbiocare.com/p_sfdc/pr/pm/re/lytd/_comp/src/bpmn/p_bpm_005_revenue_lastyeartodate.bpmn#E0677A9AD1517E36F95A11E6A3660205857FEB80 (MRI)], CompilerType: TYPECOMPILER
  [BpemTask] BC-BMT-BPM-SRV com.sap.tc.glx.BpemTask processCompilerObj(obj , compDir) - Compiling [com.sap.tc.esmp.mm.xsd1.XsdElementDeclaration (Java Type)
  [BpemTask] XSD1.XsdElementDeclaration (MOF Type)
  [BpemTask] PF.DefaultDataArea:DCs/nobelbiocare.com/p_sfdc/pr/pm/re/lytd/_comp/src/bpmn/p_bpm_005_revenue_lastyeartodate.bpmn#E000054CADEF229C573011E7B45654EFEC7B6400 (MRI)], CompilerType: TYPECOMPILER
  [BpemTask] BC-BMT-BPM-SRV com.sap.tc.glx.BpemTask processCompilerObj(obj , compDir) - Compiling [com.sap.tc.esmp.mm.xsd1.XsdElementDeclaration (Java Type)
  [BpemTask] XSD1.XsdElementDeclaration (MOF Type)
  [BpemTask] PF.DefaultDataArea:DCs/nobelbiocare.com/p_sfdc/pr/pm/re/lytd/_comp/src/bpmn/p_bpm_005_revenue_lastyeartodate.bpmn#E0677A9A05FFD834F95A11E682790205857FEB80 (MRI)], CompilerType: TYPECOMPILER
  [BpemTask] BC-BMT-BPM-SRV com.sap.tc.glx.BpemTask processCompilerObj(obj , compDir) - Compiling [com.sap.tc.esmp.mm.xsd1.XsdElementDeclaration (Java Type)
  [BpemTask] XSD1.XsdElementDeclaration (MOF Type)
  [BpemTask] PF.DefaultDataArea:DCs/nobelbiocare.com/p_sfdc/pr/pm/re/lytd/_comp/src/bpmn/p_bpm_005_revenue_lastyeartodate.bpmn#E000054CBC7DC764F95411E692170205857FEB80 (MRI)], CompilerType: TYPECOMPILER
  [BpemTask] BC-BMT-BPM-SRV com.sap.tc.glx.BpemTask processCompilerObj(obj , compDir) - Compiling [com.sap.tc.esmp.mm.xsd1.XsdElementDeclaration (Java Type)
  [BpemTask] XSD1.XsdElementDeclaration (MOF Type)
  [BpemTask] PF.DefaultDataArea:DCs/nobelbiocare.com/p_sfdc/pr/pm/re/lytd/_comp/src/bpmn/p_bpm_005_revenue_lastyeartodate.bpmn#E000054CBC7D985BF95411E69A860205857FEB80 (MRI)], CompilerType: TYPECOMPILER
  [BpemTask] BC-BMT-BPM-SRV com.sap.tc.glx.BpemTask processCompilerObj(obj , compDir) - Compiling [com.sap.tc.esmp.mm.xsd1.XsdElementDeclaration (Java Type)
  [BpemTask] XSD1.XsdElementDeclaration (MOF Type)
  [BpemTask] PF.DefaultDataArea:DCs/sap.com/tc/bpem/content/predefs/types/_comp/rep/functions/sap.com/bpem/glx/built-in/infinite-integer/numeric-subtract.function#481F3B3194FB60721AC311DDBB280018717335EB (MRI), com.sap.tc.esmp.mm.xsd1.XsdElementDeclaration (Java Type)
  [BpemTask] XSD1.XsdElementDeclaration (MOF Type)
  [BpemTask] PF.DefaultDataArea:DCs/sap.com/tc/bpem/content/predefs/types/_comp/rep/functions/sap.com/bpem/glx/built-in/infinite-integer/numeric-subtract.function#481F3B3194F1EA981AC311DD82770018717335EB (MRI)], CompilerType: TYPECOMPILER
  [BpemTask] BC-BMT-BPM-SRV com.sap.tc.glx.BpemTask processCompilerObj(obj , compDir) - Compiling [com.sap.tc.esmp.mm.xsd1.XsdElementDeclaration (Java Type)
  [BpemTask] XSD1.XsdElementDeclaration (MOF Type)
  [BpemTask] PF.DefaultDataArea:DCs/sap.com/tc/bpem/content/predefs/types/_comp/rep/functions/sap.com/bpem/glx/built-in/generic/count.function#49182A2ED4053498AF2311DD90AF0019991C7C01 (MRI), com.sap.tc.esmp.mm.xsd1.XsdElementDeclaration (Java Type)
  [BpemTask] XSD1.XsdElementDeclaration (MOF Type)
  [BpemTask] PF.DefaultDataArea:DCs/sap.com/tc/bpem/content/predefs/types/_comp/rep/functions/sap.com/bpem/glx/built-in/generic/count.function#49182A2ED403ADF0AF2311DD98410019991C7C01 (MRI)], CompilerType: TYPECOMPILER
  [BpemTask] BC-BMT-BPM-SRV com.sap.tc.glx.BpemTask processCompilerObj(obj , compDir) - Compiling [com.sap.tc.esmp.mm.xsd1.XsdElementDeclaration (Java Type)
  [BpemTask] XSD1.XsdElementDeclaration (MOF Type)
  [BpemTask] PF.DefaultDataArea:DCs/nobelbiocare.com/p_sfdc/pr/pm/re/lytd/_comp/rep/wsdl/partner.soap.sforce.com.types#E0C85117DA84BE3001ED11E78A8B0205857FEB80 (MRI), com.sap.tc.esmp.mm.xsd1.XsdElementDeclaration (Java Type)
  [BpemTask] XSD1.XsdElementDeclaration (MOF Type)
  [BpemTask] PF.DefaultDataArea:DCs/nobelbiocare.com/p_sfdc/pr/pm/re/lytd/_comp/rep/wsdl/nobelbiocare.com.bpm.sfdc.revenue.types#E0C85117DA84BE2E01ED11E7BD220205857FEB80 (MRI)], CompilerType: TYPECOMPILER
  [BpemTask] BC-BMT-BPM-SRV com.sap.tc.glx.BpemTask processCompilerObj(obj , compDir) - Compiling [com.sap.tc.esmp.mm.xsd1.XsdElementDeclaration (Java Type)
  [BpemTask] XSD1.XsdElementDeclaration (MOF Type)
  [BpemTask] PF.DefaultDataArea:DCs/nobelbiocare.com/p_sfdc/pr/pm/re/lytd/_comp/src/bpmn/p_bpm_005_revenue_lastyeartodate.bpmn#E000054CDFAE687C572E11E7C25554EFEC7B6400 (MRI)], CompilerType: TYPECOMPILER
  [BpemTask] BC-BMT-BPM-SRV com.sap.tc.glx.BpemTask processCompilerObj(obj , compDir) - Compiling [com.sap.tc.esmp.mm.xsd1.XsdElementDeclaration (Java Type)
  [BpemTask] XSD1.XsdElementDeclaration (MOF Type)
  [BpemTask] PF.DefaultDataArea:DCs/nobelbiocare.com/p_sfdc/pr/pm/re/lytd/_comp/src/bpmn/p_bpm_005_revenue_lastyeartodate.bpmn#E000054CADFE5AF5573011E79F7C54EFEC7B6400 (MRI)], CompilerType: TYPECOMPILER
  [BpemTask] BC-BMT-BPM-SRV com.sap.tc.glx.BpemTask processCompilerObj(obj , compDir) - Compiling [com.sap.tc.esmp.mm.xsd1.XsdElementDeclaration (Java Type)
  [BpemTask] XSD1.XsdElementDeclaration (MOF Type)
  [BpemTask] PF.DefaultDataArea:DCs/nobelbiocare.com/p_sfdc/pr/pm/re/lytd/_comp/src/bpmn/p_bpm_005_revenue_lastyeartodate.bpmn#E000054CDFAC4064572E11E7C1D854EFEC7B6400 (MRI)], CompilerType: TYPECOMPILER
  [BpemTask] BC-BMT-BPM-SRV com.sap.tc.glx.BpemTask processCompilerObj(obj , compDir) - Compiling [com.sap.tc.esmp.mm.xsd1.XsdElementDeclaration (Java Type)
  [BpemTask] XSD1.XsdElementDeclaration (MOF Type)
  [BpemTask] PF.DefaultDataArea:DCs/nobelbiocare.com/p_sfdc/pr/pm/re/lytd/_comp/src/bpmn/p_bpm_005_revenue_lastyeartodate.bpmn#E000054CDFA3FF8F572E11E79F7254EFEC7B6400 (MRI)], CompilerType: TYPECOMPILER
  [BpemTask] BC-BMT-BPM-SRV com.sap.tc.glx.BpemTask processCompilerObj(obj , compDir) - Compiling [com.sap.tc.esmp.mm.xsd1.XsdElementDeclaration (Java Type)
  [BpemTask] XSD1.XsdElementDeclaration (MOF Type)
  [BpemTask] PF.DefaultDataArea:DCs/nobelbiocare.com/p_sfdc/pr/pm/re/lytd/_comp/src/bpmn/p_bpm_005_revenue_lastyeartodate.bpmn#E000054CDFB34FD0572E11E7AABF54EFEC7B6400 (MRI)], CompilerType: TYPECOMPILER
  [BpemTask] BC-BMT-BPM-SRV com.sap.tc.glx.BpemTask processCompilerObj(obj , compDir) - Compiling [com.sap.tc.esmp.mm.xsd1.XsdElementDeclaration (Java Type)
  [BpemTask] XSD1.XsdElementDeclaration (MOF Type)
  [BpemTask] PF.DefaultDataArea:DCs/nobelbiocare.com/p_sfdc/pr/pm/re/lytd/_comp/src/bpmn/p_bpm_005_revenue_lastyeartodate.bpmn#E0677A9AC16C88C0F95811E6BD910205857FEB80 (MRI)], CompilerType: TYPECOMPILER
  [BpemTask] BC-BMT-BPM-SRV com.sap.tc.glx.BpemTask processCompilerObj(obj , compDir) - Compiling [com.sap.tc.esmp.mm.xsd1.XsdElementDeclaration (Java Type)
  [BpemTask] XSD1.XsdElementDeclaration (MOF Type)
  [BpemTask] PF.DefaultDataArea:DCs/nobelbiocare.com/p_sfdc/pr/pm/re/lytd/_comp/src/bpmn/p_bpm_005_revenue_lastyeartodate.bpmn#E000054CDFA65EED572E11E79FAC54EFEC7B6400 (MRI)], CompilerType: TYPECOMPILER
  [BpemTask] BC-BMT-BPM-SRV com.sap.tc.glx.BpemTask processCompilerObj(obj , compDir) - Compiling [com.sap.tc.esmp.mm.xsd1.XsdElementDeclaration (Java Type)
  [BpemTask] XSD1.XsdElementDeclaration (MOF Type)
  [BpemTask] PF.DefaultDataArea:DCs/nobelbiocare.com/p_sfdc/pr/pm/re/lytd/_comp/src/bpmn/p_bpm_005_revenue_lastyeartodate.bpmn#E000054CDFA8E478572E11E78FA554EFEC7B6400 (MRI)], CompilerType: TYPECOMPILER
  [BpemTask] BC-BMT-BPM-SRV com.sap.tc.glx.BpemTask processCompilerObj(obj , compDir) - Compiling [com.sap.tc.esmp.mm.xsd1.XsdElementDeclaration (Java Type)
  [BpemTask] XSD1.XsdElementDeclaration (MOF Type)
  [BpemTask] PF.DefaultDataArea:DCs/nobelbiocare.com/p_sfdc/pr/pm/re/lytd/_comp/rep/wsdl/nobelbiocare.com.bpm.sfdc.revenue.types#E0C792CE86CAF107F95511E6CF600205857FEB80 (MRI), com.sap.tc.esmp.mm.xsd1.XsdElementDeclaration (Java Type)
  [BpemTask] XSD1.XsdElementDeclaration (MOF Type)
  [BpemTask] PF.DefaultDataArea:DCs/nobelbiocare.com/p_sfdc/pr/pm/re/lytd/_comp/rep/wsdl/nobelbiocare.com.bpm.sfdc.revenue.types#E0C792CE86CAF106F95511E6C2FF0205857FEB80 (MRI)], CompilerType: TYPECOMPILER
  [BpemTask] BC-BMT-BPM-SRV com.sap.tc.glx.BpemTask processCompilerObj(obj , compDir) - Compiling [com.sap.tc.esmp.mm.xsd1.XsdElementDeclaration (Java Type)
  [BpemTask] XSD1.XsdElementDeclaration (MOF Type)
  [BpemTask] PF.DefaultDataArea:DCs/sap.com/tc/bpem/content/predefs/default/_comp/src/triggers/technicalerror.eventdef#E0EE4DB2B3D5EBBEEAEE11E2BC6C001999A12632 (MRI)], CompilerType: TYPECOMPILER
  [BpemTask] BC-BMT-BPM-SRV com.sap.tc.glx.BpemTask processCompilerObj(obj , compDir) - Compiling com.sap.glx.ide.model.galaxy.workflow.ErrorEventDefinition (Java Type)
  [BpemTask] Galaxy.Workflow.ErrorEventDefinition (MOF Type)
  [BpemTask] PF.DefaultDataArea:DCs/sap.com/tc/bpem/content/predefs/default/_comp/src/triggers/technicalerror.eventdef#E0EE4DB2B3D39C3FEAEE11E2BF54001999A12632 (MRI), CompilerType: EXCEPTIONCOMPILER
  [BpemTask] BC-BMT-BPM-SRV com.sap.tc.glx.BpemTask processCompilerObj(obj , compDir) - Compiling com.sap.glx.ide.model.galaxy.workflow.Collaboration (Java Type)
  [BpemTask] Galaxy.Workflow.Collaboration (MOF Type)
  [BpemTask] PF.DefaultDataArea:DCs/nobelbiocare.com/p_sfdc/pr/pm/re/lytd/_comp/src/bpmn/p_bpm_005_revenue_lastyeartodate.bpmn#E009322EAE115189F95411E6B0B50205857FEB80 (MRI), CompilerType: BPMN2CSVCOMPILER
  [BpemTask] Compiling process 'Last Year To Date' ...
  [BpemTask] Node 'SWITCH_Last_Year_To_Date_token_state_wo_suspend_1' of the generated triggernet has no outgoing connector.
  [BpemTask] Transforming Trigger Network into CSV...
  [BpemTask] Node 'SWITCH_Last_Year_To_Date_token_state_wo_suspend_1' of the generated triggernet has no outgoing connector.
  [BpemTask] WS Provisioning post processing started for %d artifacts found.
  [BpemTask] 1
  [BpemTask] Modelled endpoint for post processing found (service '%s', operation '%s', interface '{%s}%s'.
  [BpemTask] nobelbiocare.com/p_sfdc/pr/pm/re/lytd/TR_Revenue_Start_LastYearToDate
  [BpemTask] MI281_BPM_CustomerRevenueLYTD_Push_ia
  [BpemTask] http://nobelbiocare.com/BPM/SFDC/Revenue
  [BpemTask] MI281_BPM_CustomerRevenueLYTD_Push_ia
  [BpemTask] Writing WSDL location '%s' to file '%s'.
  [BpemTask] src/wsdl/MI281_BPM_CustomerRevenueLYTD_Push_ia.wsdl
  [BpemTask] META-INF/wsdl/nobelbiocarecom2Fpsfdc2Fpr2Fpm2Fre2Flytd2FTRRevenueStartLastYearToDate/src/wsdl/MI281_BPM_CustomerRevenueLYTD_Push_ia.wsdl
  [BpemTask] Creating metadata for service url '%s'.
  [BpemTask] /bpm/nobelbiocarecom/psfdc/pr/pm/re/lytd/TRRevenueStartLastYearToDate
  [BpemTask] BC-BMT-BPM-SRV com.sap.glx.paradigmInterface.util.GenerateSDA generateArchive(outArchive, srcDir) - D:\Users\pedro.jimenez\Desktop\Nobel\nwds-extsoa-7.3-EHP1-SP17-PAT0000-win32\eclipse\workspace.jdi\LocalDevelopment\t2\28B4BAC4D336ACD8034471662744972A\default\deploy\ctx\nobelbiocare.com~p_sfdc~pr~pm~re~lytd.wsar archive is generated
  [BpemTask] BC-BMT-BPM-SRV com.sap.glx.paradigmInterface.util.GenerateSDA copyMcArchive(File publicFolder) -Including Mass Configuration archive into sda
  [BpemTask] BC-BMT-BPM-SRV com.sap.glx.paradigmInterface.util.GenerateSDA copyScdlFiles(File scdlFolder) - Including SCDL files into sda
  [BpemTask] BC-BMT-BPM-SRV com.sap.glx.paradigmInterface.util.GenerateSDA getSubdirFiles(String parent, File subdir)  - copyFile: D:\Users\pedro.jimenez\Desktop\Nobel\nwds-extsoa-7.3-EHP1-SP17-PAT0000-win32\eclipse\workspace.jdi\LocalDevelopment\t2\28B4BAC4D336ACD8034471662744972A\default\deploy\ctx/p_sfdc~pr~pm~re~lytd.composite
  [BpemTask] BC-BMT-BPM-SRV com.sap.glx.paradigmInterface.util.GenerateSDA getSubdirFiles(String parent, File subdir)  - copyFile: D:\Users\pedro.jimenez\Desktop\Nobel\nwds-extsoa-7.3-EHP1-SP17-PAT0000-win32\eclipse\workspace.jdi\LocalDevelopment\t2\28B4BAC4D336ACD8034471662744972A\default\deploy\ctx/sca-contribution.xml
  [BpemTask] BC-BMT-BPM-SRV com.sap.glx.paradigmInterface.util.GenerateSDA copyScdlGlobalizationFiles(File scdlXlfFolder) - Including SCDL globalization files into sda
  [BpemTask] BC-BMT-BPM-SRV com.sap.glx.paradigmInterface.util.GenerateSDA copyScdlGlobalizationFiles(File scdlXlfFolder) - copyFile: D:\Users\pedro.jimenez\Desktop\Nobel\nwds-extsoa-7.3-EHP1-SP17-PAT0000-win32\eclipse\workspace.jdi\LocalDevelopment\t2\28B4BAC4D336ACD8034471662744972A\default\deploy\ctx/987da1f3-c738-469e-badd-3cb20d6bbbb7.consgroup.properties
  [BpemTask] BC-BMT-BPM-SRV com.sap.glx.paradigmInterface.util.GenerateSDA copyScdlGlobalizationFiles(File scdlXlfFolder) - copyFile: D:\Users\pedro.jimenez\Desktop\Nobel\nwds-extsoa-7.3-EHP1-SP17-PAT0000-win32\eclipse\workspace.jdi\LocalDevelopment\t2\28B4BAC4D336ACD8034471662744972A\default\deploy\ctx/Business or Technical User.authprofile.properties
  [BpemTask] BC-BMT-BPM-SRV com.sap.glx.paradigmInterface.util.GenerateSDA copyScdlGlobalizationFiles(File scdlXlfFolder) - copyFile: D:\Users\pedro.jimenez\Desktop\Nobel\nwds-extsoa-7.3-EHP1-SP17-PAT0000-win32\eclipse\workspace.jdi\LocalDevelopment\t2\28B4BAC4D336ACD8034471662744972A\default\deploy\ctx/Business User.authprofile.properties
  [BpemTask] BC-BMT-BPM-SRV com.sap.glx.paradigmInterface.util.GenerateSDA copyScdlGlobalizationFiles(File scdlXlfFolder) - copyFile: D:\Users\pedro.jimenez\Desktop\Nobel\nwds-extsoa-7.3-EHP1-SP17-PAT0000-win32\eclipse\workspace.jdi\LocalDevelopment\t2\28B4BAC4D336ACD8034471662744972A\default\deploy\ctx/fe42955c-afc3-40fa-87a9-d7f0b91bc058.consgroup.properties
  [BpemTask] BC-BMT-BPM-SRV com.sap.glx.paradigmInterface.util.GenerateSDA copyScdlGlobalizationFiles(File scdlXlfFolder) - copyFile: D:\Users\pedro.jimenez\Desktop\Nobel\nwds-extsoa-7.3-EHP1-SP17-PAT0000-win32\eclipse\workspace.jdi\LocalDevelopment\t2\28B4BAC4D336ACD8034471662744972A\default\deploy\ctx/No Authentication.authprofile.properties
  [BpemTask] BC-BMT-BPM-SRV com.sap.glx.paradigmInterface.util.GenerateSDA copyScdlGlobalizationFiles(File scdlXlfFolder) - copyFile: D:\Users\pedro.jimenez\Desktop\Nobel\nwds-extsoa-7.3-EHP1-SP17-PAT0000-win32\eclipse\workspace.jdi\LocalDevelopment\t2\28B4BAC4D336ACD8034471662744972A\default\deploy\ctx/Technical User.authprofile.properties
  [BpemTask] BC-BMT-BPM-SRV com.sap.glx.paradigmInterface.util.GenerateSDA execute(name, vendor, location, version, srcDir) -Generating SDA...
  [BpemTask] BC-BMT-BPM-SRV com.sap.glx.paradigmInterface.util.GenerateSDA generateArchive(outArchive, srcDir) - D:\Users\pedro.jimenez\Desktop\Nobel\nwds-extsoa-7.3-EHP1-SP17-PAT0000-win32\eclipse\workspace.jdi\LocalDevelopment\t2\28B4BAC4D336ACD8034471662744972A\default\deploy\ctx\nobelbiocare.com~p_sfdc~pr~pm~re~lytd.bpem archive is generated
[MOINShutdown] About to shutdown MOIN...
[MOINShutdown] MOIN shut down in 72 milliseconds.
    [delete] Deleting directory D:\Users\pedro.jimenez\Desktop\Nobel\nwds-extsoa-7.3-EHP1-SP17-PAT0000-win32\eclipse\workspace.jdi\LocalDevelopment\t2\28B4BAC4D336ACD8034471662744972A\default\deploy\ctx
    [delete] Deleting: D:\Users\pedro.jimenez\Desktop\Nobel\nwds-extsoa-7.3-EHP1-SP17-PAT0000-win32\eclipse\workspace.jdi\LocalDevelopment\t2\28B4BAC4D336ACD8034471662744972A\default\deploy\sda-dd.xml
 
createPublicParts:
  [pppacker] Packing public part 'def_cmp'
  [pppacker] DC being built: p_sfdc/pr/pm/re/lytd
  [pppacker] Searching for entity: mc.
  [pppacker] Checking path: mc
  [pppacker] Checking path: rep
  [pppacker] Checking path: src
  [pppacker] Packed  13 files for entity mc (Model Folder Tree)
  [pppacker] DC being built: p_sfdc/pr/pm/re/lytd
  [pppacker] Searching for entity: rep.
  [pppacker] Checking path: mc
  [pppacker] Checking path: rep
  [pppacker] Checking path: src
  [pppacker] Packed   3 files for entity rep (Model Folder Tree)
  [pppacker] DC being built: p_sfdc/pr/pm/re/lytd
  [pppacker] Searching for entity: src.
  [pppacker] Checking path: mc
  [pppacker] Checking path: rep
  [pppacker] Checking path: src
  [pppacker] Packed  11 files for entity src (Model Folder Tree)
  [pppacker] Packed 3 entities for public part 'def_cmp'
     [timer] Packing of public part 'def_cmp' finished in 0.2 seconds
 
 
build:
 
Ant runtime 8.408 seconds
 
Ant build finished OK
MOIN forced shutdown initiated.
 
Build plugin finished at 2017-11-14 10:28:34 GMT+01:00 (CET)
Total build plugin runtime: 8.861 seconds
 
Build finished with WARNING

==== Post-Processing ====   started at 2017-11-14 10:28:34.135 CET
Comparison of previous and actual build results took: 0.047 seconds

Copy the build results 
  from: D:\Users\pedro.jimenez\Desktop\Nobel\nwds-extsoa-7.3-EHP1-SP17-PAT0000-win32\eclipse\workspace.jdi\LocalDevelopment\t2\28B4BAC4D336ACD8034471662744972A\default\
  to:   D:\Users\pedro.jimenez\Desktop\Nobel\nwds-extsoa-7.3-EHP1-SP17-PAT0000-win32\eclipse\workspace.jdi\LocalDevelopment\SC_SFDC\nobelbiocare.com\p_sfdc\pr\pm\re\lytd\_comp\gen\default\

The build results of the following public parts were not copied, since they have not changed:
  def_cmp