Development Component Build (2017-04-04 12:31:57 GMT+01:00 (CEST))
  Component name: ldap/j2ee/extlib/ldapapi
  Component vendor: nobelbiocare.com
  SC compartment: SC_LDAP
  Configuration: LocalDevelopment
  Location: localDevelopment
  Source code location: pedro.jimenez@MADNB2016
  DC root folder: D:\Users\pedro.jimenez\Desktop\Nobel\nwds-extsoa-7.3-EHP1-SP17-PAT0000-win32\eclipse\workspace.jdi\LocalDevelopment\SC_LDAP\nobelbiocare.com\ldap\j2ee\extlib\ldapapi\_comp\
  DC type: External Library
  Host: MADNB2016

DC Model check:
   DC is available locally
   validating dependency to build plugin "sap.com/tc/bi/bp/externalarchive"
   DC model check OK

Start build plugin:
   using build plugin: sap.com/tc/bi/bp/externalarchive
   starting build plugin from : D:\Users\pedro.jimenez\Desktop\Nobel\nwds-extsoa-7.3-EHP1-SP17-PAT0000-win32\eclipse\workspace.jdi\LocalDevelopment\SAP_BUILDT\sap.com\tc\bi\bp\externalarchive\_comp\gen\default\public\lib\



Build Plugin 'ExternalArchivePlugin', Version 7.30 SP 17 (NW731CORE_17_REL, built on 2015-09-16 20:51:03 +0200, CL209430)
   development component:  ldap/j2ee/extlib/ldapapi (nobelbiocare.com)
      software component:  SC_LDAP (nobelbiocare.com)
                location:  localDevelopment
                    type:  External Library
           build variant:  default
         source location:  pedro.jimenez@MADNB2016
         output location:  D:\Users\pedro.jimenez\Desktop\Nobel\nwds-extsoa-7.3-EHP1-SP17-PAT0000-win32\eclipse\workspace.jdi\LocalDevelopment\t2\3C293CDCF056FFA39B9BFC7FA7F666AF\default
       generation folder:  D:\Users\pedro.jimenez\Desktop\Nobel\nwds-extsoa-7.3-EHP1-SP17-PAT0000-win32\eclipse\workspace.jdi\LocalDevelopment\t\3C293CDCF056FFA39B9BFC7FA7F666AF
       plugin start time:  2017-04-04 12:31:57 GMT+02:00 (CEST)
                 Java VM:  Java HotSpot(TM) Client VM, 20.13-b02 (1.6, Sun Microsystems Inc.)


General options:
  convert *.xlf to *.properties: yes
  include sources for debugging: yes
 


Checking path lengths for sources
Path length checks finished in 0 seconds
 
Preparing data context..
Data context preparation finished in 0.016 seconds
 
Creating Ant build file..
  Creating output file: D:\Users\pedro.jimenez\Desktop\Nobel\nwds-extsoa-7.3-EHP1-SP17-PAT0000-win32\eclipse\workspace.jdi\LocalDevelopment\t2\3C293CDCF056FFA39B9BFC7FA7F666AF\default\logs\build.xml
  Using Java class:     com.sap.tc.buildplugin.BuildExternalArchive
Target "createPublicParts" has a dependency on "compile" but no such target exists. Dependency will be ignored.
Build file creation finished in 0.015 seconds
 
Starting Ant..
  Using build file:     D:\Users\pedro.jimenez\Desktop\Nobel\nwds-extsoa-7.3-EHP1-SP17-PAT0000-win32\eclipse\workspace.jdi\LocalDevelopment\t2\3C293CDCF056FFA39B9BFC7FA7F666AF\default\logs\build.xml
  Using build target:   build
  Using Ant version:    1.7.1
 
createPublicParts:
  [pppacker] Packing public part 'api'
  [pppacker] Packed   1 file  for entity ldap.jar (Archive/Java Library)
  [pppacker] Packed 1 entity for public part 'api'
     [timer] Packing of public part 'api' finished in 0.016 seconds
 
  [pppacker] Packing public part 'archives'
  [pppacker] Packed   1 file  for entity ldap.jar (Archive/Java Library)
  [pppacker] Packed 1 entity for public part 'archives'
     [timer] Packing of public part 'archives' finished in 0.015 seconds
 
 
build:
 
Ant runtime 0.031 seconds
 
Ant build finished OK
 
Build plugin finished at 2017-04-04 12:31:57 GMT+02:00 (CEST)
Total build plugin runtime: 0.125 seconds
 
Build finished OK

==== Post-Processing ====   started at 2017-04-04 12:31:57.776 CEST
Comparison of previous and actual build results took: 0.078 seconds

Copy the build results 
  from: D:\Users\pedro.jimenez\Desktop\Nobel\nwds-extsoa-7.3-EHP1-SP17-PAT0000-win32\eclipse\workspace.jdi\LocalDevelopment\t2\3C293CDCF056FFA39B9BFC7FA7F666AF\default\
  to:   D:\Users\pedro.jimenez\Desktop\Nobel\nwds-extsoa-7.3-EHP1-SP17-PAT0000-win32\eclipse\workspace.jdi\LocalDevelopment\SC_LDAP\nobelbiocare.com\ldap\j2ee\extlib\ldapapi\_comp\gen\default\

The build results of the following public parts were not copied, since they have not changed:
  archives
  api