Development Component Build (2017-11-06 17:08:37 GMT+01:00 (CET))
  Component name: p_sfdc/bl/caf/metadata
  Component vendor: nobelbiocare.com
  SC compartment: SC_SFDC
  Configuration: LocalDevelopment
  Location: localDevelopment
  Source code location: pedro.jimenez@MADNB2016
  DC root folder: D:\Users\pedro.jimenez\Desktop\Nobel\nwds-extsoa-7.3-EHP1-SP17-PAT0000-win32\eclipse\workspace.jdi\LocalDevelopment\SC_SFDC\nobelbiocare.com\p_sfdc\bl\caf\metadata\_comp\
  DC type: Composite Application
  Host: MADNB2016

DC Model check:
   DC is available locally
   validating dependency to build plugin "sap.com/tc/bi/bp/javaLib"
   validating dependency to used DC "nobelbiocare.com/p_sfdc/bl/caf/dictionary"
   validating dependency to used DC "nobelbiocare.com/p_sfdc/bl/caf/ear"
   validating dependency to used DC "nobelbiocare.com/p_sfdc/bl/caf/ejbmodule"
   validating dependency to used DC "nobelbiocare.com/p_sfdc/bl/caf/permissions"
   validating dependency to used DC "sap.com/caf/core/metadata"
   validating dependency to  public part "compilation" of DC "sap.com/caf/core/metadata"
   validating dependency to used DC "sap.com/tc/bl/exception/lib"
   validating dependency to  public part "api" of DC "sap.com/tc/bl/exception/lib"
   validating dependency to used DC "sap.com/tc/bl/logging/api"
   validating dependency to  public part "api" of DC "sap.com/tc/bl/logging/api"
   DC model check OK

Start build plugin:
   using build plugin: sap.com/tc/bi/bp/javaLib
   starting build plugin from : D:\Users\pedro.jimenez\Desktop\Nobel\nwds-extsoa-7.3-EHP1-SP17-PAT0000-win32\eclipse\workspace.jdi\LocalDevelopment\SAP_BUILDT\sap.com\tc\bi\bp\javaLib\_comp\gen\default\public\saplib\



Build Plugin 'JavaPlugin', Version 7.30 SP 17 (NW731CORE_17_REL, built on 2015-09-16 20:52:24 +0200, CL209430)
   development component:  p_sfdc/bl/caf/metadata (nobelbiocare.com)
      software component:  SC_SFDC (nobelbiocare.com)
       support component:  Default
                location:  localDevelopment
                    type:  Composite Application
           build variant:  default
         source location:  pedro.jimenez@MADNB2016
         output location:  D:\Users\pedro.jimenez\Desktop\Nobel\nwds-extsoa-7.3-EHP1-SP17-PAT0000-win32\eclipse\workspace.jdi\LocalDevelopment\t2\85F3FC0B06AFA1DC29062D3AD5863355\default
       generation folder:  D:\Users\pedro.jimenez\Desktop\Nobel\nwds-extsoa-7.3-EHP1-SP17-PAT0000-win32\eclipse\workspace.jdi\LocalDevelopment\t\85F3FC0B06AFA1DC29062D3AD5863355
       plugin start time:  2017-11-06 17:08:37 GMT+01:00 (CET)
                 Java VM:  Java HotSpot(TM) Client VM, 20.45-b01 (1.6, Sun Microsystems Inc.)


General options:
  convert *.xlf to *.properties: yes
  include sources for debugging: yes
 


Checking path lengths for sources
Path length checks finished in 0.001 seconds
 
Preparing data context..
Data context preparation finished in 0.01 seconds
 
Creating Ant build file..
  Creating output file: D:\Users\pedro.jimenez\Desktop\Nobel\nwds-extsoa-7.3-EHP1-SP17-PAT0000-win32\eclipse\workspace.jdi\LocalDevelopment\t2\85F3FC0B06AFA1DC29062D3AD5863355\default\logs\build.xml
  Using Java class:     com.sap.tc.buildplugin.BuildJavaLib
Target "createPublicParts" has a dependency on "compile" but no such target exists. Dependency will be ignored.
Build file creation finished in 0.097 seconds
 
Starting Ant..
  Using build file:     D:\Users\pedro.jimenez\Desktop\Nobel\nwds-extsoa-7.3-EHP1-SP17-PAT0000-win32\eclipse\workspace.jdi\LocalDevelopment\t2\85F3FC0B06AFA1DC29062D3AD5863355\default\logs\build.xml
  Using build target:   build
  Using Ant version:    1.7.1
 
createPublicParts:
  [pppacker] Packing public part 'assembly'
  [pppacker] Packed   1 file  for entity MMR (Folder Tree)
  [pppacker] Packed 1 entity for public part 'assembly'
     [timer] Packing of public part 'assembly' finished in 0.032 seconds
 
  [pppacker] Packing public part 'compilation'
  [pppacker] Packed   1 file  for entity MMR (Folder Tree)
  [pppacker] Packed 1 entity for public part 'compilation'
     [timer] Packing of public part 'compilation' finished in 0.028 seconds
 
 
build:
 
Ant runtime 0.076 seconds
 
Ant build finished OK
 
Build plugin finished at 2017-11-06 17:08:37 GMT+01:00 (CET)
Total build plugin runtime: 0.286 seconds
 
Build finished OK

==== Post-Processing ====   started at 2017-11-06 17:08:37.995 CET
Comparison of previous and actual build results took: 0.015 seconds

Copy the build results 
  from: D:\Users\pedro.jimenez\Desktop\Nobel\nwds-extsoa-7.3-EHP1-SP17-PAT0000-win32\eclipse\workspace.jdi\LocalDevelopment\t2\85F3FC0B06AFA1DC29062D3AD5863355\default\
  to:   D:\Users\pedro.jimenez\Desktop\Nobel\nwds-extsoa-7.3-EHP1-SP17-PAT0000-win32\eclipse\workspace.jdi\LocalDevelopment\SC_SFDC\nobelbiocare.com\p_sfdc\bl\caf\metadata\_comp\gen\default\

The build results of the following public parts were not copied, since they have not changed:
  assembly
  compilation