Development Component Build (2017-11-14 10:32:45 GMT+01:00 (CET))
  Component name: p_sfdc/pr/pm/re/account_performance
  Component vendor: nobelbiocare.com
  SC compartment: SC_SFDC
  Configuration: LocalDevelopment
  Location: localDevelopment
  Source code location: pedro.jimenez@MADNB2016
  DC root folder: D:\Users\pedro.jimenez\Desktop\Nobel\nwds-extsoa-7.3-EHP1-SP17-PAT0000-win32\eclipse\workspace.jdi\LocalDevelopment\SC_SFDC\nobelbiocare.com\p_sfdc\pr\pm\re\account_performance\_comp\
  DC type: Process Composer
  Host: MADNB2016

DC Model check:
   DC is available locally
   validating dependency to build plugin "sap.com/tc/bpem/bi/bp/buildtool"
   validating dependency to used DC "nobelbiocare.com/p_sfdc/infra/sgc"
   validating dependency to  public part "mc" of DC "nobelbiocare.com/p_sfdc/infra/sgc"
   validating dependency to used DC "sap.com/bie/sca/scdl/contributors/glx"
   validating dependency to  public part "def" of DC "sap.com/bie/sca/scdl/contributors/glx"
   validating dependency to used DC "sap.com/bie/sca/scdl/contributors/maas"
   validating dependency to  public part "def" of DC "sap.com/bie/sca/scdl/contributors/maas"
   validating dependency to used DC "sap.com/bie/sca/scdl/contributors/mc"
   validating dependency to  public part "def" of DC "sap.com/bie/sca/scdl/contributors/mc"
   validating dependency to  public part "def" of DC "sap.com/bie/sca/scdl/contributors/xi"
   validating dependency to used DC "sap.com/bie/sca/scdl/gen"
   validating dependency to  public part "def" of DC "sap.com/bie/sca/scdl/gen"
   validating dependency to used DC "sap.com/bie/sca/scdl/gen/mc"
   validating dependency to  public part "def" of DC "sap.com/bie/sca/scdl/gen/mc"
   validating dependency to used DC "sap.com/bie/sca/scdl/gen/xlf2prop"
   validating dependency to  public part "def" of DC "sap.com/bie/sca/scdl/gen/xlf2prop"
   validating dependency to  public part "MM_Inf" of DC "sap.com/ide/es/config/mc/model/bi"
   validating dependency to used DC "sap.com/tc/bpem/content/predefs/default"
   validating dependency to  public part "def_cmp" of DC "sap.com/tc/bpem/content/predefs/default"
   validating dependency to used DC "sap.com/tc/bpem/content/predefs/types"
   validating dependency to  public part "def_cmp" of DC "sap.com/tc/bpem/content/predefs/types"
   validating dependency to  public part "MM_Inf" of DC "sap.com/tc/moin/bi/model/textverticalization"
   validating dependency to  public part "def" of DC "sap.com/tc/moin/bi/moinext"
   validating dependency to  public part "libinf" of DC "sap.com/tc/moin/bi/moinlibs"
   DC model check OK

Start build plugin:
   using build plugin: sap.com/tc/bpem/bi/bp/buildtool
   starting build plugin from : D:\Users\pedro.jimenez\Desktop\Nobel\nwds-extsoa-7.3-EHP1-SP17-PAT0000-win32\eclipse\workspace.jdi\LocalDevelopment\BPEM-BUILDT\sap.com\tc\bpem\bi\bp\buildtool\_comp\gen\default\public\def\



Build Plugin 'sap.com/tc/bpem/bi/bp/buildtool', Version 7.30 SP 17 (NW731CORE_17_REL, built on 2015-09-16 20:53:16 +0200, CL209430)
   development component:  p_sfdc/pr/pm/re/account_performance (nobelbiocare.com)
      software component:  SC_SFDC (nobelbiocare.com)
                location:  localDevelopment
                    type:  Process Composer
           build variant:  default
         source location:  pedro.jimenez@MADNB2016
         output location:  D:\Users\pedro.jimenez\Desktop\Nobel\nwds-extsoa-7.3-EHP1-SP17-PAT0000-win32\eclipse\workspace.jdi\LocalDevelopment\t2\283B6781D4BB117836D333CA9FFED0B7\default
       generation folder:  D:\Users\pedro.jimenez\Desktop\Nobel\nwds-extsoa-7.3-EHP1-SP17-PAT0000-win32\eclipse\workspace.jdi\LocalDevelopment\t\283B6781D4BB117836D333CA9FFED0B7
       plugin start time:  2017-11-14 10:32:45 GMT+01:00 (CET)
                 Java VM:  Java HotSpot(TM) Client VM, 20.45-b01 (1.6, Sun Microsystems Inc.)


General options:
  convert *.xlf to *.properties: yes
  include sources for debugging: yes
 


Checking path lengths for sources
This component contains long pathnames, this may lead to build errors or unexpected results. (For example: D:\Users\pedro.jimenez\Desktop\Nobel\nwds-extsoa-7.3-EHP1-SP17-PAT0000-win32\eclipse\workspace.jdi\LocalDevelopment\SC_SFDC\nobelbiocare.com\p_sfdc\pr\pm\re\account_performance\_comp\mc\com\sap\netweaver\developerstudio\cc\LocalDevelopment~p_sfdc~pr~pm~re~account_performance~nobelbiocare\com\Business User.authprofile )
Path length checks finished in 0.016 seconds
 
Preparing data context..
Data context preparation finished in 0 seconds
 
Creating Ant build file..
  Creating output file: D:\Users\pedro.jimenez\Desktop\Nobel\nwds-extsoa-7.3-EHP1-SP17-PAT0000-win32\eclipse\workspace.jdi\LocalDevelopment\t2\283B6781D4BB117836D333CA9FFED0B7\default\logs\build.xml
  Using Java class:     com.sap.tc.glx.BuildFileCreator
Mapped output path "default" of generator "sap.com~bpem_chain/moininit" is not defined.
MoinInit generator started.
MOIN archive DC referenced: sap.com/tc/bpem/content/predefs/default
MOIN archive found: D:\Users\pedro.jimenez\Desktop\Nobel\nwds-extsoa-7.3-EHP1-SP17-PAT0000-win32\eclipse\workspace.jdi\LocalDevelopment\BPEM-CONTENT\sap.com\tc\bpem\content\predefs\default\_comp\gen\default\public\def_cmp\lib\moin\sap.com~tc~bpem~content~predefs~default~def_cmp.zip
MOIN archive DC referenced: sap.com/tc/bpem/content/predefs/types
MOIN archive found: D:\Users\pedro.jimenez\Desktop\Nobel\nwds-extsoa-7.3-EHP1-SP17-PAT0000-win32\eclipse\workspace.jdi\LocalDevelopment\SERVICE-COMP\sap.com\tc\bpem\content\predefs\types\_comp\gen\default\public\def_cmp\lib\moin\sap.com~tc~bpem~content~predefs~types~def_cmp.zip
Metamodels found.
MoinInit generator started.
MOIN archive DC referenced: sap.com/tc/bpem/content/predefs/default
MOIN archive found: D:\Users\pedro.jimenez\Desktop\Nobel\nwds-extsoa-7.3-EHP1-SP17-PAT0000-win32\eclipse\workspace.jdi\LocalDevelopment\BPEM-CONTENT\sap.com\tc\bpem\content\predefs\default\_comp\gen\default\public\def_cmp\lib\moin\sap.com~tc~bpem~content~predefs~default~def_cmp.zip
MOIN archive DC referenced: sap.com/tc/bpem/content/predefs/types
MOIN archive found: D:\Users\pedro.jimenez\Desktop\Nobel\nwds-extsoa-7.3-EHP1-SP17-PAT0000-win32\eclipse\workspace.jdi\LocalDevelopment\SERVICE-COMP\sap.com\tc\bpem\content\predefs\types\_comp\gen\default\public\def_cmp\lib\moin\sap.com~tc~bpem~content~predefs~types~def_cmp.zip
Metamodels found.
Output folder found.
Target "Xlf2PropBase" has a dependency on "compile" but no such target exists. Dependency will be ignored.
Target "ScdlBase" has a dependency on "compile" but no such target exists. Dependency will be ignored.
Build file creation finished in 0.094 seconds
 
Starting Ant..
  Using build file:     D:\Users\pedro.jimenez\Desktop\Nobel\nwds-extsoa-7.3-EHP1-SP17-PAT0000-win32\eclipse\workspace.jdi\LocalDevelopment\t2\283B6781D4BB117836D333CA9FFED0B7\default\logs\build.xml
  Using build target:   build
  Using Ant version:    1.7.1
 
ScdlBase:
  [MOINInit] Meta models found.
  [MOINInit] Referenced meta-model: D:\Users\pedro.jimenez\Desktop\Nobel\nwds-extsoa-7.3-EHP1-SP17-PAT0000-win32\eclipse\workspace.jdi\LocalDevelopment\ESCONF_BUILDT\sap.com\ide\es\config\mc\model\bi\_comp\gen\default\public\MM_Inf\lib\moin\sap.com~ide~es~config~mc~model_xmi.zip
  [MOINInit] Referenced meta-model: D:\Users\pedro.jimenez\Desktop\Nobel\nwds-extsoa-7.3-EHP1-SP17-PAT0000-win32\eclipse\workspace.jdi\LocalDevelopment\ESMP_BUILDT\sap.com\tc\bpem\bi\model\flow\_comp\gen\default\public\MM_Inf\lib\moin\glx~ide_xmi.jar
  [MOINInit] Referenced meta-model: D:\Users\pedro.jimenez\Desktop\Nobel\nwds-extsoa-7.3-EHP1-SP17-PAT0000-win32\eclipse\workspace.jdi\LocalDevelopment\BPEM-BUILDT\sap.com\tc\bpem\bi\model\triggernet\_comp\gen\default\public\MM_Inf\lib\moin\glx~tnet_xmi.jar
  [MOINInit] Referenced meta-model: D:\Users\pedro.jimenez\Desktop\Nobel\nwds-extsoa-7.3-EHP1-SP17-PAT0000-win32\eclipse\workspace.jdi\LocalDevelopment\ESMP_BUILDT\sap.com\tc\esmp\bi\model\wsdl20\_comp\gen\default\public\MM_Inf\lib\moin\sap.com~tc~esmp~model~wsdl20_xmi.zip
  [MOINInit] Referenced meta-model: D:\Users\pedro.jimenez\Desktop\Nobel\nwds-extsoa-7.3-EHP1-SP17-PAT0000-win32\eclipse\workspace.jdi\LocalDevelopment\ESMP_BUILDT\sap.com\tc\esmp\bi\model\xsd1\_comp\gen\default\public\MM_Inf\lib\moin\sap.com~tc~esmp~model~xsd1_xmi.zip
  [MOINInit] Referenced meta-model: D:\Users\pedro.jimenez\Desktop\Nobel\nwds-extsoa-7.3-EHP1-SP17-PAT0000-win32\eclipse\workspace.jdi\LocalDevelopment\MOIN_BUILDT\sap.com\tc\mie\bi\model\gfw\_comp\gen\default\public\MM_Inf\lib\moin\sap.com~com~sap~mi~gfw~mm~def_assmbl.zip
  [MOINInit] Referenced meta-model: D:\Users\pedro.jimenez\Desktop\Nobel\nwds-extsoa-7.3-EHP1-SP17-PAT0000-win32\eclipse\workspace.jdi\LocalDevelopment\MOIN_BUILDT\sap.com\tc\moin\bi\model\textverticalization\_comp\gen\default\public\MM_Inf\lib\moin\sap.com~tc~moin~model~textverticalization_xmi.zip
  [MOINInit] Referenced meta-model: D:\Users\pedro.jimenez\Desktop\Nobel\nwds-extsoa-7.3-EHP1-SP17-PAT0000-win32\eclipse\workspace.jdi\LocalDevelopment\MOIN_BUILDT\sap.com\tc\moin\bi\model\util\_comp\gen\default\public\MM_Inf\lib\moin\sap.com~tc~moin~model~util_xmi.zip
  [MOINInit] DataArea name: DefaultDataArea
  [MOINInit] Moin initialized in 1313 milliseconds.
      [echo] Registering folder: gensrc/extcfg for path: D:\Users\pedro.jimenez\Desktop\Nobel\nwds-extsoa-7.3-EHP1-SP17-PAT0000-win32\eclipse\workspace.jdi\LocalDevelopment\t\283B6781D4BB117836D333CA9FFED0B7\gensrc\extcfg/
      [echo] Starting Extension Configuration generator...
  [gen_scdl] 		[SCDL_GEN] Initializing Scdl Generation...
  [gen_scdl] 		[SCDL_GEN] Initialization successfully completed.
  [gen_scdl] 		[SCDL_GEN] Starting retrieval of information from contributors...
  [gen_scdl] 		[SCDL_GEN] Information retrieval from contributors successfully completed!
  [gen_scdl] 		[SCDL_GEN] Starting composite export to SCDL...
  [gen_scdl] 			[SCDL-EXPORT] Scdl file output location: D:\Users\pedro.jimenez\Desktop\Nobel\nwds-extsoa-7.3-EHP1-SP17-PAT0000-win32\eclipse\workspace.jdi\LocalDevelopment\t\283B6781D4BB117836D333CA9FFED0B7/scdl_output\META-INF\p_sfdc~pr~pm~re~account_performance.composite
  [gen_scdl] 			[SCDL-EXPORT] sca contribution XML output location: D:\Users\pedro.jimenez\Desktop\Nobel\nwds-extsoa-7.3-EHP1-SP17-PAT0000-win32\eclipse\workspace.jdi\LocalDevelopment\t\283B6781D4BB117836D333CA9FFED0B7/scdl_output\META-INF\sca-contribution.xml
  [gen_scdl] 		[SCDL_GEN] Conversion successfully completed!
     [timer] Extension Configuration generator finished in 2.377 seconds
 
[MOINShutdown] About to shutdown MOIN...
[MOINShutdown] MOIN shut down in 78 milliseconds.
 
Xlf2PropBase:
      [echo] Start XLF conversion
  [xlf2prop] Found 6 XLF files to convert in folder "mc"
     [timer] XLF conversion finished in 0.578 seconds
 
      [copy] Copying 6 files to D:\Users\pedro.jimenez\Desktop\Nobel\nwds-extsoa-7.3-EHP1-SP17-PAT0000-win32\eclipse\workspace.jdi\LocalDevelopment\t\283B6781D4BB117836D333CA9FFED0B7\xlf_out
 
Bpem:
  [MOINInit] Meta models found.
  [MOINInit] Referenced meta-model: D:\Users\pedro.jimenez\Desktop\Nobel\nwds-extsoa-7.3-EHP1-SP17-PAT0000-win32\eclipse\workspace.jdi\LocalDevelopment\ESCONF_BUILDT\sap.com\ide\es\config\mc\model\bi\_comp\gen\default\public\MM_Inf\lib\moin\sap.com~ide~es~config~mc~model_xmi.zip
  [MOINInit] Referenced meta-model: D:\Users\pedro.jimenez\Desktop\Nobel\nwds-extsoa-7.3-EHP1-SP17-PAT0000-win32\eclipse\workspace.jdi\LocalDevelopment\ESMP_BUILDT\sap.com\tc\bpem\bi\model\flow\_comp\gen\default\public\MM_Inf\lib\moin\glx~ide_xmi.jar
  [MOINInit] Referenced meta-model: D:\Users\pedro.jimenez\Desktop\Nobel\nwds-extsoa-7.3-EHP1-SP17-PAT0000-win32\eclipse\workspace.jdi\LocalDevelopment\BPEM-BUILDT\sap.com\tc\bpem\bi\model\triggernet\_comp\gen\default\public\MM_Inf\lib\moin\glx~tnet_xmi.jar
  [MOINInit] Referenced meta-model: D:\Users\pedro.jimenez\Desktop\Nobel\nwds-extsoa-7.3-EHP1-SP17-PAT0000-win32\eclipse\workspace.jdi\LocalDevelopment\ESMP_BUILDT\sap.com\tc\esmp\bi\model\wsdl20\_comp\gen\default\public\MM_Inf\lib\moin\sap.com~tc~esmp~model~wsdl20_xmi.zip
  [MOINInit] Referenced meta-model: D:\Users\pedro.jimenez\Desktop\Nobel\nwds-extsoa-7.3-EHP1-SP17-PAT0000-win32\eclipse\workspace.jdi\LocalDevelopment\ESMP_BUILDT\sap.com\tc\esmp\bi\model\xsd1\_comp\gen\default\public\MM_Inf\lib\moin\sap.com~tc~esmp~model~xsd1_xmi.zip
  [MOINInit] Referenced meta-model: D:\Users\pedro.jimenez\Desktop\Nobel\nwds-extsoa-7.3-EHP1-SP17-PAT0000-win32\eclipse\workspace.jdi\LocalDevelopment\MOIN_BUILDT\sap.com\tc\mie\bi\model\gfw\_comp\gen\default\public\MM_Inf\lib\moin\sap.com~com~sap~mi~gfw~mm~def_assmbl.zip
  [MOINInit] Referenced meta-model: D:\Users\pedro.jimenez\Desktop\Nobel\nwds-extsoa-7.3-EHP1-SP17-PAT0000-win32\eclipse\workspace.jdi\LocalDevelopment\MOIN_BUILDT\sap.com\tc\moin\bi\model\textverticalization\_comp\gen\default\public\MM_Inf\lib\moin\sap.com~tc~moin~model~textverticalization_xmi.zip
  [MOINInit] Referenced meta-model: D:\Users\pedro.jimenez\Desktop\Nobel\nwds-extsoa-7.3-EHP1-SP17-PAT0000-win32\eclipse\workspace.jdi\LocalDevelopment\MOIN_BUILDT\sap.com\tc\moin\bi\model\util\_comp\gen\default\public\MM_Inf\lib\moin\sap.com~tc~moin~model~util_xmi.zip
  [MOINInit] DataArea name: DefaultDataArea
  [MOINInit] Moin initialized in 1313 milliseconds.
  [BpemTask] BC-BMT-BPM-SRV com.sap.tc.glx.BpemTask execute() - Metamodel version validation...
  [BpemTask] BC-BMT-BPM-SRV com.sap.tc.glx.BpemTask execute() - Sanity check is enabled, com.glx.sanity.check system property isn't false.
  [BpemTask] WSDL Location:src/wsdl/rootwsdl_SimpleTimerServices.wsdl
  [BpemTask] PF.DefaultDataArea:DCs/sap.com/tc/bpem/content/predefs/default
  [BpemTask] WSDL Location:src/wsdl/MI280_BPM_CustomerPerformance_Push_os.wsdl
  [BpemTask] PF.DefaultDataArea:DCs/nobelbiocare.com/p_sfdc/pr/pm/re/account_performance
  [BpemTask] WSDL Location:src/wsdl/MI286_BPM_ControlFlow_oa.wsdl
  [BpemTask] PF.DefaultDataArea:DCs/nobelbiocare.com/p_sfdc/pr/pm/re/account_performance
  [BpemTask] WSDL Location:src/wsdl/MI280_BPM_Get_Performance_LastMod_os.wsdl
  [BpemTask] PF.DefaultDataArea:DCs/nobelbiocare.com/p_sfdc/pr/pm/re/account_performance
  [BpemTask] WSDL Location:src/wsdl/OM_AccPer_Owner.wsdl
  [BpemTask] PF.DefaultDataArea:DCs/nobelbiocare.com/p_sfdc/pr/pm/re/account_performance
  [BpemTask] WSDL Location:src/wsdl/MI280_BPM_Get_OwnerId_os.wsdl
  [BpemTask] PF.DefaultDataArea:DCs/nobelbiocare.com/p_sfdc/pr/pm/re/account_performance
  [BpemTask] WSDL Location:src/wsdl/OM_AccPerf_LastM.wsdl
  [BpemTask] PF.DefaultDataArea:DCs/nobelbiocare.com/p_sfdc/pr/pm/re/account_performance
  [BpemTask] WSDL Location:src/wsdl/OM_AccPerf_Rejct.wsdl
  [BpemTask] PF.DefaultDataArea:DCs/nobelbiocare.com/p_sfdc/pr/pm/re/account_performance
  [BpemTask] WSDL Location:src/wsdl/OM_AccPerf_Retry.wsdl
  [BpemTask] PF.DefaultDataArea:DCs/nobelbiocare.com/p_sfdc/pr/pm/re/account_performance
  [BpemTask] WSDL Location:src/wsdl/MI280_BPM_AccountPerformance_Push_os.wsdl
  [BpemTask] PF.DefaultDataArea:DCs/nobelbiocare.com/p_sfdc/pr/pm/re/account_performance
  [BpemTask] WSDL Location:src/wsdl/MI280_BPM_DummyAcc_Email_oa.wsdl
  [BpemTask] PF.DefaultDataArea:DCs/nobelbiocare.com/p_sfdc/pr/pm/re/account_performance
  [BpemTask] BC-BMT-BPM-SRV com.sap.tc.glx.SourceVersioner compile(host, artifact) - Generating version IDs for sources...
  [BpemTask] BC-BMT-BPM-SRV com.sap.tc.glx.BpemTask execute() - Initiating rule compilation.
  [BpemTask] BC-BMT-BPM-SRV com.sap.tc.glx.BpemTask execute() - Initiating event definition constraint check.
  [BpemTask] BC-BMT-BPM-SRV com.sap.tc.glx.BpemTask execute() - Constraint check for event definitions is done.
  [BpemTask] BC-BMT-BPM-SRV com.sap.tc.glx.BpemTask execute() - Initiating event definition compilation.
  [BpemTask] BC-BMT-BPM-SRV com.sap.tc.glx.BpemTask execute() - Event def: com.sap.glx.ide.model.galaxy.workflow.ErrorEventDefinition (Java Type)
  [BpemTask] Galaxy.Workflow.ErrorEventDefinition (MOF Type)
  [BpemTask] PF.DefaultDataArea:DCs/nobelbiocare.com/p_sfdc/pr/pm/re/account_performance/_comp/src/bpmn/p_bpm_001_revenue_account_performance.bpmn#E0469530864CBE1DFA9211E6AA8C0205857FEB80 (MRI)
  [BpemTask] BC-BMT-BPM-SRV com.sap.tc.glx.BpemTask execute() - Event def: com.sap.glx.ide.model.galaxy.workflow.ErrorEventDefinition (Java Type)
  [BpemTask] Galaxy.Workflow.ErrorEventDefinition (MOF Type)
  [BpemTask] PF.DefaultDataArea:DCs/nobelbiocare.com/p_sfdc/pr/pm/re/account_performance/_comp/src/bpmn/p_bpm_001_revenue_account_performance.bpmn#E0469530B711CC5AFA9111E6B0FB0205857FEB80 (MRI)
  [BpemTask] BC-BMT-BPM-SRV com.sap.tc.glx.BpemTask execute() - Event def: com.sap.glx.ide.model.galaxy.workflow.MessageEventDefinition (Java Type)
  [BpemTask] Galaxy.Workflow.MessageEventDefinition (MOF Type)
  [BpemTask] PF.DefaultDataArea:DCs/nobelbiocare.com/p_sfdc/pr/pm/re/account_performance/_comp/src/triggers/tr_start_revenue_acc_performance.eventdef#E036771937995021FBFC11E680E80205857FEB80 (MRI)
  [BpemTask] BC-BMT-BPM-SRV com.sap.tc.glx.BpemTask execute() - Event def: com.sap.glx.ide.model.galaxy.workflow.MessageEventDefinition (Java Type)
  [BpemTask] Galaxy.Workflow.MessageEventDefinition (MOF Type)
  [BpemTask] PF.DefaultDataArea:DCs/nobelbiocare.com/p_sfdc/pr/pm/re/account_performance/_comp/src/triggers/tr_start_revenue_account_performance.eventdef#E016575C8AF9802BE9E811E6A8AA548757986900 (MRI)
  [BpemTask] BC-BMT-BPM-SRV com.sap.tc.glx.BpemTask processCompilerObj(obj , compDir) - Compiling [com.sap.tc.esmp.mm.xsd1.XsdElementDeclaration (Java Type)
  [BpemTask] XSD1.XsdElementDeclaration (MOF Type)
  [BpemTask] PF.DefaultDataArea:DCs/nobelbiocare.com/p_sfdc/pr/pm/re/account_performance/_comp/rep/wsdl/fault.partner.soap.sforce.com.types#E0677A9A66283FB0FA9111E6A7520205857FEB80 (MRI)], CompilerType: TYPECOMPILER
  [BpemTask] BC-BMT-BPM-SRV com.sap.tc.glx.BpemTask processCompilerObj(obj , compDir) - Compiling com.sap.glx.ide.model.galaxy.workflow.ErrorEventDefinition (Java Type)
  [BpemTask] Galaxy.Workflow.ErrorEventDefinition (MOF Type)
  [BpemTask] PF.DefaultDataArea:DCs/nobelbiocare.com/p_sfdc/pr/pm/re/account_performance/_comp/src/bpmn/p_bpm_001_revenue_account_performance.bpmn#E0469530864CBE1DFA9211E6AA8C0205857FEB80 (MRI), CompilerType: EXCEPTIONCOMPILER
  [BpemTask] BC-BMT-BPM-SRV com.sap.tc.glx.BpemTask processCompilerObj(obj , compDir) - Compiling com.sap.glx.ide.model.galaxy.workflow.ErrorEventDefinition (Java Type)
  [BpemTask] Galaxy.Workflow.ErrorEventDefinition (MOF Type)
  [BpemTask] PF.DefaultDataArea:DCs/nobelbiocare.com/p_sfdc/pr/pm/re/account_performance/_comp/src/bpmn/p_bpm_001_revenue_account_performance.bpmn#E0469530B711CC5AFA9111E6B0FB0205857FEB80 (MRI), CompilerType: EXCEPTIONCOMPILER
  [BpemTask] BC-BMT-BPM-SRV com.sap.tc.glx.BpemTask processCompilerObj(obj , compDir) - Compiling [com.sap.tc.esmp.mm.xsd1.XsdElementDeclaration (Java Type)
  [BpemTask] XSD1.XsdElementDeclaration (MOF Type)
  [BpemTask] PF.DefaultDataArea:DCs/nobelbiocare.com/p_sfdc/pr/pm/re/account_performance/_comp/rep/wsdl/nobelbiocare.com.bpm.sfdc.revenue.types#E0412956DE196CD7E9E711E68210548757986900 (MRI)], CompilerType: TYPECOMPILER
  [BpemTask] BC-BMT-BPM-SRV com.sap.tc.glx.BpemTask processCompilerObj(obj , compDir) - Compiling com.sap.glx.ide.model.galaxy.workflow.MessageEventDefinition (Java Type)
  [BpemTask] Galaxy.Workflow.MessageEventDefinition (MOF Type)
  [BpemTask] PF.DefaultDataArea:DCs/nobelbiocare.com/p_sfdc/pr/pm/re/account_performance/_comp/src/triggers/tr_start_revenue_acc_performance.eventdef#E036771937995021FBFC11E680E80205857FEB80 (MRI), CompilerType: INTERFACECOMPILER
  [BpemTask] BC-BMT-BPM-SRV com.sap.tc.glx.BpemTask processCompilerObj(obj , compDir) - Compiling com.sap.glx.ide.model.galaxy.workflow.MessageEventDefinition (Java Type)
  [BpemTask] Galaxy.Workflow.MessageEventDefinition (MOF Type)
  [BpemTask] PF.DefaultDataArea:DCs/nobelbiocare.com/p_sfdc/pr/pm/re/account_performance/_comp/src/triggers/tr_start_revenue_account_performance.eventdef#E016575C8AF9802BE9E811E6A8AA548757986900 (MRI), CompilerType: INTERFACECOMPILER
  [BpemTask] BC-BMT-BPM-SRV com.sap.tc.glx.BpemTask execute() - Initiating task constraint check.
  [BpemTask] BC-BMT-BPM-SRV com.sap.tc.glx.BpemTask execute() - Constraint check for Tasks is done.
  [BpemTask] BC-BMT-BPM-SRV com.sap.tc.glx.BpemTask execute() - Initiating task compilation.
  [BpemTask] BC-BMT-BPM-SRV com.sap.tc.glx.BpemTask execute() - Initiating data mapping validation.
  [BpemTask] BC-BMT-BPM-SRV com.sap.tc.glx.BpemTask execute() - Data mapping validation is done.
  [BpemTask] BC-BMT-BPM-SRV com.sap.tc.glx.BpemTask execute() - Initiating process constraint check.
  [BpemTask] BC-BMT-BPM-SRV com.sap.tc.glx.BpemTask execute() - Constraint check for processes is done
  [BpemTask] BC-BMT-BPM-SRV com.sap.tc.glx.BpemTask execute() - Initiating process compilation.
  [BpemTask] BC-BMT-BPM-SRV com.sap.tc.glx.BpemTask processCompilerObj(obj , compDir) - Compiling com.sap.glx.ide.model.galaxy.workflow.Collaboration (Java Type)
  [BpemTask] Galaxy.Workflow.Collaboration (MOF Type)
  [BpemTask] PF.DefaultDataArea:DCs/nobelbiocare.com/p_sfdc/pr/pm/re/account_performance/_comp/src/bpmn/p_bpm_001_revenue_account_performance.bpmn#E0559EB254DAAE3DE9E611E6CB3A00FFC53F5B0A (MRI), CompilerType: XLFFACTORY
  [BpemTask] Packaging XLF file 'D:\Users\pedro.jimenez\Desktop\Nobel\nwds-extsoa-7.3-EHP1-SP17-PAT0000-win32\eclipse\workspace.jdi\LocalDevelopment\SC_SFDC\nobelbiocare.com\p_sfdc\pr\pm\re\account_performance\_comp\src\bpmn\p_bpm_001_revenue_account_performance.bpmn.xlf'.
  [BpemTask] BC-BMT-BPM-SRV com.sap.tc.glx.BpemTask processCompilerObj(obj , compDir) - Compiling com.sap.glx.ide.model.galaxy.workflow.Collaboration (Java Type)
  [BpemTask] Galaxy.Workflow.Collaboration (MOF Type)
  [BpemTask] PF.DefaultDataArea:DCs/nobelbiocare.com/p_sfdc/pr/pm/re/account_performance/_comp/src/bpmn/p_bpm_001_revenue_account_performance.bpmn#E0559EB254DAAE3DE9E611E6CB3A00FFC53F5B0A (MRI), CompilerType: DIAGRAMTOXMLCONVERTER
  [BpemTask] PV file generation: parsing...
  [BpemTask] PV file generation done.
  [BpemTask] BC-BMT-BPM-SRV com.sap.tc.glx.BpemTask processCompilerObj(obj , compDir) - Compiling [com.sap.tc.esmp.mm.xsd1.XsdElementDeclaration (Java Type)
  [BpemTask] XSD1.XsdElementDeclaration (MOF Type)
  [BpemTask] PF.DefaultDataArea:DCs/sap.com/tc/bpem/content/predefs/types/_comp/rep/functions/sap.com/bpem/glx/built-in/text/string.function#481F3B33962EFE711AC311DD803C0018717335EB (MRI), com.sap.tc.esmp.mm.xsd1.XsdElementDeclaration (Java Type)
  [BpemTask] XSD1.XsdElementDeclaration (MOF Type)
  [BpemTask] PF.DefaultDataArea:DCs/sap.com/tc/bpem/content/predefs/types/_comp/rep/functions/sap.com/bpem/glx/built-in/text/string.function#481F3B33962C8D701AC311DDCAE80018717335EB (MRI)], CompilerType: TYPECOMPILER
  [BpemTask] BC-BMT-BPM-SRV com.sap.tc.glx.BpemTask processCompilerObj(obj , compDir) - Compiling [com.sap.tc.esmp.mm.xsd1.XsdElementDeclaration (Java Type)
  [BpemTask] XSD1.XsdElementDeclaration (MOF Type)
  [BpemTask] PF.DefaultDataArea:DCs/nobelbiocare.com/p_sfdc/pr/pm/re/account_performance/_comp/src/bpmn/p_bpm_001_revenue_account_performance.bpmn#E0469530923DDA41FA8C11E68A6C0205857FEB80 (MRI)], CompilerType: TYPECOMPILER
  [BpemTask] BC-BMT-BPM-SRV com.sap.tc.glx.BpemTask processCompilerObj(obj , compDir) - Compiling [com.sap.tc.esmp.mm.xsd1.XsdElementDeclaration (Java Type)
  [BpemTask] XSD1.XsdElementDeclaration (MOF Type)
  [BpemTask] PF.DefaultDataArea:DCs/nobelbiocare.com/p_sfdc/pr/pm/re/account_performance/_comp/src/bpmn/p_bpm_001_revenue_account_performance.bpmn#E04695309242FF7BFA9411E68EB00205857FEB80 (MRI)], CompilerType: TYPECOMPILER
  [BpemTask] BC-BMT-BPM-SRV com.sap.tc.glx.BpemTask processCompilerObj(obj , compDir) - Compiling [com.sap.tc.esmp.mm.xsd1.XsdElementDeclaration (Java Type)
  [BpemTask] XSD1.XsdElementDeclaration (MOF Type)
  [BpemTask] PF.DefaultDataArea:DCs/nobelbiocare.com/p_sfdc/pr/pm/re/account_performance/_comp/src/bpmn/p_bpm_001_revenue_account_performance.bpmn#E007956AEC59D0FEFC5E11E68B350205857FEB80 (MRI)], CompilerType: TYPECOMPILER
  [BpemTask] BC-BMT-BPM-SRV com.sap.tc.glx.BpemTask processCompilerObj(obj , compDir) - Compiling [com.sap.tc.esmp.mm.xsd1.XsdElementDeclaration (Java Type)
  [BpemTask] XSD1.XsdElementDeclaration (MOF Type)
  [BpemTask] PF.DefaultDataArea:DCs/nobelbiocare.com/p_sfdc/pr/pm/re/account_performance/_comp/src/bpmn/p_bpm_001_revenue_account_performance.bpmn#E007956A77AFF36EFC5D11E6A2EF0205857FEB80 (MRI)], CompilerType: TYPECOMPILER
  [BpemTask] BC-BMT-BPM-SRV com.sap.tc.glx.BpemTask processCompilerObj(obj , compDir) - Compiling [com.sap.tc.esmp.mm.xsd1.XsdElementDeclaration (Java Type)
  [BpemTask] XSD1.XsdElementDeclaration (MOF Type)
  [BpemTask] PF.DefaultDataArea:DCs/sap.com/tc/bpem/content/predefs/types/_comp/rep/functions/sap.com/bpem/glx/built-in/text/string-equal.function#481F3B3295D916401AC311DD8E890018717335EB (MRI), com.sap.tc.esmp.mm.xsd1.XsdElementDeclaration (Java Type)
  [BpemTask] XSD1.XsdElementDeclaration (MOF Type)
  [BpemTask] PF.DefaultDataArea:DCs/sap.com/tc/bpem/content/predefs/types/_comp/rep/functions/sap.com/bpem/glx/built-in/text/string-equal.function#481F3B3295D45B571AC311DDB2BA0018717335EB (MRI)], CompilerType: TYPECOMPILER
  [BpemTask] BC-BMT-BPM-SRV com.sap.tc.glx.BpemTask processCompilerObj(obj , compDir) - Compiling [com.sap.tc.esmp.mm.xsd1.XsdElementDeclaration (Java Type)
  [BpemTask] XSD1.XsdElementDeclaration (MOF Type)
  [BpemTask] PF.DefaultDataArea:DCs/sap.com/tc/bpem/content/predefs/types/_comp/rep/functions/sap.com/bpem/glx/built-in/finite-integer/numeric-subtract.function#481F3B2F93B4D6B91AC311DD92CC0018717335EB (MRI), com.sap.tc.esmp.mm.xsd1.XsdElementDeclaration (Java Type)
  [BpemTask] XSD1.XsdElementDeclaration (MOF Type)
  [BpemTask] PF.DefaultDataArea:DCs/sap.com/tc/bpem/content/predefs/types/_comp/rep/functions/sap.com/bpem/glx/built-in/finite-integer/numeric-subtract.function#481F3B2E93B265B71AC311DDB8310018717335EB (MRI)], CompilerType: TYPECOMPILER
  [BpemTask] BC-BMT-BPM-SRV com.sap.tc.glx.BpemTask processCompilerObj(obj , compDir) - Compiling [com.sap.tc.esmp.mm.xsd1.XsdElementDeclaration (Java Type)
  [BpemTask] XSD1.XsdElementDeclaration (MOF Type)
  [BpemTask] PF.DefaultDataArea:DCs/sap.com/tc/bpem/content/predefs/types/_comp/rep/functions/sap.com/bpem/glx/built-in/date-time/subtract-datetimes.function#481F3B2D92E096C01AC311DDCC840018717335EB (MRI), com.sap.tc.esmp.mm.xsd1.XsdElementDeclaration (Java Type)
  [BpemTask] XSD1.XsdElementDeclaration (MOF Type)
  [BpemTask] PF.DefaultDataArea:DCs/sap.com/tc/bpem/content/predefs/types/_comp/rep/functions/sap.com/bpem/glx/built-in/date-time/subtract-datetimes.function#481F3B2D92DBDBD01AC311DDA1DC0018717335EB (MRI)], CompilerType: TYPECOMPILER
  [BpemTask] BC-BMT-BPM-SRV com.sap.tc.glx.BpemTask processCompilerObj(obj , compDir) - Compiling [com.sap.tc.esmp.mm.xsd1.XsdElementDeclaration (Java Type)
  [BpemTask] XSD1.XsdElementDeclaration (MOF Type)
  [BpemTask] PF.DefaultDataArea:DCs/nobelbiocare.com/p_sfdc/pr/pm/re/account_performance/_comp/src/bpmn/p_bpm_001_revenue_account_performance.bpmn#E007956A86682C58FC5E11E684B00205857FEB80 (MRI)], CompilerType: TYPECOMPILER
  [BpemTask] BC-BMT-BPM-SRV com.sap.tc.glx.BpemTask processCompilerObj(obj , compDir) - Compiling [com.sap.tc.esmp.mm.xsd1.XsdElementDeclaration (Java Type)
  [BpemTask] XSD1.XsdElementDeclaration (MOF Type)
  [BpemTask] PF.DefaultDataArea:DCs/sap.com/tc/bpem/content/predefs/types/_comp/rep/functions/sap.com/bpem/glx/built-in/boolean/or.function#481F3B2B917631501AC311DD94FD0018717335EB (MRI), com.sap.tc.esmp.mm.xsd1.XsdElementDeclaration (Java Type)
  [BpemTask] XSD1.XsdElementDeclaration (MOF Type)
  [BpemTask] PF.DefaultDataArea:DCs/sap.com/tc/bpem/content/predefs/types/_comp/rep/functions/sap.com/bpem/glx/built-in/boolean/or.function#481F3B2B917176601AC311DD95790018717335EB (MRI)], CompilerType: TYPECOMPILER
  [BpemTask] BC-BMT-BPM-SRV com.sap.tc.glx.BpemTask processCompilerObj(obj , compDir) - Compiling [com.sap.tc.esmp.mm.xsd1.XsdElementDeclaration (Java Type)
  [BpemTask] XSD1.XsdElementDeclaration (MOF Type)
  [BpemTask] PF.DefaultDataArea:DCs/nobelbiocare.com/p_sfdc/pr/pm/re/account_performance/_comp/src/bpmn/p_bpm_001_revenue_account_performance.bpmn#E0B1AF74681B4F53E9E611E6896D00FFC53F5B0A (MRI)], CompilerType: TYPECOMPILER
  [BpemTask] BC-BMT-BPM-SRV com.sap.tc.glx.BpemTask processCompilerObj(obj , compDir) - Compiling [com.sap.tc.esmp.mm.xsd1.XsdElementDeclaration (Java Type)
  [BpemTask] XSD1.XsdElementDeclaration (MOF Type)
  [BpemTask] PF.DefaultDataArea:DCs/nobelbiocare.com/p_sfdc/pr/pm/re/account_performance/_comp/src/bpmn/p_bpm_001_revenue_account_performance.bpmn#E007956A866ABD94FC5E11E6BE8F0205857FEB80 (MRI)], CompilerType: TYPECOMPILER
  [BpemTask] BC-BMT-BPM-SRV com.sap.tc.glx.BpemTask processCompilerObj(obj , compDir) - Compiling [com.sap.tc.esmp.mm.xsd1.XsdElementDeclaration (Java Type)
  [BpemTask] XSD1.XsdElementDeclaration (MOF Type)
  [BpemTask] PF.DefaultDataArea:DCs/nobelbiocare.com/p_sfdc/pr/pm/re/account_performance/_comp/src/bpmn/p_bpm_001_revenue_account_performance.bpmn#E007956A77BB4B3EFC5D11E69D2B0205857FEB80 (MRI)], CompilerType: TYPECOMPILER
  [BpemTask] BC-BMT-BPM-SRV com.sap.tc.glx.BpemTask processCompilerObj(obj , compDir) - Compiling [com.sap.tc.esmp.mm.xsd1.XsdElementDeclaration (Java Type)
  [BpemTask] XSD1.XsdElementDeclaration (MOF Type)
  [BpemTask] PF.DefaultDataArea:DCs/sap.com/tc/bpem/content/predefs/types/_comp/rep/functions/sap.com/bpem/glx/built-in/text/string.function#481F3B33963AE5501AC311DDC2690018717335EB (MRI), com.sap.tc.esmp.mm.xsd1.XsdElementDeclaration (Java Type)
  [BpemTask] XSD1.XsdElementDeclaration (MOF Type)
  [BpemTask] PF.DefaultDataArea:DCs/sap.com/tc/bpem/content/predefs/types/_comp/rep/functions/sap.com/bpem/glx/built-in/text/string.function#481F3B3396362A671AC311DDC30C0018717335EB (MRI)], CompilerType: TYPECOMPILER
  [BpemTask] BC-BMT-BPM-SRV com.sap.tc.glx.BpemTask processCompilerObj(obj , compDir) - Compiling [com.sap.tc.esmp.mm.xsd1.XsdElementDeclaration (Java Type)
  [BpemTask] XSD1.XsdElementDeclaration (MOF Type)
  [BpemTask] PF.DefaultDataArea:DCs/nobelbiocare.com/p_sfdc/pr/pm/re/account_performance/_comp/rep/wsdl/nobelbiocare.com.bpm.sfdc.revenue.types#E0677A9A264C0193FA8211E6A3410205857FEB80 (MRI), com.sap.tc.esmp.mm.xsd1.XsdElementDeclaration (Java Type)
  [BpemTask] XSD1.XsdElementDeclaration (MOF Type)
  [BpemTask] PF.DefaultDataArea:DCs/nobelbiocare.com/p_sfdc/pr/pm/re/account_performance/_comp/rep/wsdl/nobelbiocare.com.bpm.sfdc.revenue.types#E0677A9A460B9A37FA8211E6CFA50205857FEB80 (MRI)], CompilerType: TYPECOMPILER
  [BpemTask] BC-BMT-BPM-SRV com.sap.tc.glx.BpemTask processCompilerObj(obj , compDir) - Compiling [com.sap.tc.esmp.mm.xsd1.XsdElementDeclaration (Java Type)
  [BpemTask] XSD1.XsdElementDeclaration (MOF Type)
  [BpemTask] PF.DefaultDataArea:DCs/nobelbiocare.com/p_sfdc/pr/pm/re/account_performance/_comp/rep/wsdl/fault.partner.soap.sforce.com.types#E0677A9A66283FB0FA9111E6A7520205857FEB80 (MRI)], CompilerType: TYPECOMPILER
  [BpemTask] BC-BMT-BPM-SRV com.sap.tc.glx.BpemTask processCompilerObj(obj , compDir) - Compiling [com.sap.tc.esmp.mm.xsd1.XsdElementDeclaration (Java Type)
  [BpemTask] XSD1.XsdElementDeclaration (MOF Type)
  [BpemTask] PF.DefaultDataArea:DCs/nobelbiocare.com/p_sfdc/pr/pm/re/account_performance/_comp/src/bpmn/p_bpm_001_revenue_account_performance.bpmn#E016575C4C0F7188E9E711E6BA4C548757986900 (MRI)], CompilerType: TYPECOMPILER
  [BpemTask] BC-BMT-BPM-SRV com.sap.tc.glx.BpemTask processCompilerObj(obj , compDir) - Compiling [com.sap.tc.esmp.mm.xsd1.XsdElementDeclaration (Java Type)
  [BpemTask] XSD1.XsdElementDeclaration (MOF Type)
  [BpemTask] PF.DefaultDataArea:DCs/nobelbiocare.com/p_sfdc/pr/pm/re/account_performance/_comp/src/bpmn/p_bpm_001_revenue_account_performance.bpmn#E04695309E9E78E1FA8C11E6A69D0205857FEB80 (MRI)], CompilerType: TYPECOMPILER
  [BpemTask] BC-BMT-BPM-SRV com.sap.tc.glx.BpemTask processCompilerObj(obj , compDir) - Compiling [com.sap.tc.esmp.mm.xsd1.XsdElementDeclaration (Java Type)
  [BpemTask] XSD1.XsdElementDeclaration (MOF Type)
  [BpemTask] PF.DefaultDataArea:DCs/sap.com/tc/bpem/content/predefs/types/_comp/rep/functions/sap.com/bpem/glx/built-in/generic/count.function#49182A2ED4053498AF2311DD90AF0019991C7C01 (MRI), com.sap.tc.esmp.mm.xsd1.XsdElementDeclaration (Java Type)
  [BpemTask] XSD1.XsdElementDeclaration (MOF Type)
  [BpemTask] PF.DefaultDataArea:DCs/sap.com/tc/bpem/content/predefs/types/_comp/rep/functions/sap.com/bpem/glx/built-in/generic/count.function#49182A2ED403ADF0AF2311DD98410019991C7C01 (MRI)], CompilerType: TYPECOMPILER
  [BpemTask] BC-BMT-BPM-SRV com.sap.tc.glx.BpemTask processCompilerObj(obj , compDir) - Compiling [com.sap.tc.esmp.mm.xsd1.XsdElementDeclaration (Java Type)
  [BpemTask] XSD1.XsdElementDeclaration (MOF Type)
  [BpemTask] PF.DefaultDataArea:DCs/nobelbiocare.com/p_sfdc/pr/pm/re/account_performance/_comp/rep/wsdl/nobelbiocare.com.bpm.sfdc.revenue.types#E0677A9A5208BE85FAB911E696300205857FEB80 (MRI), com.sap.tc.esmp.mm.xsd1.XsdElementDeclaration (Java Type)
  [BpemTask] XSD1.XsdElementDeclaration (MOF Type)
  [BpemTask] PF.DefaultDataArea:DCs/nobelbiocare.com/p_sfdc/pr/pm/re/account_performance/_comp/rep/wsdl/nobelbiocare.com.bpm.sfdc.revenue.types#E0677A9A1A0FBE1EFA9211E6AE7E0205857FEB80 (MRI), com.sap.tc.esmp.mm.xsd1.XsdElementDeclaration (Java Type)
  [BpemTask] XSD1.XsdElementDeclaration (MOF Type)
  [BpemTask] PF.DefaultDataArea:DCs/nobelbiocare.com/p_sfdc/pr/pm/re/account_performance/_comp/rep/wsdl/fault.partner.soap.sforce.com.types#E0677A9A66283FB0FA9111E6A7520205857FEB80 (MRI)], CompilerType: TYPECOMPILER
  [BpemTask] BC-BMT-BPM-SRV com.sap.tc.glx.BpemTask processCompilerObj(obj , compDir) - Compiling [com.sap.tc.esmp.mm.xsd1.XsdElementDeclaration (Java Type)
  [BpemTask] XSD1.XsdElementDeclaration (MOF Type)
  [BpemTask] PF.DefaultDataArea:DCs/nobelbiocare.com/p_sfdc/pr/pm/re/account_performance/_comp/src/bpmn/p_bpm_001_revenue_account_performance.bpmn#E007956A867FC414FC5E11E6C5800205857FEB80 (MRI)], CompilerType: TYPECOMPILER
  [BpemTask] BC-BMT-BPM-SRV com.sap.tc.glx.BpemTask processCompilerObj(obj , compDir) - Compiling [com.sap.tc.esmp.mm.xsd1.XsdElementDeclaration (Java Type)
  [BpemTask] XSD1.XsdElementDeclaration (MOF Type)
  [BpemTask] PF.DefaultDataArea:DCs/nobelbiocare.com/p_sfdc/pr/pm/re/account_performance/_comp/src/bpmn/p_bpm_001_revenue_account_performance.bpmn#E0469530A40075C4FA8B11E684150205857FEB80 (MRI)], CompilerType: TYPECOMPILER
  [BpemTask] BC-BMT-BPM-SRV com.sap.tc.glx.BpemTask processCompilerObj(obj , compDir) - Compiling [com.sap.tc.esmp.mm.xsd1.XsdElementDeclaration (Java Type)
  [BpemTask] XSD1.XsdElementDeclaration (MOF Type)
  [BpemTask] PF.DefaultDataArea:DCs/sap.com/tc/bpem/content/predefs/types/_comp/rep/functions/sap.com/bpem/glx/built-in/generic/isset.function#492D235E1CDA4480BBA411DD8C2C0019991C7C01 (MRI), com.sap.tc.esmp.mm.xsd1.XsdElementDeclaration (Java Type)
  [BpemTask] XSD1.XsdElementDeclaration (MOF Type)
  [BpemTask] PF.DefaultDataArea:DCs/sap.com/tc/bpem/content/predefs/types/_comp/rep/functions/sap.com/bpem/glx/built-in/generic/isset.function#492D235E1CD42A00BBA411DDA7860019991C7C01 (MRI)], CompilerType: TYPECOMPILER
  [BpemTask] BC-BMT-BPM-SRV com.sap.tc.glx.BpemTask processCompilerObj(obj , compDir) - Compiling [com.sap.tc.esmp.mm.xsd1.XsdElementDeclaration (Java Type)
  [BpemTask] XSD1.XsdElementDeclaration (MOF Type)
  [BpemTask] PF.DefaultDataArea:DCs/nobelbiocare.com/p_sfdc/pr/pm/re/account_performance/_comp/src/bpmn/p_bpm_001_revenue_account_performance.bpmn#E007956AEC695FFAFC5E11E68ABF0205857FEB80 (MRI)], CompilerType: TYPECOMPILER
  [BpemTask] BC-BMT-BPM-SRV com.sap.tc.glx.BpemTask processCompilerObj(obj , compDir) - Compiling [com.sap.tc.esmp.mm.xsd1.XsdElementDeclaration (Java Type)
  [BpemTask] XSD1.XsdElementDeclaration (MOF Type)
  [BpemTask] PF.DefaultDataArea:DCs/nobelbiocare.com/p_sfdc/pr/pm/re/account_performance/_comp/rep/wsdl/nobelbiocare.com.bpm.sfdc.revenue.types#E0677A9A264C0193FA8211E6A3410205857FEB80 (MRI), com.sap.tc.esmp.mm.xsd1.XsdElementDeclaration (Java Type)
  [BpemTask] XSD1.XsdElementDeclaration (MOF Type)
  [BpemTask] PF.DefaultDataArea:DCs/nobelbiocare.com/p_sfdc/pr/pm/re/account_performance/_comp/rep/wsdl/nobelbiocare.com.bpm.sfdc.revenue.types#E0412956DE196CD7E9E711E68210548757986900 (MRI)], CompilerType: TYPECOMPILER
  [BpemTask] BC-BMT-BPM-SRV com.sap.tc.glx.BpemTask processCompilerObj(obj , compDir) - Compiling [com.sap.tc.esmp.mm.xsd1.XsdElementDeclaration (Java Type)
  [BpemTask] XSD1.XsdElementDeclaration (MOF Type)
  [BpemTask] PF.DefaultDataArea:DCs/nobelbiocare.com/p_sfdc/pr/pm/re/account_performance/_comp/src/bpmn/p_bpm_001_revenue_account_performance.bpmn#E0B1AF74681B4F58E9E611E6A37300FFC53F5B0A (MRI)], CompilerType: TYPECOMPILER
  [BpemTask] BC-BMT-BPM-SRV com.sap.tc.glx.BpemTask processCompilerObj(obj , compDir) - Compiling [com.sap.tc.esmp.mm.xsd1.XsdElementDeclaration (Java Type)
  [BpemTask] XSD1.XsdElementDeclaration (MOF Type)
  [BpemTask] PF.DefaultDataArea:DCs/nobelbiocare.com/p_sfdc/pr/pm/re/account_performance/_comp/src/bpmn/p_bpm_001_revenue_account_performance.bpmn#E016575C4C26B713E9E711E68121548757986900 (MRI)], CompilerType: TYPECOMPILER
  [BpemTask] BC-BMT-BPM-SRV com.sap.tc.glx.BpemTask processCompilerObj(obj , compDir) - Compiling [com.sap.tc.esmp.mm.xsd1.XsdElementDeclaration (Java Type)
  [BpemTask] XSD1.XsdElementDeclaration (MOF Type)
  [BpemTask] PF.DefaultDataArea:DCs/nobelbiocare.com/p_sfdc/pr/pm/re/account_performance/_comp/src/bpmn/p_bpm_001_revenue_account_performance.bpmn#E0469530FB59FDA5FAA111E6C3050205857FEB80 (MRI)], CompilerType: TYPECOMPILER
  [BpemTask] BC-BMT-BPM-SRV com.sap.tc.glx.BpemTask processCompilerObj(obj , compDir) - Compiling [com.sap.tc.esmp.mm.xsd1.XsdElementDeclaration (Java Type)
  [BpemTask] XSD1.XsdElementDeclaration (MOF Type)
  [BpemTask] PF.DefaultDataArea:DCs/sap.com/tc/bpem/content/predefs/types/_comp/rep/functions/sap.com/bpem/glx/built-in/text/concat.function#481F3B3295C3B9881AC311DDAEFA0018717335EB (MRI), com.sap.tc.esmp.mm.xsd1.XsdElementDeclaration (Java Type)
  [BpemTask] XSD1.XsdElementDeclaration (MOF Type)
  [BpemTask] PF.DefaultDataArea:DCs/sap.com/tc/bpem/content/predefs/types/_comp/rep/functions/sap.com/bpem/glx/built-in/text/concat.function#481F3B3295C148851AC311DDB0480018717335EB (MRI)], CompilerType: TYPECOMPILER
  [BpemTask] BC-BMT-BPM-SRV com.sap.tc.glx.BpemTask processCompilerObj(obj , compDir) - Compiling [com.sap.tc.esmp.mm.xsd1.XsdElementDeclaration (Java Type)
  [BpemTask] XSD1.XsdElementDeclaration (MOF Type)
  [BpemTask] PF.DefaultDataArea:DCs/nobelbiocare.com/p_sfdc/pr/pm/re/account_performance/_comp/src/bpmn/p_bpm_001_revenue_account_performance.bpmn#E046953030A1C3D3FA9311E680B30205857FEB80 (MRI)], CompilerType: TYPECOMPILER
  [BpemTask] BC-BMT-BPM-SRV com.sap.tc.glx.BpemTask processCompilerObj(obj , compDir) - Compiling [com.sap.tc.esmp.mm.xsd1.XsdElementDeclaration (Java Type)
  [BpemTask] XSD1.XsdElementDeclaration (MOF Type)
  [BpemTask] PF.DefaultDataArea:DCs/nobelbiocare.com/p_sfdc/pr/pm/re/account_performance/_comp/src/bpmn/p_bpm_001_revenue_account_performance.bpmn#E007956A0881FFA9FC5E11E6BBA20205857FEB80 (MRI)], CompilerType: TYPECOMPILER
  [BpemTask] BC-BMT-BPM-SRV com.sap.tc.glx.BpemTask processCompilerObj(obj , compDir) - Compiling [com.sap.tc.esmp.mm.xsd1.XsdElementDeclaration (Java Type)
  [BpemTask] XSD1.XsdElementDeclaration (MOF Type)
  [BpemTask] PF.DefaultDataArea:DCs/nobelbiocare.com/p_sfdc/pr/pm/re/account_performance/_comp/src/bpmn/p_bpm_001_revenue_account_performance.bpmn#E007956A866D5709FC5E11E6916B0205857FEB80 (MRI)], CompilerType: TYPECOMPILER
  [BpemTask] BC-BMT-BPM-SRV com.sap.tc.glx.BpemTask processCompilerObj(obj , compDir) - Compiling [com.sap.tc.esmp.mm.xsd1.XsdElementDeclaration (Java Type)
  [BpemTask] XSD1.XsdElementDeclaration (MOF Type)
  [BpemTask] PF.DefaultDataArea:DCs/nobelbiocare.com/p_sfdc/pr/pm/re/account_performance/_comp/rep/wsdl/nobelbiocare.com.bpm.sfdc.revenue.types#E0677A9A123172F4FA8211E6C4C40205857FEB80 (MRI), com.sap.tc.esmp.mm.xsd1.XsdElementDeclaration (Java Type)
  [BpemTask] XSD1.XsdElementDeclaration (MOF Type)
  [BpemTask] PF.DefaultDataArea:DCs/nobelbiocare.com/p_sfdc/pr/pm/re/account_performance/_comp/rep/wsdl/nobelbiocare.com.bpm.sfdc.revenue.types#E0677A9A122F060BFA8211E693CD0205857FEB80 (MRI)], CompilerType: TYPECOMPILER
  [BpemTask] BC-BMT-BPM-SRV com.sap.tc.glx.BpemTask processCompilerObj(obj , compDir) - Compiling [com.sap.tc.esmp.mm.xsd1.XsdElementDeclaration (Java Type)
  [BpemTask] XSD1.XsdElementDeclaration (MOF Type)
  [BpemTask] PF.DefaultDataArea:DCs/nobelbiocare.com/p_sfdc/pr/pm/re/account_performance/_comp/src/bpmn/p_bpm_001_revenue_account_performance.bpmn#E007956A088F319CFC5E11E6B54C0205857FEB80 (MRI)], CompilerType: TYPECOMPILER
  [BpemTask] BC-BMT-BPM-SRV com.sap.tc.glx.BpemTask processCompilerObj(obj , compDir) - Compiling [com.sap.tc.esmp.mm.xsd1.XsdElementDeclaration (Java Type)
  [BpemTask] XSD1.XsdElementDeclaration (MOF Type)
  [BpemTask] PF.DefaultDataArea:DCs/nobelbiocare.com/p_sfdc/pr/pm/re/account_performance/_comp/src/bpmn/p_bpm_001_revenue_account_performance.bpmn#E007956A77A8128DFC5D11E6C0610205857FEB80 (MRI)], CompilerType: TYPECOMPILER
  [BpemTask] BC-BMT-BPM-SRV com.sap.tc.glx.BpemTask processCompilerObj(obj , compDir) - Compiling [com.sap.tc.esmp.mm.xsd1.XsdElementDeclaration (Java Type)
  [BpemTask] XSD1.XsdElementDeclaration (MOF Type)
  [BpemTask] PF.DefaultDataArea:DCs/nobelbiocare.com/p_sfdc/pr/pm/re/account_performance/_comp/src/bpmn/p_bpm_001_revenue_account_performance.bpmn#E007956AEC5EF02FFC5E11E689AF0205857FEB80 (MRI)], CompilerType: TYPECOMPILER
  [BpemTask] BC-BMT-BPM-SRV com.sap.tc.glx.BpemTask processCompilerObj(obj , compDir) - Compiling [com.sap.tc.esmp.mm.xsd1.XsdElementDeclaration (Java Type)
  [BpemTask] XSD1.XsdElementDeclaration (MOF Type)
  [BpemTask] PF.DefaultDataArea:DCs/nobelbiocare.com/p_sfdc/pr/pm/re/account_performance/_comp/src/bpmn/p_bpm_001_revenue_account_performance.bpmn#E007956A77BE25B0FC5D11E69A3F0205857FEB80 (MRI)], CompilerType: TYPECOMPILER
  [BpemTask] BC-BMT-BPM-SRV com.sap.tc.glx.BpemTask processCompilerObj(obj , compDir) - Compiling [com.sap.tc.esmp.mm.xsd1.XsdElementDeclaration (Java Type)
  [BpemTask] XSD1.XsdElementDeclaration (MOF Type)
  [BpemTask] PF.DefaultDataArea:DCs/nobelbiocare.com/p_sfdc/pr/pm/re/account_performance/_comp/src/bpmn/p_bpm_001_revenue_account_performance.bpmn#E007956A088A0D45FC5E11E6A7B80205857FEB80 (MRI)], CompilerType: TYPECOMPILER
  [BpemTask] BC-BMT-BPM-SRV com.sap.tc.glx.BpemTask processCompilerObj(obj , compDir) - Compiling [com.sap.tc.esmp.mm.xsd1.XsdElementDeclaration (Java Type)
  [BpemTask] XSD1.XsdElementDeclaration (MOF Type)
  [BpemTask] PF.DefaultDataArea:DCs/sap.com/tc/bpem/content/predefs/types/_comp/rep/functions/sap.com/bpem/glx/built-in/finite-integer/numeric-greater-than.function#481F3B2E934E4CBA1AC311DDB3610018717335EB (MRI), com.sap.tc.esmp.mm.xsd1.XsdElementDeclaration (Java Type)
  [BpemTask] XSD1.XsdElementDeclaration (MOF Type)
  [BpemTask] PF.DefaultDataArea:DCs/sap.com/tc/bpem/content/predefs/types/_comp/rep/functions/sap.com/bpem/glx/built-in/finite-integer/numeric-greater-than.function#481F3B2E934BDBB51AC311DD9ADF0018717335EB (MRI)], CompilerType: TYPECOMPILER
  [BpemTask] BC-BMT-BPM-SRV com.sap.tc.glx.BpemTask processCompilerObj(obj , compDir) - Compiling [com.sap.tc.esmp.mm.xsd1.XsdElementDeclaration (Java Type)
  [BpemTask] XSD1.XsdElementDeclaration (MOF Type)
  [BpemTask] PF.DefaultDataArea:DCs/nobelbiocare.com/p_sfdc/pr/pm/re/account_performance/_comp/src/bpmn/p_bpm_001_revenue_account_performance.bpmn#E007956A08947862FC5E11E6A4B10205857FEB80 (MRI)], CompilerType: TYPECOMPILER
  [BpemTask] BC-BMT-BPM-SRV com.sap.tc.glx.BpemTask processCompilerObj(obj , compDir) - Compiling [com.sap.tc.esmp.mm.xsd1.XsdElementDeclaration (Java Type)
  [BpemTask] XSD1.XsdElementDeclaration (MOF Type)
  [BpemTask] PF.DefaultDataArea:DCs/nobelbiocare.com/p_sfdc/pr/pm/re/account_performance/_comp/src/bpmn/p_bpm_001_revenue_account_performance.bpmn#E007956A77AABA4EFC5D11E689F80205857FEB80 (MRI)], CompilerType: TYPECOMPILER
  [BpemTask] BC-BMT-BPM-SRV com.sap.tc.glx.BpemTask processCompilerObj(obj , compDir) - Compiling [com.sap.tc.esmp.mm.xsd1.XsdElementDeclaration (Java Type)
  [BpemTask] XSD1.XsdElementDeclaration (MOF Type)
  [BpemTask] PF.DefaultDataArea:DCs/nobelbiocare.com/p_sfdc/pr/pm/re/account_performance/_comp/src/bpmn/p_bpm_001_revenue_account_performance.bpmn#E007956A868287D2FC5E11E691B70205857FEB80 (MRI)], CompilerType: TYPECOMPILER
  [BpemTask] BC-BMT-BPM-SRV com.sap.tc.glx.BpemTask processCompilerObj(obj , compDir) - Compiling [com.sap.tc.esmp.mm.xsd1.XsdElementDeclaration (Java Type)
  [BpemTask] XSD1.XsdElementDeclaration (MOF Type)
  [BpemTask] PF.DefaultDataArea:DCs/nobelbiocare.com/p_sfdc/pr/pm/re/account_performance/_comp/src/bpmn/p_bpm_001_revenue_account_performance.bpmn#E007956AEC54AAF8FC5E11E6C02E0205857FEB80 (MRI)], CompilerType: TYPECOMPILER
  [BpemTask] BC-BMT-BPM-SRV com.sap.tc.glx.BpemTask processCompilerObj(obj , compDir) - Compiling [com.sap.tc.esmp.mm.xsd1.XsdElementDeclaration (Java Type)
  [BpemTask] XSD1.XsdElementDeclaration (MOF Type)
  [BpemTask] PF.DefaultDataArea:DCs/nobelbiocare.com/p_sfdc/pr/pm/re/account_performance/_comp/src/bpmn/p_bpm_001_revenue_account_performance.bpmn#E007956AEC669D5FFC5E11E6B72A0205857FEB80 (MRI)], CompilerType: TYPECOMPILER
  [BpemTask] BC-BMT-BPM-SRV com.sap.tc.glx.BpemTask processCompilerObj(obj , compDir) - Compiling [com.sap.tc.esmp.mm.xsd1.XsdElementDeclaration (Java Type)
  [BpemTask] XSD1.XsdElementDeclaration (MOF Type)
  [BpemTask] PF.DefaultDataArea:DCs/nobelbiocare.com/p_sfdc/pr/pm/re/account_performance/_comp/src/bpmn/p_bpm_001_revenue_account_performance.bpmn#E007956A0884A3D0FC5E11E6BC460205857FEB80 (MRI)], CompilerType: TYPECOMPILER
  [BpemTask] BC-BMT-BPM-SRV com.sap.tc.glx.BpemTask processCompilerObj(obj , compDir) - Compiling [com.sap.tc.esmp.mm.xsd1.XsdElementDeclaration (Java Type)
  [BpemTask] XSD1.XsdElementDeclaration (MOF Type)
  [BpemTask] PF.DefaultDataArea:DCs/nobelbiocare.com/p_sfdc/pr/pm/re/account_performance/_comp/src/bpmn/p_bpm_001_revenue_account_performance.bpmn#E007956A86755016FC5E11E697100205857FEB80 (MRI)], CompilerType: TYPECOMPILER
  [BpemTask] BC-BMT-BPM-SRV com.sap.tc.glx.BpemTask processCompilerObj(obj , compDir) - Compiling [com.sap.tc.esmp.mm.xsd1.XsdElementDeclaration (Java Type)
  [BpemTask] XSD1.XsdElementDeclaration (MOF Type)
  [BpemTask] PF.DefaultDataArea:DCs/nobelbiocare.com/p_sfdc/pr/pm/re/account_performance/_comp/src/bpmn/p_bpm_001_revenue_account_performance.bpmn#E046953062F4B2D9FA9011E697CA0205857FEB80 (MRI)], CompilerType: TYPECOMPILER
  [BpemTask] BC-BMT-BPM-SRV com.sap.tc.glx.BpemTask processCompilerObj(obj , compDir) - Compiling [com.sap.tc.esmp.mm.xsd1.XsdElementDeclaration (Java Type)
  [BpemTask] XSD1.XsdElementDeclaration (MOF Type)
  [BpemTask] PF.DefaultDataArea:DCs/nobelbiocare.com/p_sfdc/pr/pm/re/account_performance/_comp/src/bpmn/p_bpm_001_revenue_account_performance.bpmn#E007956A0891FE84FC5E11E698F50205857FEB80 (MRI)], CompilerType: TYPECOMPILER
  [BpemTask] BC-BMT-BPM-SRV com.sap.tc.glx.BpemTask processCompilerObj(obj , compDir) - Compiling [com.sap.tc.esmp.mm.xsd1.XsdElementDeclaration (Java Type)
  [BpemTask] XSD1.XsdElementDeclaration (MOF Type)
  [BpemTask] PF.DefaultDataArea:DCs/nobelbiocare.com/p_sfdc/pr/pm/re/account_performance/_comp/src/bpmn/p_bpm_001_revenue_account_performance.bpmn#E007956A08874F66FC5E11E6AAFD0205857FEB80 (MRI)], CompilerType: TYPECOMPILER
  [BpemTask] BC-BMT-BPM-SRV com.sap.tc.glx.BpemTask processCompilerObj(obj , compDir) - Compiling [com.sap.tc.esmp.mm.xsd1.XsdElementDeclaration (Java Type)
  [BpemTask] XSD1.XsdElementDeclaration (MOF Type)
  [BpemTask] PF.DefaultDataArea:DCs/sap.com/tc/bpem/content/predefs/default/_comp/src/functions/sap.com/bpem/glx/built-in/principal/getprincipals.function#481F3B33968275A41AC311DDC9ED0018717335EB (MRI), com.sap.tc.esmp.mm.xsd1.XsdElementDeclaration (Java Type)
  [BpemTask] XSD1.XsdElementDeclaration (MOF Type)
  [BpemTask] PF.DefaultDataArea:DCs/sap.com/tc/bpem/content/predefs/default/_comp/src/functions/sap.com/bpem/glx/built-in/principal/getprincipals.function#481F3B33968004A11AC311DDAA030018717335EB (MRI)], CompilerType: TYPECOMPILER
  [BpemTask] BC-BMT-BPM-SRV com.sap.tc.glx.BpemTask processCompilerObj(obj , compDir) - Compiling [com.sap.tc.esmp.mm.xsd1.XsdElementDeclaration (Java Type)
  [BpemTask] XSD1.XsdElementDeclaration (MOF Type)
  [BpemTask] PF.DefaultDataArea:DCs/sap.com/tc/bpem/content/predefs/types/_comp/rep/functions/sap.com/bpem/glx/built-in/text/replace.function#481F3B339620A69A1AC311DDCC5E0018717335EB (MRI), com.sap.tc.esmp.mm.xsd1.XsdElementDeclaration (Java Type)
  [BpemTask] XSD1.XsdElementDeclaration (MOF Type)
  [BpemTask] PF.DefaultDataArea:DCs/sap.com/tc/bpem/content/predefs/types/_comp/rep/functions/sap.com/bpem/glx/built-in/text/replace.function#481F3B33961E35931AC311DDBCBD0018717335EB (MRI)], CompilerType: TYPECOMPILER
  [BpemTask] BC-BMT-BPM-SRV com.sap.tc.glx.BpemTask processCompilerObj(obj , compDir) - Compiling [com.sap.tc.esmp.mm.xsd1.XsdElementDeclaration (Java Type)
  [BpemTask] XSD1.XsdElementDeclaration (MOF Type)
  [BpemTask] PF.DefaultDataArea:DCs/nobelbiocare.com/p_sfdc/pr/pm/re/account_performance/_comp/src/bpmn/p_bpm_001_revenue_account_performance.bpmn#E0469530FA106ED7FABD11E686460205857FEB80 (MRI)], CompilerType: TYPECOMPILER
  [BpemTask] BC-BMT-BPM-SRV com.sap.tc.glx.BpemTask processCompilerObj(obj , compDir) - Compiling [com.sap.tc.esmp.mm.xsd1.XsdElementDeclaration (Java Type)
  [BpemTask] XSD1.XsdElementDeclaration (MOF Type)
  [BpemTask] PF.DefaultDataArea:DCs/nobelbiocare.com/p_sfdc/pr/pm/re/account_performance/_comp/src/bpmn/p_bpm_001_revenue_account_performance.bpmn#E016575C488D4688FB3611E6CAD40205857FEB80 (MRI)], CompilerType: TYPECOMPILER
  [BpemTask] BC-BMT-BPM-SRV com.sap.tc.glx.BpemTask processCompilerObj(obj , compDir) - Compiling [com.sap.tc.esmp.mm.xsd1.XsdElementDeclaration (Java Type)
  [BpemTask] XSD1.XsdElementDeclaration (MOF Type)
  [BpemTask] PF.DefaultDataArea:DCs/sap.com/tc/bpem/content/predefs/types/_comp/rep/functions/sap.com/bpem/glx/built-in/infinite-integer/integer.function#481F3B3094B186361AC311DDB4480018717335EB (MRI), com.sap.tc.esmp.mm.xsd1.XsdElementDeclaration (Java Type)
  [BpemTask] XSD1.XsdElementDeclaration (MOF Type)
  [BpemTask] PF.DefaultDataArea:DCs/sap.com/tc/bpem/content/predefs/types/_comp/rep/functions/sap.com/bpem/glx/built-in/infinite-integer/integer.function#481F3B3094AF15351AC311DDA1F80018717335EB (MRI)], CompilerType: TYPECOMPILER
  [BpemTask] BC-BMT-BPM-SRV com.sap.tc.glx.BpemTask processCompilerObj(obj , compDir) - Compiling [com.sap.tc.esmp.mm.xsd1.XsdElementDeclaration (Java Type)
  [BpemTask] XSD1.XsdElementDeclaration (MOF Type)
  [BpemTask] PF.DefaultDataArea:DCs/nobelbiocare.com/p_sfdc/pr/pm/re/account_performance/_comp/src/bpmn/p_bpm_001_revenue_account_performance.bpmn#E007956A86727F53FC5E11E6B5FB0205857FEB80 (MRI)], CompilerType: TYPECOMPILER
  [BpemTask] BC-BMT-BPM-SRV com.sap.tc.glx.BpemTask processCompilerObj(obj , compDir) - Compiling [com.sap.tc.esmp.mm.xsd1.XsdElementDeclaration (Java Type)
  [BpemTask] XSD1.XsdElementDeclaration (MOF Type)
  [BpemTask] PF.DefaultDataArea:DCs/nobelbiocare.com/p_sfdc/pr/pm/re/account_performance/_comp/src/bpmn/p_bpm_001_revenue_account_performance.bpmn#E007956A77B8A673FC5D11E697BA0205857FEB80 (MRI)], CompilerType: TYPECOMPILER
  [BpemTask] BC-BMT-BPM-SRV com.sap.tc.glx.BpemTask processCompilerObj(obj , compDir) - Compiling [com.sap.tc.esmp.mm.xsd1.XsdElementDeclaration (Java Type)
  [BpemTask] XSD1.XsdElementDeclaration (MOF Type)
  [BpemTask] PF.DefaultDataArea:DCs/nobelbiocare.com/p_sfdc/pr/pm/re/account_performance/_comp/rep/wsdl/nobelbiocare.com.bpm.sfdc.revenue.types#E0412956DE196CD7E9E711E68210548757986900 (MRI), com.sap.tc.esmp.mm.xsd1.XsdElementDeclaration (Java Type)
  [BpemTask] XSD1.XsdElementDeclaration (MOF Type)
  [BpemTask] PF.DefaultDataArea:DCs/nobelbiocare.com/p_sfdc/pr/pm/re/account_performance/_comp/rep/wsdl/partner.soap.sforce.com.types#E0677A9A65B255DDFA8A11E6898D0205857FEB80 (MRI)], CompilerType: TYPECOMPILER
  [BpemTask] BC-BMT-BPM-SRV com.sap.tc.glx.BpemTask processCompilerObj(obj , compDir) - Compiling [com.sap.tc.esmp.mm.xsd1.XsdElementDeclaration (Java Type)
  [BpemTask] XSD1.XsdElementDeclaration (MOF Type)
  [BpemTask] PF.DefaultDataArea:DCs/nobelbiocare.com/p_sfdc/pr/pm/re/account_performance/_comp/src/bpmn/p_bpm_001_revenue_account_performance.bpmn#E007956A77B5A45EFC5D11E6C63B0205857FEB80 (MRI)], CompilerType: TYPECOMPILER
  [BpemTask] BC-BMT-BPM-SRV com.sap.tc.glx.BpemTask processCompilerObj(obj , compDir) - Compiling [com.sap.tc.esmp.mm.xsd1.XsdElementDeclaration (Java Type)
  [BpemTask] XSD1.XsdElementDeclaration (MOF Type)
  [BpemTask] PF.DefaultDataArea:DCs/nobelbiocare.com/p_sfdc/pr/pm/re/account_performance/_comp/rep/wsdl/nobelbiocare.com.bpm.sfdc.revenue.types#E0EE4DB2F676D123FDFD11E6BAAC54EFEC7B6400 (MRI)], CompilerType: TYPECOMPILER
  [BpemTask] BC-BMT-BPM-SRV com.sap.tc.glx.BpemTask processCompilerObj(obj , compDir) - Compiling [com.sap.tc.esmp.mm.xsd1.XsdElementDeclaration (Java Type)
  [BpemTask] XSD1.XsdElementDeclaration (MOF Type)
  [BpemTask] PF.DefaultDataArea:DCs/nobelbiocare.com/p_sfdc/pr/pm/re/account_performance/_comp/src/bpmn/p_bpm_001_revenue_account_performance.bpmn#E0B1AF746837F726E9E611E6A5DB00FFC53F5B0A (MRI)], CompilerType: TYPECOMPILER
  [BpemTask] BC-BMT-BPM-SRV com.sap.tc.glx.BpemTask processCompilerObj(obj , compDir) - Compiling [com.sap.tc.esmp.mm.xsd1.XsdElementDeclaration (Java Type)
  [BpemTask] XSD1.XsdElementDeclaration (MOF Type)
  [BpemTask] PF.DefaultDataArea:DCs/nobelbiocare.com/p_sfdc/pr/pm/re/account_performance/_comp/src/bpmn/p_bpm_001_revenue_account_performance.bpmn#E007956A867D3A0CFC5E11E686EE0205857FEB80 (MRI)], CompilerType: TYPECOMPILER
  [BpemTask] BC-BMT-BPM-SRV com.sap.tc.glx.BpemTask processCompilerObj(obj , compDir) - Compiling [com.sap.tc.esmp.mm.xsd1.XsdElementDeclaration (Java Type)
  [BpemTask] XSD1.XsdElementDeclaration (MOF Type)
  [BpemTask] PF.DefaultDataArea:DCs/nobelbiocare.com/p_sfdc/pr/pm/re/account_performance/_comp/src/bpmn/p_bpm_001_revenue_account_performance.bpmn#E016575C59E2CB43FE6411E6CB5D54EFEC7B6400 (MRI)], CompilerType: TYPECOMPILER
  [BpemTask] BC-BMT-BPM-SRV com.sap.tc.glx.BpemTask processCompilerObj(obj , compDir) - Compiling [com.sap.tc.esmp.mm.xsd1.XsdElementDeclaration (Java Type)
  [BpemTask] XSD1.XsdElementDeclaration (MOF Type)
  [BpemTask] PF.DefaultDataArea:DCs/nobelbiocare.com/p_sfdc/pr/pm/re/account_performance/_comp/rep/wsdl/nobelbiocare.com.bpm.sfdc.revenue.types#E04129561B281CCAEA0711E69A15548757986900 (MRI)], CompilerType: TYPECOMPILER
  [BpemTask] BC-BMT-BPM-SRV com.sap.tc.glx.BpemTask processCompilerObj(obj , compDir) - Compiling [com.sap.tc.esmp.mm.xsd1.XsdElementDeclaration (Java Type)
  [BpemTask] XSD1.XsdElementDeclaration (MOF Type)
  [BpemTask] PF.DefaultDataArea:DCs/nobelbiocare.com/p_sfdc/pr/pm/re/account_performance/_comp/src/bpmn/p_bpm_001_revenue_account_performance.bpmn#E007956AEC64165BFC5E11E6C4B50205857FEB80 (MRI)], CompilerType: TYPECOMPILER
  [BpemTask] BC-BMT-BPM-SRV com.sap.tc.glx.BpemTask processCompilerObj(obj , compDir) - Compiling [com.sap.tc.esmp.mm.xsd1.XsdElementDeclaration (Java Type)
  [BpemTask] XSD1.XsdElementDeclaration (MOF Type)
  [BpemTask] PF.DefaultDataArea:DCs/nobelbiocare.com/p_sfdc/pr/pm/re/account_performance/_comp/src/bpmn/p_bpm_001_revenue_account_performance.bpmn#E0469530E67560BCFA8B11E682020205857FEB80 (MRI)], CompilerType: TYPECOMPILER
  [BpemTask] BC-BMT-BPM-SRV com.sap.tc.glx.BpemTask processCompilerObj(obj , compDir) - Compiling [com.sap.tc.esmp.mm.xsd1.XsdElementDeclaration (Java Type)
  [BpemTask] XSD1.XsdElementDeclaration (MOF Type)
  [BpemTask] PF.DefaultDataArea:DCs/sap.com/tc/bpem/content/predefs/types/_comp/rep/functions/sap.com/bpem/glx/built-in/date-time/datetime.function#481F3B2C928138B61AC311DD84600018717335EB (MRI), com.sap.tc.esmp.mm.xsd1.XsdElementDeclaration (Java Type)
  [BpemTask] XSD1.XsdElementDeclaration (MOF Type)
  [BpemTask] PF.DefaultDataArea:DCs/sap.com/tc/bpem/content/predefs/types/_comp/rep/functions/sap.com/bpem/glx/built-in/date-time/datetime.function#481F3B2C927EC7B01AC311DDB4A00018717335EB (MRI)], CompilerType: TYPECOMPILER
  [BpemTask] BC-BMT-BPM-SRV com.sap.tc.glx.BpemTask processCompilerObj(obj , compDir) - Compiling [com.sap.tc.esmp.mm.xsd1.XsdElementDeclaration (Java Type)
  [BpemTask] XSD1.XsdElementDeclaration (MOF Type)
  [BpemTask] PF.DefaultDataArea:DCs/nobelbiocare.com/p_sfdc/pr/pm/re/account_performance/_comp/src/bpmn/p_bpm_001_revenue_account_performance.bpmn#E04695303268FAA3FAAC11E6A2210205857FEB80 (MRI)], CompilerType: TYPECOMPILER
  [BpemTask] BC-BMT-BPM-SRV com.sap.tc.glx.BpemTask processCompilerObj(obj , compDir) - Compiling [com.sap.tc.esmp.mm.xsd1.XsdElementDeclaration (Java Type)
  [BpemTask] XSD1.XsdElementDeclaration (MOF Type)
  [BpemTask] PF.DefaultDataArea:DCs/nobelbiocare.com/p_sfdc/pr/pm/re/account_performance/_comp/src/bpmn/p_bpm_001_revenue_account_performance.bpmn#E04695303A9BDEE7FABE11E6B4890205857FEB80 (MRI)], CompilerType: TYPECOMPILER
  [BpemTask] BC-BMT-BPM-SRV com.sap.tc.glx.BpemTask processCompilerObj(obj , compDir) - Compiling [com.sap.tc.esmp.mm.xsd1.XsdElementDeclaration (Java Type)
  [BpemTask] XSD1.XsdElementDeclaration (MOF Type)
  [BpemTask] PF.DefaultDataArea:DCs/sap.com/tc/bpem/content/predefs/types/_comp/rep/functions/sap.com/bpem/glx/built-in/date-time/current-datetime.function#481F3B2C927A0CC01AC311DDC4830018717335EB (MRI), com.sap.tc.esmp.mm.xsd1.XsdElementDeclaration (Java Type)
  [BpemTask] XSD1.XsdElementDeclaration (MOF Type)
  [BpemTask] PF.DefaultDataArea:DCs/sap.com/tc/bpem/content/predefs/types/_comp/rep/functions/sap.com/bpem/glx/built-in/date-time/current-datetime.function#481F3B2C9277C2D21AC311DD93AA0018717335EB (MRI)], CompilerType: TYPECOMPILER
  [BpemTask] BC-BMT-BPM-SRV com.sap.tc.glx.BpemTask processCompilerObj(obj , compDir) - Compiling [com.sap.tc.esmp.mm.xsd1.XsdElementDeclaration (Java Type)
  [BpemTask] XSD1.XsdElementDeclaration (MOF Type)
  [BpemTask] PF.DefaultDataArea:DCs/nobelbiocare.com/p_sfdc/pr/pm/re/account_performance/_comp/src/bpmn/p_bpm_001_revenue_account_performance.bpmn#E007956A0897785BFC5E11E69CA20205857FEB80 (MRI)], CompilerType: TYPECOMPILER
  [BpemTask] BC-BMT-BPM-SRV com.sap.tc.glx.BpemTask processCompilerObj(obj , compDir) - Compiling [com.sap.tc.esmp.mm.xsd1.XsdElementDeclaration (Java Type)
  [BpemTask] XSD1.XsdElementDeclaration (MOF Type)
  [BpemTask] PF.DefaultDataArea:DCs/nobelbiocare.com/p_sfdc/pr/pm/re/account_performance/_comp/src/bpmn/p_bpm_001_revenue_account_performance.bpmn#E04695304E8B160BFA8B11E6CB920205857FEB80 (MRI)], CompilerType: TYPECOMPILER
  [BpemTask] BC-BMT-BPM-SRV com.sap.tc.glx.BpemTask processCompilerObj(obj , compDir) - Compiling [com.sap.tc.esmp.mm.xsd1.XsdElementDeclaration (Java Type)
  [BpemTask] XSD1.XsdElementDeclaration (MOF Type)
  [BpemTask] PF.DefaultDataArea:DCs/nobelbiocare.com/p_sfdc/pr/pm/re/account_performance/_comp/src/bpmn/p_bpm_001_revenue_account_performance.bpmn#E0B1AF746818FA55E9E611E6BAE100FFC53F5B0A (MRI)], CompilerType: TYPECOMPILER
  [BpemTask] BC-BMT-BPM-SRV com.sap.tc.glx.BpemTask processCompilerObj(obj , compDir) - Compiling [com.sap.tc.esmp.mm.xsd1.XsdElementDeclaration (Java Type)
  [BpemTask] XSD1.XsdElementDeclaration (MOF Type)
  [BpemTask] PF.DefaultDataArea:DCs/nobelbiocare.com/p_sfdc/pr/pm/re/account_performance/_comp/src/bpmn/p_bpm_001_revenue_account_performance.bpmn#E0469530409714F8FA8B11E687660205857FEB80 (MRI)], CompilerType: TYPECOMPILER
  [BpemTask] BC-BMT-BPM-SRV com.sap.tc.glx.BpemTask processCompilerObj(obj , compDir) - Compiling [com.sap.tc.esmp.mm.xsd1.XsdElementDeclaration (Java Type)
  [BpemTask] XSD1.XsdElementDeclaration (MOF Type)
  [BpemTask] PF.DefaultDataArea:DCs/nobelbiocare.com/p_sfdc/pr/pm/re/account_performance/_comp/src/bpmn/p_bpm_001_revenue_account_performance.bpmn#E007956A77A2F694FC5D11E6B38C0205857FEB80 (MRI)], CompilerType: TYPECOMPILER
  [BpemTask] BC-BMT-BPM-SRV com.sap.tc.glx.BpemTask processCompilerObj(obj , compDir) - Compiling [com.sap.tc.esmp.mm.xsd1.XsdElementDeclaration (Java Type)
  [BpemTask] XSD1.XsdElementDeclaration (MOF Type)
  [BpemTask] PF.DefaultDataArea:DCs/nobelbiocare.com/p_sfdc/pr/pm/re/account_performance/_comp/src/bpmn/p_bpm_001_revenue_account_performance.bpmn#E007956A8677DB68FC5E11E6C2CF0205857FEB80 (MRI)], CompilerType: TYPECOMPILER
  [BpemTask] BC-BMT-BPM-SRV com.sap.tc.glx.BpemTask processCompilerObj(obj , compDir) - Compiling [com.sap.tc.esmp.mm.xsd1.XsdElementDeclaration (Java Type)
  [BpemTask] XSD1.XsdElementDeclaration (MOF Type)
  [BpemTask] PF.DefaultDataArea:DCs/nobelbiocare.com/p_sfdc/pr/pm/re/account_performance/_comp/src/bpmn/p_bpm_001_revenue_account_performance.bpmn#E007956AEC5728C2FC5E11E69BA50205857FEB80 (MRI)], CompilerType: TYPECOMPILER
  [BpemTask] BC-BMT-BPM-SRV com.sap.tc.glx.BpemTask processCompilerObj(obj , compDir) - Compiling [com.sap.tc.esmp.mm.xsd1.XsdElementDeclaration (Java Type)
  [BpemTask] XSD1.XsdElementDeclaration (MOF Type)
  [BpemTask] PF.DefaultDataArea:DCs/nobelbiocare.com/p_sfdc/pr/pm/re/account_performance/_comp/src/bpmn/p_bpm_001_revenue_account_performance.bpmn#E007956A77B2EE0CFC5D11E6ACF10205857FEB80 (MRI)], CompilerType: TYPECOMPILER
  [BpemTask] BC-BMT-BPM-SRV com.sap.tc.glx.BpemTask processCompilerObj(obj , compDir) - Compiling [com.sap.tc.esmp.mm.xsd1.XsdElementDeclaration (Java Type)
  [BpemTask] XSD1.XsdElementDeclaration (MOF Type)
  [BpemTask] PF.DefaultDataArea:DCs/nobelbiocare.com/p_sfdc/pr/pm/re/account_performance/_comp/src/bpmn/p_bpm_001_revenue_account_performance.bpmn#E0B1AF7468547BD7E9E611E6CCBF00FFC53F5B0A (MRI)], CompilerType: TYPECOMPILER
  [BpemTask] BC-BMT-BPM-SRV com.sap.tc.glx.BpemTask processCompilerObj(obj , compDir) - Compiling [com.sap.tc.esmp.mm.xsd1.XsdElementDeclaration (Java Type)
  [BpemTask] XSD1.XsdElementDeclaration (MOF Type)
  [BpemTask] PF.DefaultDataArea:DCs/nobelbiocare.com/p_sfdc/pr/pm/re/account_performance/_comp/src/bpmn/p_bpm_001_revenue_account_performance.bpmn#E007956A867A621FFC5E11E691B80205857FEB80 (MRI)], CompilerType: TYPECOMPILER
  [BpemTask] BC-BMT-BPM-SRV com.sap.tc.glx.BpemTask processCompilerObj(obj , compDir) - Compiling [com.sap.tc.esmp.mm.xsd1.XsdElementDeclaration (Java Type)
  [BpemTask] XSD1.XsdElementDeclaration (MOF Type)
  [BpemTask] PF.DefaultDataArea:DCs/nobelbiocare.com/p_sfdc/pr/pm/re/account_performance/_comp/src/bpmn/p_bpm_001_revenue_account_performance.bpmn#E007956AEC5C75BFFC5E11E6AC420205857FEB80 (MRI)], CompilerType: TYPECOMPILER
  [BpemTask] BC-BMT-BPM-SRV com.sap.tc.glx.BpemTask processCompilerObj(obj , compDir) - Compiling [com.sap.tc.esmp.mm.xsd1.XsdElementDeclaration (Java Type)
  [BpemTask] XSD1.XsdElementDeclaration (MOF Type)
  [BpemTask] PF.DefaultDataArea:DCs/nobelbiocare.com/p_sfdc/pr/pm/re/account_performance/_comp/src/bpmn/p_bpm_001_revenue_account_performance.bpmn#E007956A866FB25EFC5E11E69A2C0205857FEB80 (MRI)], CompilerType: TYPECOMPILER
  [BpemTask] BC-BMT-BPM-SRV com.sap.tc.glx.BpemTask processCompilerObj(obj , compDir) - Compiling [com.sap.tc.esmp.mm.xsd1.XsdElementDeclaration (Java Type)
  [BpemTask] XSD1.XsdElementDeclaration (MOF Type)
  [BpemTask] PF.DefaultDataArea:DCs/nobelbiocare.com/p_sfdc/pr/pm/re/account_performance/_comp/rep/wsdl/nobelbiocare.com.bpm.sfdc.revenue.types#E0677A9A33E6636DFA8311E6CA160205857FEB80 (MRI), com.sap.tc.esmp.mm.xsd1.XsdElementDeclaration (Java Type)
  [BpemTask] XSD1.XsdElementDeclaration (MOF Type)
  [BpemTask] PF.DefaultDataArea:DCs/nobelbiocare.com/p_sfdc/pr/pm/re/account_performance/_comp/rep/wsdl/nobelbiocare.com.bpm.sfdc.revenue.types#E0677A9A33E6636CFA8311E6C4470205857FEB80 (MRI)], CompilerType: TYPECOMPILER
  [BpemTask] BC-BMT-BPM-SRV com.sap.tc.glx.BpemTask processCompilerObj(obj , compDir) - Compiling [com.sap.tc.esmp.mm.xsd1.XsdElementDeclaration (Java Type)
  [BpemTask] XSD1.XsdElementDeclaration (MOF Type)
  [BpemTask] PF.DefaultDataArea:DCs/sap.com/tc/bpem/content/predefs/types/_comp/rep/functions/sap.com/bpem/glx/built-in/text/string.function#481F3B339633B9681AC311DD8DDA0018717335EB (MRI), com.sap.tc.esmp.mm.xsd1.XsdElementDeclaration (Java Type)
  [BpemTask] XSD1.XsdElementDeclaration (MOF Type)
  [BpemTask] PF.DefaultDataArea:DCs/sap.com/tc/bpem/content/predefs/types/_comp/rep/functions/sap.com/bpem/glx/built-in/text/string.function#481F3B33963148651AC311DDB17D0018717335EB (MRI)], CompilerType: TYPECOMPILER
  [BpemTask] BC-BMT-BPM-SRV com.sap.tc.glx.BpemTask processCompilerObj(obj , compDir) - Compiling [com.sap.tc.esmp.mm.xsd1.XsdElementDeclaration (Java Type)
  [BpemTask] XSD1.XsdElementDeclaration (MOF Type)
  [BpemTask] PF.DefaultDataArea:DCs/nobelbiocare.com/p_sfdc/pr/pm/re/account_performance/_comp/rep/wsdl/nobelbiocare.com.bpm.sfdc.revenue.types#E0677A9A33E6636CFA8311E6C4470205857FEB80 (MRI), com.sap.tc.esmp.mm.xsd1.XsdElementDeclaration (Java Type)
  [BpemTask] XSD1.XsdElementDeclaration (MOF Type)
  [BpemTask] PF.DefaultDataArea:DCs/nobelbiocare.com/p_sfdc/pr/pm/re/account_performance/_comp/rep/wsdl/partner.soap.sforce.com.types#E0677A9A9C8D81ABFA8911E6819B0205857FEB80 (MRI)], CompilerType: TYPECOMPILER
  [BpemTask] BC-BMT-BPM-SRV com.sap.tc.glx.BpemTask processCompilerObj(obj , compDir) - Compiling [com.sap.tc.esmp.mm.xsd1.XsdElementDeclaration (Java Type)
  [BpemTask] XSD1.XsdElementDeclaration (MOF Type)
  [BpemTask] PF.DefaultDataArea:DCs/nobelbiocare.com/p_sfdc/pr/pm/re/account_performance/_comp/src/bpmn/p_bpm_001_revenue_account_performance.bpmn#E007956A77AD7292FC5D11E68F7A0205857FEB80 (MRI)], CompilerType: TYPECOMPILER
  [BpemTask] BC-BMT-BPM-SRV com.sap.tc.glx.BpemTask processCompilerObj(obj , compDir) - Compiling [com.sap.tc.esmp.mm.xsd1.XsdElementDeclaration (Java Type)
  [BpemTask] XSD1.XsdElementDeclaration (MOF Type)
  [BpemTask] PF.DefaultDataArea:DCs/sap.com/tc/bpem/content/predefs/default/_comp/src/triggers/technicalerror.eventdef#E0EE4DB2B3D5EBBEEAEE11E2BC6C001999A12632 (MRI)], CompilerType: TYPECOMPILER
  [BpemTask] BC-BMT-BPM-SRV com.sap.tc.glx.BpemTask processCompilerObj(obj , compDir) - Compiling [com.sap.tc.esmp.mm.xsd1.XsdElementDeclaration (Java Type)
  [BpemTask] XSD1.XsdElementDeclaration (MOF Type)
  [BpemTask] PF.DefaultDataArea:DCs/nobelbiocare.com/p_sfdc/pr/pm/re/account_performance/_comp/src/bpmn/p_bpm_001_revenue_account_performance.bpmn#E0469530C37CADB4FAA511E6A8100205857FEB80 (MRI)], CompilerType: TYPECOMPILER
  [BpemTask] BC-BMT-BPM-SRV com.sap.tc.glx.BpemTask processCompilerObj(obj , compDir) - Compiling [com.sap.tc.esmp.mm.xsd1.XsdElementDeclaration (Java Type)
  [BpemTask] XSD1.XsdElementDeclaration (MOF Type)
  [BpemTask] PF.DefaultDataArea:DCs/nobelbiocare.com/p_sfdc/pr/pm/re/account_performance/_comp/src/bpmn/p_bpm_001_revenue_account_performance.bpmn#E007956AEC618BCCFC5E11E6B23B0205857FEB80 (MRI)], CompilerType: TYPECOMPILER
  [BpemTask] BC-BMT-BPM-SRV com.sap.tc.glx.BpemTask processCompilerObj(obj , compDir) - Compiling [com.sap.tc.esmp.mm.xsd1.XsdElementDeclaration (Java Type)
  [BpemTask] XSD1.XsdElementDeclaration (MOF Type)
  [BpemTask] PF.DefaultDataArea:DCs/sap.com/tc/bpem/content/predefs/types/_comp/rep/functions/sap.com/bpem/glx/built-in/text/string-join.function#481F3B3295F10B1A1AC311DD892B0018717335EB (MRI), com.sap.tc.esmp.mm.xsd1.XsdElementDeclaration (Java Type)
  [BpemTask] XSD1.XsdElementDeclaration (MOF Type)
  [BpemTask] PF.DefaultDataArea:DCs/sap.com/tc/bpem/content/predefs/types/_comp/rep/functions/sap.com/bpem/glx/built-in/text/string-join.function#481F3B3295EE9A161AC311DD84D60018717335EB (MRI)], CompilerType: TYPECOMPILER
  [BpemTask] BC-BMT-BPM-SRV com.sap.tc.glx.BpemTask processCompilerObj(obj , compDir) - Compiling [com.sap.tc.esmp.mm.xsd1.XsdElementDeclaration (Java Type)
  [BpemTask] XSD1.XsdElementDeclaration (MOF Type)
  [BpemTask] PF.DefaultDataArea:DCs/nobelbiocare.com/p_sfdc/pr/pm/re/account_performance/_comp/src/bpmn/p_bpm_001_revenue_account_performance.bpmn#E007956A087F7A9AFC5E11E6B0DB0205857FEB80 (MRI)], CompilerType: TYPECOMPILER
  [BpemTask] BC-BMT-BPM-SRV com.sap.tc.glx.BpemTask processCompilerObj(obj , compDir) - Compiling [com.sap.tc.esmp.mm.xsd1.XsdElementDeclaration (Java Type)
  [BpemTask] XSD1.XsdElementDeclaration (MOF Type)
  [BpemTask] PF.DefaultDataArea:DCs/nobelbiocare.com/p_sfdc/pr/pm/re/account_performance/_comp/src/bpmn/p_bpm_001_revenue_account_performance.bpmn#E007956AEC6C38F3FC5E11E68FF60205857FEB80 (MRI)], CompilerType: TYPECOMPILER
  [BpemTask] BC-BMT-BPM-SRV com.sap.tc.glx.BpemTask processCompilerObj(obj , compDir) - Compiling [com.sap.tc.esmp.mm.xsd1.XsdElementDeclaration (Java Type)
  [BpemTask] XSD1.XsdElementDeclaration (MOF Type)
  [BpemTask] PF.DefaultDataArea:DCs/nobelbiocare.com/p_sfdc/pr/pm/re/account_performance/_comp/src/bpmn/p_bpm_001_revenue_account_performance.bpmn#E007956A087CE0C9FC5E11E6A7830205857FEB80 (MRI)], CompilerType: TYPECOMPILER
  [BpemTask] BC-BMT-BPM-SRV com.sap.tc.glx.BpemTask processCompilerObj(obj , compDir) - Compiling [com.sap.tc.esmp.mm.xsd1.XsdElementDeclaration (Java Type)
  [BpemTask] XSD1.XsdElementDeclaration (MOF Type)
  [BpemTask] PF.DefaultDataArea:DCs/nobelbiocare.com/p_sfdc/pr/pm/re/account_performance/_comp/src/bpmn/p_bpm_001_revenue_account_performance.bpmn#E007956A088CA52BFC5E11E6C25C0205857FEB80 (MRI)], CompilerType: TYPECOMPILER
  [BpemTask] BC-BMT-BPM-SRV com.sap.tc.glx.BpemTask processCompilerObj(obj , compDir) - Compiling [com.sap.tc.esmp.mm.xsd1.XsdElementDeclaration (Java Type)
  [BpemTask] XSD1.XsdElementDeclaration (MOF Type)
  [BpemTask] PF.DefaultDataArea:DCs/nobelbiocare.com/p_sfdc/pr/pm/re/account_performance/_comp/src/bpmn/p_bpm_001_revenue_account_performance.bpmn#E007956A77A59130FC5D11E6AC200205857FEB80 (MRI)], CompilerType: TYPECOMPILER
  [BpemTask] BC-BMT-BPM-SRV com.sap.tc.glx.BpemTask processCompilerObj(obj , compDir) - Compiling [com.sap.tc.esmp.mm.xsd1.XsdElementDeclaration (Java Type)
  [BpemTask] XSD1.XsdElementDeclaration (MOF Type)
  [BpemTask] PF.DefaultDataArea:DCs/nobelbiocare.com/p_sfdc/pr/pm/re/account_performance/_comp/src/bpmn/p_bpm_001_revenue_account_performance.bpmn#E007956AEC6EBDBEFC5E11E6B1B30205857FEB80 (MRI)], CompilerType: TYPECOMPILER
  [BpemTask] BC-BMT-BPM-SRV com.sap.tc.glx.BpemTask processCompilerObj(obj , compDir) - Compiling [com.sap.tc.esmp.mm.xsd1.XsdElementDeclaration (Java Type)
  [BpemTask] XSD1.XsdElementDeclaration (MOF Type)
  [BpemTask] PF.DefaultDataArea:DCs/nobelbiocare.com/p_sfdc/pr/pm/re/account_performance/_comp/rep/wsdl/partner.soap.sforce.com.types#E0677A9A6628E4C2FA9111E680740205857FEB80 (MRI), com.sap.tc.esmp.mm.xsd1.XsdElementDeclaration (Java Type)
  [BpemTask] XSD1.XsdElementDeclaration (MOF Type)
  [BpemTask] PF.DefaultDataArea:DCs/nobelbiocare.com/p_sfdc/pr/pm/re/account_performance/_comp/rep/wsdl/nobelbiocare.com.bpm.sfdc.revenue.types#E0677A9A6623F71EFA9111E6CBBC0205857FEB80 (MRI), com.sap.tc.esmp.mm.xsd1.XsdElementDeclaration (Java Type)
  [BpemTask] XSD1.XsdElementDeclaration (MOF Type)
  [BpemTask] PF.DefaultDataArea:DCs/nobelbiocare.com/p_sfdc/pr/pm/re/account_performance/_comp/rep/wsdl/fault.partner.soap.sforce.com.types#E0677A9A66283FB0FA9111E6A7520205857FEB80 (MRI)], CompilerType: TYPECOMPILER
  [BpemTask] BC-BMT-BPM-SRV com.sap.tc.glx.BpemTask processCompilerObj(obj , compDir) - Compiling [com.sap.tc.esmp.mm.xsd1.XsdElementDeclaration (Java Type)
  [BpemTask] XSD1.XsdElementDeclaration (MOF Type)
  [BpemTask] PF.DefaultDataArea:DCs/sap.com/tc/bpem/content/predefs/default/_comp/src/triggers/technicalerror.eventdef#E0EE4DB2B3D5EBBEEAEE11E2BC6C001999A12632 (MRI)], CompilerType: TYPECOMPILER
  [BpemTask] BC-BMT-BPM-SRV com.sap.tc.glx.BpemTask processCompilerObj(obj , compDir) - Compiling com.sap.glx.ide.model.galaxy.workflow.ErrorEventDefinition (Java Type)
  [BpemTask] Galaxy.Workflow.ErrorEventDefinition (MOF Type)
  [BpemTask] PF.DefaultDataArea:DCs/sap.com/tc/bpem/content/predefs/default/_comp/src/triggers/technicalerror.eventdef#E0EE4DB2B3D39C3FEAEE11E2BF54001999A12632 (MRI), CompilerType: EXCEPTIONCOMPILER
  [BpemTask] BC-BMT-BPM-SRV com.sap.tc.glx.BpemTask processCompilerObj(obj , compDir) - Compiling com.sap.glx.ide.model.galaxy.workflow.Collaboration (Java Type)
  [BpemTask] Galaxy.Workflow.Collaboration (MOF Type)
  [BpemTask] PF.DefaultDataArea:DCs/nobelbiocare.com/p_sfdc/pr/pm/re/account_performance/_comp/src/bpmn/p_bpm_001_revenue_account_performance.bpmn#E0559EB254DAAE3DE9E611E6CB3A00FFC53F5B0A (MRI), CompilerType: BPMN2CSVCOMPILER
  [BpemTask] Compiling process 'Revenue Account Performance' ...
  [BpemTask] Node 'SWITCH_Revenue_Account_Performance_token_state_wo_suspend_1' of the generated triggernet has no outgoing connector.
  [BpemTask] Transforming Trigger Network into CSV...
  [BpemTask] Node 'SWITCH_Revenue_Account_Performance_token_state_wo_suspend_1' of the generated triggernet has no outgoing connector.
  [BpemTask] WS Provisioning post processing started for %d artifacts found.
  [BpemTask] 1
  [BpemTask] Modelled endpoint for post processing found (service '%s', operation '%s', interface '{%s}%s'.
  [BpemTask] nobelbiocare.com/p_sfdc/pr/pm/re/account_performance/TR_Start_Revenue_Acc_Performance
  [BpemTask] MI280_BPM_CustomerPerformance_Push_ia
  [BpemTask] http://nobelbiocare.com/BPM/SFDC/Revenue
  [BpemTask] MI280_BPM_CustomerPerformance_Push_ia
  [BpemTask] Modelled endpoint for post processing found (service '%s', operation '%s', interface '{%s}%s'.
  [BpemTask] nobelbiocare.com/p_sfdc/pr/pm/re/account_performance/TR_Start_Revenue_Account_Performance
  [BpemTask] MI280_BPM_CustomerPerformance_Push_ia
  [BpemTask] http://nobelbiocare.com/BPM/SFDC/Revenue
  [BpemTask] MI280_BPM_CustomerPerformance_Push_ia
  [BpemTask] Writing WSDL location '%s' to file '%s'.
  [BpemTask] src/wsdl/MI280_BPM_CustomerPerformance_Push_ia.wsdl
  [BpemTask] META-INF/wsdl/nobelbiocarecom2Fpsfdc2Fpr2Fpm2Fre2Faccountperformance2FTRStartRevenueAccountPerformance/src/wsdl/MI280_BPM_CustomerPerformance_Push_ia.wsdl
  [BpemTask] Writing WSDL location '%s' to file '%s'.
  [BpemTask] src/wsdl/MI280_BPM_CustomerPerformance_Push_ia.wsdl
  [BpemTask] META-INF/wsdl/nobelbiocarecom2Fpsfdc2Fpr2Fpm2Fre2Faccountperformance2FTRStartRevenueAccPerformance/src/wsdl/MI280_BPM_CustomerPerformance_Push_ia.wsdl
  [BpemTask] Creating metadata for service url '%s'.
  [BpemTask] /bpm/nobelbiocarecom/psfdc/pr/pm/re/accountperformance/TRStartRevenueAccPerformance
  [BpemTask] Creating metadata for service url '%s'.
  [BpemTask] /bpm/nobelbiocarecom/psfdc/pr/pm/re/accountperformance/TRStartRevenueAccountPerformance
  [BpemTask] BC-BMT-BPM-SRV com.sap.glx.paradigmInterface.util.GenerateSDA generateArchive(outArchive, srcDir) - D:\Users\pedro.jimenez\Desktop\Nobel\nwds-extsoa-7.3-EHP1-SP17-PAT0000-win32\eclipse\workspace.jdi\LocalDevelopment\t2\283B6781D4BB117836D333CA9FFED0B7\default\deploy\ctx\nobelbiocare.com~p_sfdc~pr~pm~re~account_performance.wsar archive is generated
  [BpemTask] BC-BMT-BPM-SRV com.sap.glx.paradigmInterface.util.GenerateSDA copyMcArchive(File publicFolder) -Including Mass Configuration archive into sda
  [BpemTask] BC-BMT-BPM-SRV com.sap.glx.paradigmInterface.util.GenerateSDA copyScdlFiles(File scdlFolder) - Including SCDL files into sda
  [BpemTask] BC-BMT-BPM-SRV com.sap.glx.paradigmInterface.util.GenerateSDA getSubdirFiles(String parent, File subdir)  - copyFile: D:\Users\pedro.jimenez\Desktop\Nobel\nwds-extsoa-7.3-EHP1-SP17-PAT0000-win32\eclipse\workspace.jdi\LocalDevelopment\t2\283B6781D4BB117836D333CA9FFED0B7\default\deploy\ctx/p_sfdc~pr~pm~re~account_performance.composite
  [BpemTask] BC-BMT-BPM-SRV com.sap.glx.paradigmInterface.util.GenerateSDA getSubdirFiles(String parent, File subdir)  - copyFile: D:\Users\pedro.jimenez\Desktop\Nobel\nwds-extsoa-7.3-EHP1-SP17-PAT0000-win32\eclipse\workspace.jdi\LocalDevelopment\t2\283B6781D4BB117836D333CA9FFED0B7\default\deploy\ctx/sca-contribution.xml
  [BpemTask] BC-BMT-BPM-SRV com.sap.glx.paradigmInterface.util.GenerateSDA copyScdlGlobalizationFiles(File scdlXlfFolder) - Including SCDL globalization files into sda
  [BpemTask] BC-BMT-BPM-SRV com.sap.glx.paradigmInterface.util.GenerateSDA copyScdlGlobalizationFiles(File scdlXlfFolder) - copyFile: D:\Users\pedro.jimenez\Desktop\Nobel\nwds-extsoa-7.3-EHP1-SP17-PAT0000-win32\eclipse\workspace.jdi\LocalDevelopment\t2\283B6781D4BB117836D333CA9FFED0B7\default\deploy\ctx/839b3294-7da5-4048-b90b-b5ac2726e0a9.consgroup.properties
  [BpemTask] BC-BMT-BPM-SRV com.sap.glx.paradigmInterface.util.GenerateSDA copyScdlGlobalizationFiles(File scdlXlfFolder) - copyFile: D:\Users\pedro.jimenez\Desktop\Nobel\nwds-extsoa-7.3-EHP1-SP17-PAT0000-win32\eclipse\workspace.jdi\LocalDevelopment\t2\283B6781D4BB117836D333CA9FFED0B7\default\deploy\ctx/a2f5350e-fe6e-4aca-b213-501ab3ddfd08.consgroup.properties
  [BpemTask] BC-BMT-BPM-SRV com.sap.glx.paradigmInterface.util.GenerateSDA copyScdlGlobalizationFiles(File scdlXlfFolder) - copyFile: D:\Users\pedro.jimenez\Desktop\Nobel\nwds-extsoa-7.3-EHP1-SP17-PAT0000-win32\eclipse\workspace.jdi\LocalDevelopment\t2\283B6781D4BB117836D333CA9FFED0B7\default\deploy\ctx/Business or Technical User.authprofile.properties
  [BpemTask] BC-BMT-BPM-SRV com.sap.glx.paradigmInterface.util.GenerateSDA copyScdlGlobalizationFiles(File scdlXlfFolder) - copyFile: D:\Users\pedro.jimenez\Desktop\Nobel\nwds-extsoa-7.3-EHP1-SP17-PAT0000-win32\eclipse\workspace.jdi\LocalDevelopment\t2\283B6781D4BB117836D333CA9FFED0B7\default\deploy\ctx/Business User.authprofile.properties
  [BpemTask] BC-BMT-BPM-SRV com.sap.glx.paradigmInterface.util.GenerateSDA copyScdlGlobalizationFiles(File scdlXlfFolder) - copyFile: D:\Users\pedro.jimenez\Desktop\Nobel\nwds-extsoa-7.3-EHP1-SP17-PAT0000-win32\eclipse\workspace.jdi\LocalDevelopment\t2\283B6781D4BB117836D333CA9FFED0B7\default\deploy\ctx/No Authentication.authprofile.properties
  [BpemTask] BC-BMT-BPM-SRV com.sap.glx.paradigmInterface.util.GenerateSDA copyScdlGlobalizationFiles(File scdlXlfFolder) - copyFile: D:\Users\pedro.jimenez\Desktop\Nobel\nwds-extsoa-7.3-EHP1-SP17-PAT0000-win32\eclipse\workspace.jdi\LocalDevelopment\t2\283B6781D4BB117836D333CA9FFED0B7\default\deploy\ctx/Technical User.authprofile.properties
  [BpemTask] BC-BMT-BPM-SRV com.sap.glx.paradigmInterface.util.GenerateSDA execute(name, vendor, location, version, srcDir) -Generating SDA...
  [BpemTask] BC-BMT-BPM-SRV com.sap.glx.paradigmInterface.util.GenerateSDA generateArchive(outArchive, srcDir) - D:\Users\pedro.jimenez\Desktop\Nobel\nwds-extsoa-7.3-EHP1-SP17-PAT0000-win32\eclipse\workspace.jdi\LocalDevelopment\t2\283B6781D4BB117836D333CA9FFED0B7\default\deploy\ctx\nobelbiocare.com~p_sfdc~pr~pm~re~account_performance.bpem archive is generated
[MOINShutdown] About to shutdown MOIN...
[MOINShutdown] MOIN shut down in 94 milliseconds.
    [delete] Deleting directory D:\Users\pedro.jimenez\Desktop\Nobel\nwds-extsoa-7.3-EHP1-SP17-PAT0000-win32\eclipse\workspace.jdi\LocalDevelopment\t2\283B6781D4BB117836D333CA9FFED0B7\default\deploy\ctx
    [delete] Deleting: D:\Users\pedro.jimenez\Desktop\Nobel\nwds-extsoa-7.3-EHP1-SP17-PAT0000-win32\eclipse\workspace.jdi\LocalDevelopment\t2\283B6781D4BB117836D333CA9FFED0B7\default\deploy\sda-dd.xml
 
createPublicParts:
  [pppacker] Packing public part 'def_cmp'
  [pppacker] DC being built: p_sfdc/pr/pm/re/account_performance
  [pppacker] Searching for entity: mc.
  [pppacker] Checking path: mc
  [pppacker] Checking path: rep
  [pppacker] Checking path: src
  [pppacker] Packed  13 files for entity mc (Model Folder Tree)
  [pppacker] DC being built: p_sfdc/pr/pm/re/account_performance
  [pppacker] Searching for entity: rep.
  [pppacker] Checking path: mc
  [pppacker] Checking path: rep
  [pppacker] Checking path: src
  [pppacker] Packed   4 files for entity rep (Model Folder Tree)
  [pppacker] DC being built: p_sfdc/pr/pm/re/account_performance
  [pppacker] Searching for entity: src.
  [pppacker] Checking path: mc
  [pppacker] Checking path: rep
  [pppacker] Checking path: src
  [pppacker] Packed  19 files for entity src (Model Folder Tree)
  [pppacker] Packed 3 entities for public part 'def_cmp'
     [timer] Packing of public part 'def_cmp' finished in 0.227 seconds
 
 
build:
 
Ant runtime 14.409 seconds
 
Ant build finished OK
MOIN forced shutdown initiated.
 
Build plugin finished at 2017-11-14 10:33:00 GMT+01:00 (CET)
Total build plugin runtime: 14.862 seconds
 
Build finished with WARNING

==== Post-Processing ====   started at 2017-11-14 10:33:00.173 CET
Comparison of previous and actual build results took: 0.034 seconds

Copy the build results 
  from: D:\Users\pedro.jimenez\Desktop\Nobel\nwds-extsoa-7.3-EHP1-SP17-PAT0000-win32\eclipse\workspace.jdi\LocalDevelopment\t2\283B6781D4BB117836D333CA9FFED0B7\default\
  to:   D:\Users\pedro.jimenez\Desktop\Nobel\nwds-extsoa-7.3-EHP1-SP17-PAT0000-win32\eclipse\workspace.jdi\LocalDevelopment\SC_SFDC\nobelbiocare.com\p_sfdc\pr\pm\re\account_performance\_comp\gen\default\

The build results of the following public parts were not copied, since they have not changed:
  def_cmp