Development Component Build (2017-11-16 16:23:49 GMT+01:00 (CET))
  Component name: sc_teac
  Component vendor: nobelbiocare.com
  SC compartment: SC_TEAC
  Configuration: LocalDevelopment
  Location: localDevelopment
  Source code location: 3508452@MAD-LROMERODA
  DC root folder: C:\NWDS74_SP17(for 12)\eclipse\workspace__TEST.jdi\LocalDevelopment\SC_TEAC\nobelbiocare.com\sc_teac\_comp\
  DC type: Software Component Description
  Host: MAD-LROMERODA

DC Model check:
   DC is available locally
   validating dependency to build plugin "sap.com/tc/bi/bp/scdef"
   DC model check OK

Start build plugin:
   using build plugin: sap.com/tc/bi/bp/scdef
   starting build plugin from : C:\NWDS74_SP17(for 12)\eclipse\workspace__TEST.jdi\LocalDevelopment\SAP_BUILDT\sap.com\tc\bi\bp\scdef\_comp\gen\default\public\def\



Build Plugin 'sap.com/tc/bi/bp/scdef', Version 7.30 SP 17 (NW731CORE_17_REL, built on 2015-09-16 20:53:16 +0200, CL209430)
   development component:  sc_teac (nobelbiocare.com)
      software component:  SC_TEAC (nobelbiocare.com)
       support component:  NONE
                location:  localDevelopment
                    type:  Software Component Description
           build variant:  default
         source location:  3508452@MAD-LROMERODA
         output location:  C:\NWDS74_SP17(for 12)\eclipse\workspace__TEST.jdi\LocalDevelopment\t2\118D2FE710AFE9249B005FDDC8B7C04B\default
       generation folder:  C:\NWDS74_SP17(for 12)\eclipse\workspace__TEST.jdi\LocalDevelopment\t\118D2FE710AFE9249B005FDDC8B7C04B
       plugin start time:  2017-11-16 16:23:49 GMT+01:00 (CET)
                 Java VM:  Java HotSpot(TM) Client VM, 20.13-b02 (1.6, Sun Microsystems Inc.)


General options:
  convert *.xlf to *.properties: yes
  include sources for debugging: yes
 


Checking path lengths for sources
Path length checks finished in 0 seconds
 
Preparing data context..
Data context preparation finished in 0.021 seconds
 
Creating Ant build file..
  Creating output file: C:\NWDS74_SP17(for 12)\eclipse\workspace__TEST.jdi\LocalDevelopment\t2\118D2FE710AFE9249B005FDDC8B7C04B\default\logs\build.xml
  Using Java class:     com.sap.tc.buildplugin.scdef.ScdefBuildFileCreator
  +++ com.sap.tc.buildplugin.scdef.ScdefBuildFileCreator: chainName: sap.com~sl.scdef_chain
  +++ forcing SDA creation, DC does not contain complete product model
Build file creation finished in 0.045 seconds
 
Starting Ant..
  Using build file:     C:\NWDS74_SP17(for 12)\eclipse\workspace__TEST.jdi\LocalDevelopment\t2\118D2FE710AFE9249B005FDDC8B7C04B\default\logs\build.xml
  Using build target:   build
  Using Ant version:    1.7.1
 
translate:
      [echo] +++ com.sap.tc.buildplugin.scdef.ScdefTaskGenerator: taskName: ScdefGeneratorTask
      [echo] localContext: com.sap.tc.buildplugin.util.DataContext@171c3ed
      [echo] inputPaths: {compile_pp=[], source=[C:\NWDS74_SP17(for 12)\eclipse\workspace__TEST.jdi\LocalDevelopment\SC_TEAC\nobelbiocare.com\sc_teac\_comp\src]}
      [echo] outputPaths: {default=C:\NWDS74_SP17(for 12)\eclipse\workspace__TEST.jdi\LocalDevelopment\t\118D2FE710AFE9249B005FDDC8B7C04B\testoutput, packdir=C:\NWDS74_SP17(for 12)\eclipse\workspace__TEST.jdi\LocalDevelopment\t\118D2FE710AFE9249B005FDDC8B7C04B\sld_pack01, tempdir=C:\NWDS74_SP17(for 12)\eclipse\workspace__TEST.jdi\LocalDevelopment\t\118D2FE710AFE9249B005FDDC8B7C04B\sld_temp01}
      [echo] usedPaths: {}
      [echo] parameters: {outputFolderName=testoutput}
      [echo] File(source): C:\NWDS74_SP17(for 12)\eclipse\workspace__TEST.jdi\LocalDevelopment\SC_TEAC\nobelbiocare.com\sc_teac\_comp\src
[ScdefGeneratorTask] Executing inside of com.sap.tc.buildplugin.scdef.ScdefValidator...
[ScdefGeneratorTask] packDir: C:\NWDS74_SP17(for 12)\eclipse\workspace__TEST.jdi\LocalDevelopment\t\118D2FE710AFE9249B005FDDC8B7C04B\sld_pack01
[ScdefGeneratorTask] tempDir: C:\NWDS74_SP17(for 12)\eclipse\workspace__TEST.jdi\LocalDevelopment\t\118D2FE710AFE9249B005FDDC8B7C04B\sld_temp01
 
createPublicParts:
  [pppacker] Packing public part 'default'
  [pppacker] Packed   1 file  for entity / (Folder)
  [pppacker] Packed 1 entity for public part 'default'
     [timer] Packing of public part 'default' finished in 0.02 seconds
 
 
createDeployArchive:
       [cda] Preparing archive for deploy unit "default"
       [cda]   deployment type: "CONTENT" / "SL-SDA"
       [cda]   deploy options:
       [cda]     software-type = CONTENT
       [cda]     software-subtype = SL-SDA
 
       [cda] Creating Ant build file: C:\NWDS74_SP17(for 12)\eclipse\workspace__TEST.jdi\LocalDevelopment\t2\118D2FE710AFE9249B005FDDC8B7C04B\default\logs\buildDeployArchive.xml
 
 
       [cda] Collecting modules ...
       [cda] Ant build file creation finished in 0.022 seconds
 
packDeployArchive:
 [srcpacker] Creating source archive
 [srcpacker] No sources available for packing, no archive will be created.
     [timer] Source archive creation finished in 0.019 seconds
 
    [jarsap] Info: JarSAP version 20090803.1000
    [jarsap] Info: JarSAPProcessing version 20090907.1000 / JarSL version 20100616.1800
    [jarsap] Building: C:\NWDS74_SP17(for 12)\eclipse\workspace__TEST.jdi\LocalDevelopment\t2\118D2FE710AFE9249B005FDDC8B7C04B\default\deploy\nobelbiocare.com~sc_teac.sda with compression
     [timer] JarSAP finished in 0.032 seconds
 
 
build:
 
Ant runtime 0.139 seconds
 
Ant build finished OK
 
Build plugin finished at 2017-11-16 16:23:50 GMT+01:00 (CET)
Total build plugin runtime: 0.373 seconds
 
Build finished OK

==== Post-Processing ====   started at 2017-11-16 16:23:50.294 CET
Comparison of previous and actual build results took: 0.008 seconds

Copy the build results 
  from: C:\NWDS74_SP17(for 12)\eclipse\workspace__TEST.jdi\LocalDevelopment\t2\118D2FE710AFE9249B005FDDC8B7C04B\default\
  to:   C:\NWDS74_SP17(for 12)\eclipse\workspace__TEST.jdi\LocalDevelopment\SC_TEAC\nobelbiocare.com\sc_teac\_comp\gen\default\
