Development Component Build (2017-09-11 14:17:39 GMT+01:00 (CEST))
  Component name: rfid/j2ee/ear/getevents
  Component vendor: nobelbiocare.com
  SC compartment: SC_RFID_CABINET
  Configuration: LocalDevelopment
  Location: localDevelopment
  Source code location: pedro.jimenez@MADNB2016
  DC root folder: D:\Users\pedro.jimenez\Desktop\Nobel\nwds-extsoa-7.3-EHP1-SP17-PAT0000-win32\eclipse\workspace.jdi\LocalDevelopment\SC_RFID_CABINET\nobelbiocare.com\rfid\j2ee\ear\getevents\_comp\
  DC type: J2EE
  DC subtype: Enterprise Application
  Host: MADNB2016

DC Model check:
   DC is available locally
   validating dependency to build plugin "sap.com/tc/bi/bp/enterpriseApplication"
   validating dependency to  public part "ejbjar" of DC "nobelbiocare.com/rfid/j2ee/ejb/getevents"
   DC model check OK

Start build plugin:
   using build plugin: sap.com/tc/bi/bp/enterpriseApplication
   starting build plugin from : D:\Users\pedro.jimenez\Desktop\Nobel\nwds-extsoa-7.3-EHP1-SP17-PAT0000-win32\eclipse\workspace.jdi\LocalDevelopment\SAP_BUILDT\sap.com\tc\bi\bp\enterpriseApplication\_comp\gen\default\public\enterpriseApplication\



Build Plugin 'EnterpriseApplicationPlugin', Version 7.30 SP 17 (NW731CORE_17_REL, built on 2015-09-16 20:50:02 +0200, CL209430)
   development component:  rfid/j2ee/ear/getevents (nobelbiocare.com)
      software component:  SC_RFID_CABINET (nobelbiocare.com)
                location:  localDevelopment
                    type:  J2EE, subtype Enterprise Application
           build variant:  default
         source location:  pedro.jimenez@MADNB2016
         output location:  D:\Users\pedro.jimenez\Desktop\Nobel\nwds-extsoa-7.3-EHP1-SP17-PAT0000-win32\eclipse\workspace.jdi\LocalDevelopment\t2\964F9E64D972E8C8238B695D15B29093\default
       generation folder:  D:\Users\pedro.jimenez\Desktop\Nobel\nwds-extsoa-7.3-EHP1-SP17-PAT0000-win32\eclipse\workspace.jdi\LocalDevelopment\t\964F9E64D972E8C8238B695D15B29093
       plugin start time:  2017-09-11 14:17:39 GMT+02:00 (CEST)
                 Java VM:  Java HotSpot(TM) Client VM, 20.45-b01 (1.6, Sun Microsystems Inc.)


General options:
  convert *.xlf to *.properties: yes
  include sources for debugging: yes
 


Checking path lengths for sources
Path length checks finished in 0.001 seconds
 
Preparing data context..
Data context preparation finished in 0.007 seconds
 
Creating Ant build file..
  Creating output file: D:\Users\pedro.jimenez\Desktop\Nobel\nwds-extsoa-7.3-EHP1-SP17-PAT0000-win32\eclipse\workspace.jdi\LocalDevelopment\t2\964F9E64D972E8C8238B695D15B29093\default\logs\build.xml
  Using Java class:     com.sap.tc.buildplugin.BuildEnterpriseApplication
Target "createDeployArchive" has a dependency on "compile" but no such target exists. Dependency will be ignored.
Build file creation finished in 0.028 seconds
 
Starting Ant..
  Using build file:     D:\Users\pedro.jimenez\Desktop\Nobel\nwds-extsoa-7.3-EHP1-SP17-PAT0000-win32\eclipse\workspace.jdi\LocalDevelopment\t2\964F9E64D972E8C8238B695D15B29093\default\logs\build.xml
  Using build target:   build
  Using Ant version:    1.7.1
 
createDeployArchive:
       [cdu] Preparing archive for deploy unit "default"
       [cdu]   deployment type: "J2EE"
 
       [cdu] Creating Ant build file: D:\Users\pedro.jimenez\Desktop\Nobel\nwds-extsoa-7.3-EHP1-SP17-PAT0000-win32\eclipse\workspace.jdi\LocalDevelopment\t2\964F9E64D972E8C8238B695D15B29093\default\logs\buildDeployArchive.xml
 
       [cdu] Creating descriptor META-INF/sda-dd.xml ...
 
       [cdu] Skipping creation of application.xml for JEE5 archive.
 
       [cdu] Validating descriptor D:\Users\pedro.jimenez\Desktop\Nobel\nwds-extsoa-7.3-EHP1-SP17-PAT0000-win32\eclipse\workspace.jdi\LocalDevelopment\SC_RFID_CABINET\nobelbiocare.com\rfid\j2ee\ear\getevents\_comp\META-INF\application-j2ee-engine.xml
       [cdu] Setting provider name to "nobelbiocare.com".
       [cdu] Adding module "nobelbiocare.com~rfid~j2ee~ejb~getevents.jar" with container type "scheduler~container".
       [cdu] No component dependency exists for reference to "scheduler~runtime" (sap.com).
 
       [cdu] Collecting modules ...
       [cdu] Adding module 'nobelbiocare.com~rfid~j2ee~ejb~getevents.jar' from DC 'rfid/j2ee/ejb/getevents' (vendor 'nobelbiocare.com'), public part 'ejbjar'
       [cdu] Missing deploy-time dependency for hard runtime reference to "scheduler~runtime" (vendor "sap.com").
       [cdu] Ant build file creation finished in 0.049 seconds
 
packDeployArchive:
 [srcpacker] Creating source archive
 [srcpacker] Adding source archive from nobelbiocare.com~rfid/j2ee/ejb/getevents
     [timer] Source archive creation finished in 0.044 seconds
 
    [jarsap] Info: JarSAP version 20090803.1000
    [jarsap] Info: JarSAPProcessing version 20090907.1000 / JarSL version 20100616.1800
    [jarsap] Building: D:\Users\pedro.jimenez\Desktop\Nobel\nwds-extsoa-7.3-EHP1-SP17-PAT0000-win32\eclipse\workspace.jdi\LocalDevelopment\t2\964F9E64D972E8C8238B695D15B29093\default\deploy\nobelbiocare.com~rfid~j2ee~ear~getevents.ear with compression
     [timer] JarSAP finished in 0.125 seconds
 
 
build:
 
Ant runtime 0.313 seconds
 
Ant build finished OK
 
Build plugin finished at 2017-09-11 14:17:40 GMT+02:00 (CEST)
Total build plugin runtime: 0.442 seconds
 
Build finished with WARNING

==== Post-Processing ====   started at 2017-09-11 14:17:40.400 CEST
Comparison of previous and actual build results took: 0 seconds

Copy the build results 
  from: D:\Users\pedro.jimenez\Desktop\Nobel\nwds-extsoa-7.3-EHP1-SP17-PAT0000-win32\eclipse\workspace.jdi\LocalDevelopment\t2\964F9E64D972E8C8238B695D15B29093\default\
  to:   D:\Users\pedro.jimenez\Desktop\Nobel\nwds-extsoa-7.3-EHP1-SP17-PAT0000-win32\eclipse\workspace.jdi\LocalDevelopment\SC_RFID_CABINET\nobelbiocare.com\rfid\j2ee\ear\getevents\_comp\gen\default\
